2018-05-18 10:26:06:635 Info: > Scanner: initialized.
2018-05-18 10:26:06:682 Info: > Scanner_ProcessReceive: started receiving data.
2018-05-18 10:26:06:729 Info: > normalise13
2018-05-18 10:26:06:744 Info: > normalise4
2018-05-18 10:26:06:822 Info: > normalise0
2018-05-18 10:26:06:900 Info: > normalise4
2018-05-18 10:26:06:994 Info: > normalise14
2018-05-18 10:26:07:057 Info: > normalise4
2018-05-18 10:26:07:135 Info: > normalise4
2018-05-18 10:26:07:213 Info: > normalise4
2018-05-18 10:26:07:291 Info: > normalise4
2018-05-18 10:26:07:369 Info: > normalise4
2018-05-18 10:26:07:447 Info: > normalise4
2018-05-18 10:26:07:541 Info: > normalise4
2018-05-18 10:26:07:619 Info: > normalise4
2018-05-18 10:26:07:697 Info: > normalise4
2018-05-18 10:26:07:775 Info: > normalise4
2018-05-18 10:26:07:854 Info: > normalise4
2018-05-18 10:26:07:932 Info: > normalise4
2018-05-18 10:26:08:010 Info: > normalise4
2018-05-18 10:26:08:088 Info: > normalise4
2018-05-18 10:26:08:182 Error: > ScannerFunctionality_NormalizationByTime: Index was outside the bounds of the array.
2018-05-18 10:26:08:182 Info: > normalise16
2018-05-18 10:26:08:244 Info: > normalise4
2018-05-18 10:26:08:338 Info: > normalise4
2018-05-18 10:26:08:416 Info: > normalise4
2018-05-18 10:26:08:494 Info: > normalise4
2018-05-18 10:26:08:572 Info: > normalise4
2018-05-18 10:26:08:650 Info: > normalise4
2018-05-18 10:26:08:729 Info: > normalise4
2018-05-18 10:26:08:807 Info: > normalise4
2018-05-18 10:26:08:885 Info: > normalise4
2018-05-18 10:26:08:963 Info: > normalise4
2018-05-18 10:26:09:041 Info: > normalise4
2018-05-18 10:26:09:119 Info: > normalise4
2018-05-18 10:26:09:213 Info: > normalise3
2018-05-18 10:26:09:291 Info: > normalise4
2018-05-18 10:26:09:369 Error: > ScannerFunctionality_NormalizationByTime: Index was outside the bounds of the array.
2018-05-18 10:26:09:369 Info: > normalise9
2018-05-18 10:26:09:447 Info: > normalise4
2018-05-18 10:26:09:525 Info: > normalise4
2018-05-18 10:26:09:604 Info: > normalise4
2018-05-18 10:26:09:682 Info: > normalise4
2018-05-18 10:26:09:760 Info: > normalise4
2018-05-18 10:26:09:838 Info: > normalise4
2018-05-18 10:26:09:916 Info: > normalise4
2018-05-18 10:26:10:010 Info: > normalise4
2018-05-18 10:26:10:088 Info: > normalise4
2018-05-18 10:26:10:166 Info: > normalise4
2018-05-18 10:26:10:244 Info: > normalise4
2018-05-18 10:26:10:322 Info: > normalise4
2018-05-18 10:26:10:401 Info: > normalise4
2018-05-18 10:26:10:479 Info: > normalise4
2018-05-18 10:26:10:557 Info: > normalise4
2018-05-18 10:26:10:635 Info: > normalise4
2018-05-18 10:26:10:713 Info: > normalise4
2018-05-18 10:26:10:791 Info: > normalise4
2018-05-18 10:26:10:885 Info: > normalise4
2018-05-18 10:26:10:963 Info: > normalise4
2018-05-18 10:26:11:041 Info: > normalise4
2018-05-18 10:26:11:119 Info: > normalise4
2018-05-18 10:26:11:197 Info: > normalise4
2018-05-18 10:26:11:276 Info: > normalise4
2018-05-18 10:26:11:354 Error: > ScannerFunctionality_NormalizationByTime: Index was outside the bounds of the array.
2018-05-18 10:26:11:354 Info: > normalise9
2018-05-18 10:26:11:432 Info: > normalise4
2018-05-18 10:26:11:510 Info: > normalise4
2018-05-18 10:26:11:588 Info: > normalise4
2018-05-18 10:26:11:666 Info: > normalise4
2018-05-18 10:26:11:760 Info: > normalise7
2018-05-18 10:26:11:838 Info: > normalise4
2018-05-18 10:26:11:916 Info: > normalise4
2018-05-18 10:26:11:994 Info: > normalise9
2018-05-18 10:26:12:072 Info: > normalise4
2018-05-18 10:26:12:151 Info: > normalise4
2018-05-18 10:26:12:229 Info: > normalise4
2018-05-18 10:26:12:307 Info: > normalise4
2018-05-18 10:26:12:385 Info: > normalise4
2018-05-18 10:26:12:463 Info: > normalise4
2018-05-18 10:26:12:557 Error: > ScannerFunctionality_NormalizationByTime: Index was outside the bounds of the array.
2018-05-18 10:26:12:557 Info: > normalise9
2018-05-18 10:26:12:635 Info: > normalise4
2018-05-18 10:26:12:713 Info: > normalise3
2018-05-18 10:26:12:791 Info: > normalise4
2018-05-18 10:26:12:869 Info: > normalise4
2018-05-18 10:26:12:947 Info: > normalise4
2018-05-18 10:26:13:025 Info: > normalise4
2018-05-18 10:26:13:104 Info: > normalise4
2018-05-18 10:26:13:182 Info: > normalise4
2018-05-18 10:26:13:260 Info: > normalise4
2018-05-18 10:26:13:354 Info: > normalise4
2018-05-18 10:26:13:432 Info: > normalise3
2018-05-18 10:26:13:510 Info: > normalise4
2018-05-18 10:26:13:588 Info: > normalise4
2018-05-18 10:26:13:666 Info: > normalise4
2018-05-18 10:26:13:744 Info: > normalise5
2018-05-18 10:26:13:822 Info: > normalise4
2018-05-18 10:26:13:900 Info: > normalise4
2018-05-18 10:26:13:979 Info: > normalise3
2018-05-18 10:26:14:057 Info: > normalise4
2018-05-18 10:26:14:150 Info: > normalise6
2018-05-18 10:26:14:229 Info: > normalise4
2018-05-18 10:26:14:307 Info: > normalise4
2018-05-18 10:26:14:385 Info: > normalise4
2018-05-18 10:26:14:463 Info: > normalise4
2018-05-18 10:26:14:541 Error: > ScannerFunctionality_NormalizationByTime: Index was outside the bounds of the array.
2018-05-18 10:26:14:541 Info: > normalise9
2018-05-18 10:26:14:619 Info: > normalise4
2018-05-18 10:26:14:697 Info: > normalise4
2018-05-18 10:26:14:775 Info: > normalise4
2018-05-18 10:26:14:854 Info: > normalise1
2018-05-18 10:26:14:932 Info: > normalise4
2018-05-18 10:26:15:025 Info: > normalise4
2018-05-18 10:26:15:104 Info: > normalise4
2018-05-18 10:26:15:182 Info: > normalise4
2018-05-18 10:26:15:260 Info: > normalise4
2018-05-18 10:26:15:338 Info: > normalise4
2018-05-18 10:26:15:416 Info: > normalise4
2018-05-18 10:26:15:494 Info: > normalise4
2018-05-18 10:26:15:572 Info: > normalise4
2018-05-18 10:26:15:650 Info: > normalise4
2018-05-18 10:26:15:744 Error: > ScannerFunctionality_NormalizationByTime: Index was outside the bounds of the array.
2018-05-18 10:26:15:744 Info: > normalise9
2018-05-18 10:26:15:807 Info: > normalise4
2018-05-18 10:26:15:901 Info: > normalise4
2018-05-18 10:26:15:979 Info: > normalise3
2018-05-18 10:26:16:057 Info: > normalise4
2018-05-18 10:26:16:135 Info: > normalise4
2018-05-18 10:26:16:213 Info: > normalise4
2018-05-18 10:26:16:291 Info: > normalise4
2018-05-18 10:26:16:369 Info: > normalise4
2018-05-18 10:26:16:447 Info: > normalise4
2018-05-18 10:26:16:526 Info: > normalise4
2018-05-18 10:26:16:604 Info: > normalise4
2018-05-18 10:26:16:697 Info: > normalise4
2018-05-18 10:26:16:776 Info: > normalise4
2018-05-18 10:26:16:854 Info: > normalise4
2018-05-18 10:26:16:932 Info: > normalise4
2018-05-18 10:26:17:010 Info: > normalise4
2018-05-18 10:26:17:088 Info: > normalise4
2018-05-18 10:26:17:166 Info: > normalise4
2018-05-18 10:26:17:244 Info: > normalise4
2018-05-18 10:26:17:322 Info: > normalise4
2018-05-18 10:26:17:400 Info: > normalise4
2018-05-18 10:26:17:479 Info: > normalise4
2018-05-18 10:26:17:572 Info: > normalise3
2018-05-18 10:26:17:650 Info: > normalise4
2018-05-18 10:26:17:729 Error: > ScannerFunctionality_NormalizationByTime: Index was outside the bounds of the array.
2018-05-18 10:26:17:729 Info: > normalise11
2018-05-18 10:26:17:807 Info: > normalise4
2018-05-18 10:26:17:885 Info: > normalise4
2018-05-18 10:26:17:963 Info: > normalise4
2018-05-18 10:26:18:041 Info: > normalise4
2018-05-18 10:26:18:119 Info: > normalise4
2018-05-18 10:26:18:197 Info: > normalise4
2018-05-18 10:26:18:276 Info: > normalise4
2018-05-18 10:26:18:369 Info: > normalise4
2018-05-18 10:26:18:447 Info: > normalise3
2018-05-18 10:26:18:526 Info: > normalise4
2018-05-18 10:26:18:604 Info: > normalise4
2018-05-18 10:26:18:682 Info: > normalise4
2018-05-18 10:26:18:760 Info: > normalise4
2018-05-18 10:26:18:838 Info: > normalise4
2018-05-18 10:26:18:916 Error: > ScannerFunctionality_NormalizationByTime: Index was outside the bounds of the array.
2018-05-18 10:26:18:916 Info: > normalise9
2018-05-18 10:26:18:994 Info: > normalise4
2018-05-18 10:26:19:072 Info: > normalise4
2018-05-18 10:26:19:151 Info: > normalise3
2018-05-18 10:26:19:244 Info: > normalise4
2018-05-18 10:26:19:322 Info: > normalise5
2018-05-18 10:26:19:400 Info: > normalise4
2018-05-18 10:26:19:479 Info: > normalise4
2018-05-18 10:26:19:557 Info: > normalise4
2018-05-18 10:26:19:635 Info: > normalise4
2018-05-18 10:26:19:713 Info: > normalise4
2018-05-18 10:26:19:791 Info: > normalise4
2018-05-18 10:26:19:869 Info: > normalise4
2018-05-18 10:26:19:947 Info: > normalise4
2018-05-18 10:26:20:026 Info: > normalise4
2018-05-18 10:26:20:119 Info: > normalise6
2018-05-18 10:26:20:197 Info: > normalise4
2018-05-18 10:26:20:275 Info: > normalise4
2018-05-18 10:26:20:354 Info: > normalise4
2018-05-18 10:26:20:432 Info: > normalise4
2018-05-18 10:26:20:510 Info: > normalise4
2018-05-18 10:26:20:588 Info: > normalise4
2018-05-18 10:26:20:666 Info: > normalise4
2018-05-18 10:26:20:744 Info: > normalise4
2018-05-18 10:26:20:822 Info: > normalise4
2018-05-18 10:26:20:916 Error: > ScannerFunctionality_NormalizationByTime: Index was outside the bounds of the array.
2018-05-18 10:26:20:916 Info: > normalise10
2018-05-18 10:26:20:994 Info: > normalise4
2018-05-18 10:26:21:072 Info: > normalise4
2018-05-18 10:26:21:151 Info: > normalise4
2018-05-18 10:26:21:229 Info: > normalise4
2018-05-18 10:26:21:307 Info: > normalise4
2018-05-18 10:26:21:385 Info: > normalise4
2018-05-18 10:26:21:463 Info: > normalise4
2018-05-18 10:26:21:541 Info: > normalise4
2018-05-18 10:26:21:619 Info: > normalise4
2018-05-18 10:26:21:713 Info: > normalise4
2018-05-18 10:26:21:791 Info: > normalise4
2018-05-18 10:26:21:869 Info: > normalise4
2018-05-18 10:26:21:947 Info: > normalise4
2018-05-18 10:26:22:026 Info: > normalise4
2018-05-18 10:26:22:104 Error: > ScannerFunctionality_NormalizationByTime: Index was outside the bounds of the array.
2018-05-18 10:26:22:104 Info: > normalise9
2018-05-18 10:26:22:182 Info: > normalise4
2018-05-18 10:26:22:260 Info: > normalise4
2018-05-18 10:26:22:338 Info: > normalise5
2018-05-18 10:26:22:416 Info: > normalise4
2018-05-18 10:26:22:510 Info: > normalise4
2018-05-18 10:26:22:588 Info: > normalise4
2018-05-18 10:26:22:666 Info: > normalise4
2018-05-18 10:26:22:744 Info: > normalise4
2018-05-18 10:26:22:822 Info: > normalise4
2018-05-18 10:26:22:901 Info: > normalise4
2018-05-18 10:26:22:979 Info: > normalise4
2018-05-18 10:26:23:057 Info: > normalise4
2018-05-18 10:26:23:135 Info: > normalise4
2018-05-18 10:26:23:213 Info: > normalise4
2018-05-18 10:26:23:291 Info: > normalise4
2018-05-18 10:26:23:385 Info: > normalise4
2018-05-18 10:26:23:463 Info: > normalise3
2018-05-18 10:26:23:541 Info: > normalise4
2018-05-18 10:26:23:619 Info: > normalise4
2018-05-18 10:26:23:697 Info: > normalise4
2018-05-18 10:26:23:776 Info: > normalise4
2018-05-18 10:26:23:854 Info: > normalise4
2018-05-18 10:26:23:932 Info: > normalise1
2018-05-18 10:26:24:010 Info: > normalise4
2018-05-18 10:26:24:104 Error: > ScannerFunctionality_NormalizationByTime: Index was outside the bounds of the array.
2018-05-18 10:26:24:104 Info: > normalise9
2018-05-18 10:26:24:166 Info: > normalise4
2018-05-18 10:26:24:260 Info: > normalise3
2018-05-18 10:26:24:338 Info: > normalise4
2018-05-18 10:26:24:416 Info: > normalise4
2018-05-18 10:26:24:494 Info: > normalise6
2018-05-18 10:26:24:572 Info: > normalise4
2018-05-18 10:26:24:651 Info: > normalise4
2018-05-18 10:26:24:729 Info: > normalise4
2018-05-18 10:26:24:807 Info: > normalise4
2018-05-18 10:26:24:885 Info: > normalise4
2018-05-18 10:26:24:963 Info: > normalise4
2018-05-18 10:26:25:057 Info: > normalise3
2018-05-18 10:26:25:135 Info: > normalise4
2018-05-18 10:26:25:213 Info: > normalise4
2018-05-18 10:26:25:291 Error: > ScannerFunctionality_NormalizationByTime: Index was outside the bounds of the array.
2018-05-18 10:26:25:291 Info: > normalise8
2018-05-18 10:26:25:369 Info: > normalise4
2018-05-18 10:26:25:447 Info: > normalise4
2018-05-18 10:26:25:526 Info: > normalise4
2018-05-18 10:26:25:604 Info: > normalise4
2018-05-18 10:26:25:682 Info: > normalise4
2018-05-18 10:26:25:760 Info: > normalise4
2018-05-18 10:26:25:854 Info: > normalise4
2018-05-18 10:26:25:932 Info: > normalise4
2018-05-18 10:26:26:010 Info: > normalise4
2018-05-18 10:26:26:088 Info: > normalise4
2018-05-18 10:26:26:166 Info: > normalise4
2018-05-18 10:26:26:244 Info: > normalise5
2018-05-18 10:26:26:322 Info: > normalise4
2018-05-18 10:26:26:401 Info: > normalise4
2018-05-18 10:26:26:479 Info: > normalise4
2018-05-18 10:26:26:557 Info: > normalise4
2018-05-18 10:26:26:635 Info: > normalise4
2018-05-18 10:26:26:729 Info: > normalise3
2018-05-18 10:26:26:807 Info: > normalise4
2018-05-18 10:26:26:885 Info: > normalise4
2018-05-18 10:26:26:963 Info: > normalise4
2018-05-18 10:26:27:041 Info: > normalise4
2018-05-18 10:26:27:119 Info: > normalise4
2018-05-18 10:26:27:197 Info: > normalise4
2018-05-18 10:26:27:291 Error: > ScannerFunctionality_NormalizationByTime: Index was outside the bounds of the array.
2018-05-18 10:26:27:291 Info: > normalise9
2018-05-18 10:26:27:354 Info: > normalise4
2018-05-18 10:26:27:447 Info: > normalise6
2018-05-18 10:26:27:526 Info: > normalise4
2018-05-18 10:26:27:604 Info: > normalise4
2018-05-18 10:26:27:682 Info: > normalise4
2018-05-18 10:26:27:760 Info: > normalise8
2018-05-18 10:26:27:838 Info: > normalise4
2018-05-18 10:26:27:916 Info: > normalise11
2018-05-18 10:26:27:994 Info: > normalise3
2018-05-18 10:26:28:072 Info: > normalise4
2018-05-18 10:26:28:151 Info: > normalise4
2018-05-18 10:26:28:229 Info: > normalise4
2018-05-18 10:26:28:307 Info: > normalise4
2018-05-18 10:26:28:401 Info: > normalise4
2018-05-18 10:26:28:479 Error: > ScannerFunctionality_NormalizationByTime: Index was outside the bounds of the array.
2018-05-18 10:26:28:479 Info: > normalise9
2018-05-18 10:26:28:557 Info: > normalise4
2018-05-18 10:26:28:635 Info: > normalise4
2018-05-18 10:26:28:713 Info: > normalise4
2018-05-18 10:26:28:791 Info: > normalise4
2018-05-18 10:26:28:869 Info: > normalise4
2018-05-18 10:26:28:947 Info: > normalise4
2018-05-18 10:26:29:026 Info: > normalise4
2018-05-18 10:26:29:104 Info: > normalise4
2018-05-18 10:26:29:197 Info: > normalise4
2018-05-18 10:26:29:276 Info: > normalise4
2018-05-18 10:26:29:354 Info: > normalise4
2018-05-18 10:26:29:432 Info: > normalise4
2018-05-18 10:26:29:510 Info: > normalise4
2018-05-18 10:26:29:588 Info: > normalise4
2018-05-18 10:26:29:666 Info: > normalise4
2018-05-18 10:26:29:744 Info: > normalise4
2018-05-18 10:26:29:822 Info: > normalise4
2018-05-18 10:26:29:901 Info: > normalise4
2018-05-18 10:26:29:979 Info: > normalise4
2018-05-18 10:26:30:072 Info: > normalise4
2018-05-18 10:26:30:151 Info: > normalise4
2018-05-18 10:26:30:229 Info: > normalise4
2018-05-18 10:26:30:307 Info: > normalise4
2018-05-18 10:26:30:385 Info: > normalise4
2018-05-18 10:26:30:463 Error: > ScannerFunctionality_NormalizationByTime: Index was outside the bounds of the array.
2018-05-18 10:26:30:463 Info: > normalise9
2018-05-18 10:26:30:541 Info: > normalise4
2018-05-18 10:26:30:619 Info: > normalise4
2018-05-18 10:26:30:697 Info: > normalise4
2018-05-18 10:26:30:776 Info: > normalise4
2018-05-18 10:26:30:869 Info: > normalise4
2018-05-18 10:26:30:947 Info: > normalise4
2018-05-18 10:26:31:026 Info: > normalise4
2018-05-18 10:26:31:104 Info: > normalise4
2018-05-18 10:26:31:182 Info: > normalise4
2018-05-18 10:26:31:260 Info: > normalise4
2018-05-18 10:26:31:338 Info: > normalise4
2018-05-18 10:26:31:416 Info: > normalise4
2018-05-18 10:26:31:494 Info: > normalise4
2018-05-18 10:26:31:572 Info: > normalise4
2018-05-18 10:26:31:666 Error: > ScannerFunctionality_NormalizationByTime: Index was outside the bounds of the array.
2018-05-18 10:26:31:666 Info: > normalise12
2018-05-18 10:26:31:744 Info: > normalise4
2018-05-18 10:26:31:822 Info: > normalise4
2018-05-18 10:26:31:901 Info: > normalise3
2018-05-18 10:26:31:979 Info: > normalise4
2018-05-18 10:26:32:057 Info: > normalise4
2018-05-18 10:26:32:135 Info: > normalise4
2018-05-18 10:26:32:213 Info: > normalise4
2018-05-18 10:26:32:291 Info: > normalise4
2018-05-18 10:26:32:369 Info: > normalise4
2018-05-18 10:26:32:447 Info: > normalise4
2018-05-18 10:26:32:541 Info: > normalise4
2018-05-18 10:26:32:619 Info: > normalise4
2018-05-18 10:26:32:697 Info: > normalise4
2018-05-18 10:26:32:776 Info: > normalise4
2018-05-18 10:26:32:854 Info: > normalise6
2018-05-18 10:26:32:932 Info: > normalise4
2018-05-18 10:26:33:010 Info: > normalise4
2018-05-18 10:26:33:088 Info: > normalise4
2018-05-18 10:26:33:166 Info: > normalise4
2018-05-18 10:26:33:244 Info: > normalise4
2018-05-18 10:26:33:322 Info: > normalise4
2018-05-18 10:26:33:416 Info: > normalise4
2018-05-18 10:26:33:494 Info: > normalise4
2018-05-18 10:26:33:572 Info: > normalise4
2018-05-18 10:26:33:651 Error: > ScannerFunctionality_NormalizationByTime: Index was outside the bounds of the array.
2018-05-18 10:26:33:651 Info: > normalise9
2018-05-18 10:26:33:729 Info: > normalise4
2018-05-18 10:26:33:807 Info: > normalise4
2018-05-18 10:26:33:885 Info: > normalise4
2018-05-18 10:26:33:963 Info: > normalise4
2018-05-18 10:26:34:041 Info: > normalise5
2018-05-18 10:26:34:119 Info: > normalise5
2018-05-18 10:26:34:213 Info: > normalise4
2018-05-18 10:26:34:291 Info: > normalise4
2018-05-18 10:26:34:369 Info: > normalise4
2018-05-18 10:26:34:447 Info: > normalise5
2018-05-18 10:26:34:526 Info: > normalise4
2018-05-18 10:26:34:604 Info: > normalise4
2018-05-18 10:26:34:682 Info: > normalise4
2018-05-18 10:26:34:760 Info: > normalise4
2018-05-18 10:26:34:854 Error: > ScannerFunctionality_NormalizationByTime: Index was outside the bounds of the array.
2018-05-18 10:26:34:854 Info: > normalise8
2018-05-18 10:26:34:916 Info: > normalise4
2018-05-18 10:26:34:994 Info: > normalise4
2018-05-18 10:26:35:088 Info: > normalise3
2018-05-18 10:26:35:166 Info: > normalise4
2018-05-18 10:26:35:244 Info: > normalise4
2018-05-18 10:26:35:322 Info: > normalise4
2018-05-18 10:26:35:401 Info: > normalise4
2018-05-18 10:26:35:479 Info: > normalise4
2018-05-18 10:26:35:557 Info: > normalise4
2018-05-18 10:26:35:635 Info: > normalise4
2018-05-18 10:26:35:713 Info: > normalise4
2018-05-18 10:26:35:791 Info: > normalise4
2018-05-18 10:26:35:885 Info: > normalise4
2018-05-18 10:26:35:963 Info: > normalise4
2018-05-18 10:26:36:041 Info: > normalise4
2018-05-18 10:26:36:119 Info: > normalise4
2018-05-18 10:26:36:197 Info: > normalise4
2018-05-18 10:26:36:276 Info: > normalise4
2018-05-18 10:26:36:354 Info: > normalise4
2018-05-18 10:26:36:432 Info: > normalise4
2018-05-18 10:26:36:510 Info: > normalise4
2018-05-18 10:26:36:588 Info: > normalise4
2018-05-18 10:26:36:682 Info: > normalise4
2018-05-18 10:26:36:760 Info: > normalise4
2018-05-18 10:26:36:838 Error: > ScannerFunctionality_NormalizationByTime: Index was outside the bounds of the array.
2018-05-18 10:26:36:838 Info: > normalise10
2018-05-18 10:26:36:916 Info: > normalise4
2018-05-18 10:26:36:994 Info: > normalise4
2018-05-18 10:26:37:072 Info: > normalise4
2018-05-18 10:26:37:151 Info: > normalise4
2018-05-18 10:26:37:229 Info: > normalise4
2018-05-18 10:26:37:307 Info: > normalise4
2018-05-18 10:26:37:385 Info: > normalise4
2018-05-18 10:26:37:463 Info: > normalise4
2018-05-18 10:26:37:557 Info: > normalise3
2018-05-18 10:26:37:635 Info: > normalise4
2018-05-18 10:26:37:713 Info: > normalise4
2018-05-18 10:26:37:791 Info: > normalise4
2018-05-18 10:26:37:869 Info: > normalise4
2018-05-18 10:26:37:947 Info: > normalise4
2018-05-18 10:26:38:026 Error: > ScannerFunctionality_NormalizationByTime: Index was outside the bounds of the array.
2018-05-18 10:26:38:026 Info: > normalise9
2018-05-18 10:26:38:104 Info: > normalise4
2018-05-18 10:26:38:182 Info: > normalise4
2018-05-18 10:26:38:260 Info: > normalise4
2018-05-18 10:26:38:354 Info: > normalise4
2018-05-18 10:26:38:432 Info: > normalise4
2018-05-18 10:26:38:510 Info: > normalise4
2018-05-18 10:26:38:588 Info: > normalise4
2018-05-18 10:26:38:666 Info: > normalise4
2018-05-18 10:26:38:744 Info: > normalise4
2018-05-18 10:26:38:822 Info: > normalise4
2018-05-18 10:26:38:901 Info: > normalise4
2018-05-18 10:26:38:979 Info: > normalise4
2018-05-18 10:26:39:057 Info: > normalise4
2018-05-18 10:26:39:135 Info: > normalise4
2018-05-18 10:26:39:229 Info: > normalise4
2018-05-18 10:26:39:307 Info: > normalise4
2018-05-18 10:26:39:385 Info: > normalise4
2018-05-18 10:26:39:463 Info: > normalise4
2018-05-18 10:26:39:541 Info: > normalise3
2018-05-18 10:26:39:619 Info: > normalise4
2018-05-18 10:26:39:697 Info: > normalise4
2018-05-18 10:26:39:776 Info: > normalise4
2018-05-18 10:26:39:854 Info: > normalise4
2018-05-18 10:26:39:932 Info: > normalise4
2018-05-18 10:26:40:026 Error: > ScannerFunctionality_NormalizationByTime: Index was outside the bounds of the array.
2018-05-18 10:26:40:026 Info: > normalise8
2018-05-18 10:26:40:104 Info: > normalise4
2018-05-18 10:26:40:182 Info: > normalise4
2018-05-18 10:26:40:260 Info: > normalise4
2018-05-18 10:26:40:338 Info: > normalise4
2018-05-18 10:26:40:416 Info: > normalise4
2018-05-18 10:26:40:494 Info: > normalise4
2018-05-18 10:26:40:573 Info: > normalise4
2018-05-18 10:26:40:651 Info: > normalise4
2018-05-18 10:26:40:729 Info: > normalise4
2018-05-18 10:26:40:822 Info: > normalise4
2018-05-18 10:26:40:901 Info: > normalise3
2018-05-18 10:26:40:979 Info: > normalise4
2018-05-18 10:26:41:057 Info: > normalise4
2018-05-18 10:26:41:135 Info: > normalise4
2018-05-18 10:26:41:213 Error: > ScannerFunctionality_NormalizationByTime: Index was outside the bounds of the array.
2018-05-18 10:26:41:213 Info: > normalise9
2018-05-18 10:26:41:291 Info: > normalise4
2018-05-18 10:26:41:369 Info: > normalise4
2018-05-18 10:26:41:448 Info: > normalise4
2018-05-18 10:26:41:526 Info: > normalise4
2018-05-18 10:26:41:604 Info: > normalise4
2018-05-18 10:26:41:697 Info: > normalise4
2018-05-18 10:26:41:776 Info: > normalise12
2018-05-18 10:26:41:854 Info: > normalise4
2018-05-18 10:26:41:932 Info: > normalise4
2018-05-18 10:26:42:010 Info: > normalise4
2018-05-18 10:26:42:088 Info: > normalise7
2018-05-18 10:26:42:166 Info: > normalise4
2018-05-18 10:26:42:244 Info: > normalise4
2018-05-18 10:26:42:323 Info: > normalise4
2018-05-18 10:26:42:401 Info: > normalise4
2018-05-18 10:26:42:494 Info: > normalise6
2018-05-18 10:26:42:572 Info: > normalise4
2018-05-18 10:26:42:651 Info: > normalise4
2018-05-18 10:26:42:729 Info: > normalise4
2018-05-18 10:26:42:807 Info: > normalise4
2018-05-18 10:26:42:885 Info: > normalise4
2018-05-18 10:26:42:963 Info: > normalise4
2018-05-18 10:26:43:041 Info: > normalise4
2018-05-18 10:26:43:119 Info: > normalise4
2018-05-18 10:26:43:213 Error: > ScannerFunctionality_NormalizationByTime: Index was outside the bounds of the array.
2018-05-18 10:26:43:213 Info: > normalise9
2018-05-18 10:26:43:276 Info: > normalise4
2018-05-18 10:26:43:369 Info: > normalise4
2018-05-18 10:26:43:448 Info: > normalise4
2018-05-18 10:26:43:526 Info: > normalise4
2018-05-18 10:26:43:604 Info: > normalise5
2018-05-18 10:26:43:682 Info: > normalise3
2018-05-18 10:26:43:760 Info: > normalise4
2018-05-18 10:26:43:838 Info: > normalise4
2018-05-18 10:26:43:932 Info: > normalise11
2018-05-18 10:26:43:994 Info: > normalise4
2018-05-18 10:26:44:072 Info: > normalise4
2018-05-18 10:26:44:151 Info: > normalise4
2018-05-18 10:26:44:244 Info: > normalise3
2018-05-18 10:26:44:322 Info: > normalise4
2018-05-18 10:26:44:401 Error: > ScannerFunctionality_NormalizationByTime: Index was outside the bounds of the array.
2018-05-18 10:26:44:401 Info: > normalise9
2018-05-18 10:26:44:479 Info: > normalise4
2018-05-18 10:26:44:557 Info: > normalise7
2018-05-18 10:26:44:635 Info: > normalise4
2018-05-18 10:26:44:713 Info: > normalise4
2018-05-18 10:26:44:791 Info: > normalise4
2018-05-18 10:26:44:869 Info: > normalise4
2018-05-18 10:26:44:948 Info: > normalise4
2018-05-18 10:26:45:041 Info: > normalise4
2018-05-18 10:26:45:119 Info: > normalise4
2018-05-18 10:26:45:198 Info: > normalise4
2018-05-18 10:26:45:276 Info: > normalise4
2018-05-18 10:26:45:354 Info: > normalise4
2018-05-18 10:26:45:432 Info: > normalise4
2018-05-18 10:26:45:510 Info: > normalise4
2018-05-18 10:26:45:588 Info: > normalise4
2018-05-18 10:26:45:666 Info: > normalise4
2018-05-18 10:26:45:744 Info: > normalise4
2018-05-18 10:26:45:823 Info: > normalise4
2018-05-18 10:26:45:916 Info: > normalise3
2018-05-18 10:26:45:994 Info: > normalise4
2018-05-18 10:26:46:072 Info: > normalise4
2018-05-18 10:26:46:151 Info: > normalise4
2018-05-18 10:26:46:229 Info: > normalise4
2018-05-18 10:26:46:307 Info: > normalise4
2018-05-18 10:26:46:385 Error: > ScannerFunctionality_NormalizationByTime: Index was outside the bounds of the array.
2018-05-18 10:26:46:385 Info: > normalise8
2018-05-18 10:26:46:463 Info: > normalise4
2018-05-18 10:26:46:541 Info: > normalise4
2018-05-18 10:26:46:619 Info: > normalise4
2018-05-18 10:26:46:713 Info: > normalise4
2018-05-18 10:26:46:791 Info: > normalise4
2018-05-18 10:26:46:869 Info: > normalise4
2018-05-18 10:26:46:948 Info: > normalise4
2018-05-18 10:26:47:026 Info: > normalise4
2018-05-18 10:26:47:104 Info: > normalise4
2018-05-18 10:26:47:182 Info: > normalise4
2018-05-18 10:26:47:260 Info: > normalise4
2018-05-18 10:26:47:338 Info: > normalise4
2018-05-18 10:26:47:416 Info: > normalise4
2018-05-18 10:26:47:494 Info: > normalise4
2018-05-18 10:26:47:588 Error: > ScannerFunctionality_NormalizationByTime: Index was outside the bounds of the array.
2018-05-18 10:26:47:588 Info: > normalise9
2018-05-18 10:26:47:666 Info: > normalise4
2018-05-18 10:26:47:744 Info: > normalise4
2018-05-18 10:26:47:822 Info: > normalise4
2018-05-18 10:26:47:901 Info: > normalise4
2018-05-18 10:26:47:979 Info: > normalise8
2018-05-18 10:26:48:057 Info: > normalise4
2018-05-18 10:26:48:135 Info: > normalise4
2018-05-18 10:26:48:213 Info: > normalise4
2018-05-18 10:26:48:291 Info: > normalise4
2018-05-18 10:26:48:385 Info: > normalise4
2018-05-18 10:26:48:463 Info: > normalise4
2018-05-18 10:26:48:541 Info: > normalise4
2018-05-18 10:26:48:619 Info: > normalise4
2018-05-18 10:26:48:698 Info: > normalise4
2018-05-18 10:26:48:776 Info: > normalise4
2018-05-18 10:26:48:854 Info: > normalise4
2018-05-18 10:26:48:932 Info: > normalise4
2018-05-18 10:26:49:010 Info: > normalise4
2018-05-18 10:26:49:088 Info: > normalise4
2018-05-18 10:26:49:166 Info: > normalise4
2018-05-18 10:26:49:260 Info: > normalise3
2018-05-18 10:26:49:338 Info: > normalise4
2018-05-18 10:26:49:416 Info: > normalise4
2018-05-18 10:26:49:494 Info: > normalise4
2018-05-18 10:26:49:573 Error: > ScannerFunctionality_NormalizationByTime: Index was outside the bounds of the array.
2018-05-18 10:26:49:573 Info: > normalise9
2018-05-18 10:26:49:651 Info: > normalise4
2018-05-18 10:26:49:729 Info: > normalise4
2018-05-18 10:26:49:807 Info: > normalise4
2018-05-18 10:26:49:885 Info: > normalise4
2018-05-18 10:26:49:963 Info: > normalise4
2018-05-18 10:26:50:057 Info: > normalise4
2018-05-18 10:26:50:135 Info: > normalise4
2018-05-18 10:26:50:213 Info: > normalise4
2018-05-18 10:26:50:291 Info: > normalise4
2018-05-18 10:26:50:369 Info: > normalise4
2018-05-18 10:26:50:448 Info: > normalise4
2018-05-18 10:26:50:526 Info: > normalise4
2018-05-18 10:26:50:604 Info: > normalise4
2018-05-18 10:26:50:682 Info: > normalise4
2018-05-18 10:26:50:776 Error: > ScannerFunctionality_NormalizationByTime: Index was outside the bounds of the array.
2018-05-18 10:26:50:776 Info: > normalise8
2018-05-18 10:26:50:838 Info: > normalise4
2018-05-18 10:26:50:932 Info: > normalise4
2018-05-18 10:26:51:010 Info: > normalise4
2018-05-18 10:26:51:088 Info: > normalise4
2018-05-18 10:26:51:166 Info: > normalise4
2018-05-18 10:26:51:244 Info: > normalise4
2018-05-18 10:26:51:323 Info: > normalise4
2018-05-18 10:26:51:401 Info: > normalise4
2018-05-18 10:26:51:479 Info: > normalise4
2018-05-18 10:26:51:557 Info: > normalise6
2018-05-18 10:26:51:635 Info: > normalise4
2018-05-18 10:26:51:729 Info: > normalise4
2018-05-18 10:26:51:807 Info: > normalise4
2018-05-18 10:26:51:885 Info: > normalise4
2018-05-18 10:26:51:963 Info: > normalise4
2018-05-18 10:26:52:041 Info: > normalise4
2018-05-18 10:26:52:119 Info: > normalise4
2018-05-18 10:26:52:198 Info: > normalise4
2018-05-18 10:26:52:276 Info: > normalise4
2018-05-18 10:26:52:354 Info: > normalise4
2018-05-18 10:26:52:432 Info: > normalise4
2018-05-18 10:26:52:510 Info: > normalise4
2018-05-18 10:26:52:604 Info: > normalise4
2018-05-18 10:26:52:682 Info: > normalise4
2018-05-18 10:26:52:760 Error: > ScannerFunctionality_NormalizationByTime: Index was outside the bounds of the array.
2018-05-18 10:26:52:760 Info: > normalise9
2018-05-18 10:26:52:838 Info: > normalise4
2018-05-18 10:26:52:916 Info: > normalise4
2018-05-18 10:26:52:994 Info: > normalise4
2018-05-18 10:26:53:073 Info: > normalise4
2018-05-18 10:26:53:151 Info: > normalise4
2018-05-18 10:26:53:229 Info: > normalise4
2018-05-18 10:26:53:307 Info: > normalise4
2018-05-18 10:26:53:401 Info: > normalise4
2018-05-18 10:26:53:479 Info: > normalise4
2018-05-18 10:26:53:557 Info: > normalise4
2018-05-18 10:26:53:635 Info: > normalise4
2018-05-18 10:26:53:713 Info: > normalise4
2018-05-18 10:26:53:791 Info: > normalise4
2018-05-18 10:26:53:869 Info: > normalise4
2018-05-18 10:26:53:948 Error: > ScannerFunctionality_NormalizationByTime: Index was outside the bounds of the array.
2018-05-18 10:26:53:948 Info: > normalise9
2018-05-18 10:26:54:026 Info: > normalise4
2018-05-18 10:26:54:104 Info: > normalise4
2018-05-18 10:26:54:182 Info: > normalise4
2018-05-18 10:26:54:276 Info: > normalise4
2018-05-18 10:26:54:354 Info: > normalise4
2018-05-18 10:26:54:432 Info: > normalise4
2018-05-18 10:26:54:510 Info: > normalise4
2018-05-18 10:26:54:588 Info: > normalise4
2018-05-18 10:26:54:666 Info: > normalise4
2018-05-18 10:26:54:744 Info: > normalise4
2018-05-18 10:26:54:823 Info: > normalise4
2018-05-18 10:26:54:901 Info: > normalise4
2018-05-18 10:26:54:979 Info: > normalise4
2018-05-18 10:26:55:073 Info: > normalise4
2018-05-18 10:26:55:151 Info: > normalise4
2018-05-18 10:26:55:229 Info: > normalise4
2018-05-18 10:26:55:307 Info: > normalise4
2018-05-18 10:26:55:385 Info: > normalise4
2018-05-18 10:26:55:463 Info: > normalise4
2018-05-18 10:26:55:541 Info: > normalise4
2018-05-18 10:26:55:619 Info: > normalise4
2018-05-18 10:26:55:698 Info: > normalise4
2018-05-18 10:26:55:776 Info: > normalise4
2018-05-18 10:26:55:854 Info: > normalise4
2018-05-18 10:26:55:948 Error: > ScannerFunctionality_NormalizationByTime: Index was outside the bounds of the array.
2018-05-18 10:26:55:948 Info: > normalise9
2018-05-18 10:26:56:026 Info: > normalise4
2018-05-18 10:26:56:104 Info: > normalise4
2018-05-18 10:26:56:182 Info: > normalise4
2018-05-18 10:26:56:260 Info: > normalise4
2018-05-18 10:26:56:338 Info: > normalise4
2018-05-18 10:26:56:416 Info: > normalise4
2018-05-18 10:26:56:494 Info: > normalise4
2018-05-18 10:26:56:573 Info: > normalise4
2018-05-18 10:26:56:651 Info: > normalise4
2018-05-18 10:26:56:744 Info: > normalise4
2018-05-18 10:26:56:823 Info: > normalise3
2018-05-18 10:26:56:901 Info: > normalise4
2018-05-18 10:26:56:979 Info: > normalise4
2018-05-18 10:26:57:057 Info: > normalise4
2018-05-18 10:26:57:135 Error: > ScannerFunctionality_NormalizationByTime: Index was outside the bounds of the array.
2018-05-18 10:26:57:135 Info: > normalise9
2018-05-18 10:26:57:213 Info: > normalise4
2018-05-18 10:26:57:291 Info: > normalise4
2018-05-18 10:26:57:369 Info: > normalise4
2018-05-18 10:26:57:448 Info: > normalise4
2018-05-18 10:26:57:541 Info: > normalise7
2018-05-18 10:26:57:619 Info: > normalise4
2018-05-18 10:26:57:698 Info: > normalise4
2018-05-18 10:26:57:776 Info: > normalise4
2018-05-18 10:26:57:854 Info: > normalise4
2018-05-18 10:26:57:932 Info: > normalise4
2018-05-18 10:26:58:010 Info: > normalise4
2018-05-18 10:26:58:088 Info: > normalise4
2018-05-18 10:26:58:166 Info: > normalise4
2018-05-18 10:26:58:244 Info: > normalise4
2018-05-18 10:26:58:323 Info: > normalise4
2018-05-18 10:26:58:416 Info: > normalise4
2018-05-18 10:26:58:494 Info: > normalise4
2018-05-18 10:26:58:573 Info: > normalise4
2018-05-18 10:26:58:651 Info: > normalise4
2018-05-18 10:26:58:729 Info: > normalise4
2018-05-18 10:26:58:807 Info: > normalise4
2018-05-18 10:26:58:885 Info: > normalise1
2018-05-18 10:26:58:963 Info: > normalise4
2018-05-18 10:26:59:041 Info: > normalise6
2018-05-18 10:26:59:135 Error: > ScannerFunctionality_NormalizationByTime: Index was outside the bounds of the array.
2018-05-18 10:26:59:135 Info: > normalise9
2018-05-18 10:26:59:198 Info: > normalise4
2018-05-18 10:26:59:291 Info: > normalise4
2018-05-18 10:26:59:369 Info: > normalise4
2018-05-18 10:26:59:448 Info: > normalise4
2018-05-18 10:26:59:526 Info: > normalise5
2018-05-18 10:26:59:604 Info: > normalise4
2018-05-18 10:26:59:682 Info: > normalise4
2018-05-18 10:26:59:760 Info: > normalise4
2018-05-18 10:26:59:838 Info: > normalise4
2018-05-18 10:26:59:916 Info: > normalise4
2018-05-18 10:26:59:994 Info: > normalise4
2018-05-18 10:27:00:088 Info: > normalise4
2018-05-18 10:27:00:166 Info: > normalise4
2018-05-18 10:27:00:244 Info: > normalise4
2018-05-18 10:27:00:323 Error: > ScannerFunctionality_NormalizationByTime: Index was outside the bounds of the array.
2018-05-18 10:27:00:323 Info: > normalise9
2018-05-18 10:27:00:401 Info: > normalise4
2018-05-18 10:27:00:479 Info: > normalise4
2018-05-18 10:27:00:557 Info: > normalise4
2018-05-18 10:27:00:635 Info: > normalise4
2018-05-18 10:27:00:713 Info: > normalise4
2018-05-18 10:27:00:791 Info: > normalise4
2018-05-18 10:27:00:869 Info: > normalise4
2018-05-18 10:27:00:963 Info: > normalise3
2018-05-18 10:27:01:041 Info: > normalise4
2018-05-18 10:27:01:119 Info: > normalise5
2018-05-18 10:27:01:198 Info: > normalise4
2018-05-18 10:27:01:276 Info: > normalise4
2018-05-18 10:27:01:354 Info: > normalise4
2018-05-18 10:27:01:432 Info: > normalise4
2018-05-18 10:27:01:510 Info: > normalise5
2018-05-18 10:27:01:588 Info: > normalise4
2018-05-18 10:27:01:666 Info: > normalise4
2018-05-18 10:27:01:760 Info: > normalise4
2018-05-18 10:27:01:838 Info: > normalise4
2018-05-18 10:27:01:916 Info: > normalise4
2018-05-18 10:27:01:994 Info: > normalise4
2018-05-18 10:27:02:073 Info: > normalise4
2018-05-18 10:27:02:151 Info: > normalise4
2018-05-18 10:27:02:229 Info: > normalise4
2018-05-18 10:27:02:307 Error: > ScannerFunctionality_NormalizationByTime: Index was outside the bounds of the array.
2018-05-18 10:27:02:323 Info: > normalise8
2018-05-18 10:27:02:385 Info: > normalise4
2018-05-18 10:27:02:463 Info: > normalise4
2018-05-18 10:27:02:541 Info: > normalise4
2018-05-18 10:27:02:635 Info: > normalise4
2018-05-18 10:27:02:713 Info: > normalise5
2018-05-18 10:27:02:791 Info: > normalise4
2018-05-18 10:27:02:869 Info: > normalise4
2018-05-18 10:27:02:948 Info: > normalise4
2018-05-18 10:27:03:026 Info: > normalise4
2018-05-18 10:27:03:104 Info: > normalise4
2018-05-18 10:27:03:182 Info: > normalise4
2018-05-18 10:27:03:260 Info: > normalise4
2018-05-18 10:27:03:338 Info: > normalise4
2018-05-18 10:27:03:432 Info: > normalise4
2018-05-18 10:27:03:510 Error: > ScannerFunctionality_NormalizationByTime: Index was outside the bounds of the array.
2018-05-18 10:27:03:510 Info: > normalise9
2018-05-18 10:27:03:588 Info: > normalise4
2018-05-18 10:27:03:666 Info: > normalise4
2018-05-18 10:27:03:744 Info: > normalise4
2018-05-18 10:27:03:823 Info: > normalise4
2018-05-18 10:27:03:901 Info: > normalise4
2018-05-18 10:27:03:979 Info: > normalise4
2018-05-18 10:27:04:057 Info: > normalise4
2018-05-18 10:27:04:135 Info: > normalise4
2018-05-18 10:27:04:229 Info: > normalise8
2018-05-18 10:27:04:307 Info: > normalise4
2018-05-18 10:27:04:385 Info: > normalise4
2018-05-18 10:27:04:463 Info: > normalise4
2018-05-18 10:27:04:541 Info: > normalise4
2018-05-18 10:27:04:619 Info: > normalise4
2018-05-18 10:27:04:698 Info: > normalise4
2018-05-18 10:27:04:776 Info: > normalise4
2018-05-18 10:27:04:854 Info: > normalise4
2018-05-18 10:27:04:932 Info: > normalise4
2018-05-18 10:27:05:010 Info: > normalise4
2018-05-18 10:27:05:104 Info: > normalise5
2018-05-18 10:27:05:182 Info: > normalise4
2018-05-18 10:27:05:260 Info: > normalise4
2018-05-18 10:27:05:338 Info: > normalise4
2018-05-18 10:27:05:416 Info: > normalise4
2018-05-18 10:27:05:494 Error: > ScannerFunctionality_NormalizationByTime: Index was outside the bounds of the array.
2018-05-18 10:27:05:494 Info: > normalise9
2018-05-18 10:27:05:573 Info: > normalise4
2018-05-18 10:27:05:651 Info: > normalise4
2018-05-18 10:27:05:729 Info: > normalise4
2018-05-18 10:27:05:807 Info: > normalise4
2018-05-18 10:27:05:901 Info: > normalise5
2018-05-18 10:27:05:979 Info: > normalise4
2018-05-18 10:27:06:057 Info: > normalise4
2018-05-18 10:27:06:135 Info: > normalise4
2018-05-18 10:27:06:213 Info: > normalise4
2018-05-18 10:27:06:291 Info: > normalise4
2018-05-18 10:27:06:369 Info: > normalise4
2018-05-18 10:27:06:448 Info: > normalise4
2018-05-18 10:27:06:526 Info: > normalise4
2018-05-18 10:27:06:604 Info: > normalise4
2018-05-18 10:27:06:698 Error: > ScannerFunctionality_NormalizationByTime: Index was outside the bounds of the array.
2018-05-18 10:27:06:698 Info: > normalise9
2018-05-18 10:27:06:776 Info: > normalise4
2018-05-18 10:27:06:854 Info: > normalise4
2018-05-18 10:27:06:932 Info: > normalise4
2018-05-18 10:27:07:010 Info: > normalise4
2018-05-18 10:27:07:088 Info: > normalise4
2018-05-18 10:27:07:166 Info: > normalise4
2018-05-18 10:27:07:244 Info: > normalise4
2018-05-18 10:27:07:323 Info: > normalise4
2018-05-18 10:27:07:401 Info: > normalise4
2018-05-18 10:27:07:479 Info: > normalise4
2018-05-18 10:27:07:557 Info: > normalise4
2018-05-18 10:27:07:651 Info: > normalise4
2018-05-18 10:27:07:729 Info: > normalise4
2018-05-18 10:27:07:807 Info: > normalise4
2018-05-18 10:27:07:885 Info: > normalise4
2018-05-18 10:27:07:963 Info: > normalise4
2018-05-18 10:27:08:041 Info: > normalise7
2018-05-18 10:27:08:119 Info: > normalise4
2018-05-18 10:27:08:198 Info: > normalise4
2018-05-18 10:27:08:276 Info: > normalise4
2018-05-18 10:27:08:354 Info: > normalise4
2018-05-18 10:27:08:448 Info: > normalise4
2018-05-18 10:27:08:526 Info: > normalise4
2018-05-18 10:27:08:604 Info: > normalise6
2018-05-18 10:27:08:682 Error: > ScannerFunctionality_NormalizationByTime: Index was outside the bounds of the array.
2018-05-18 10:27:08:682 Info: > normalise9
2018-05-18 10:27:08:760 Info: > normalise4
2018-05-18 10:27:08:838 Info: > normalise4
2018-05-18 10:27:08:916 Info: > normalise4
2018-05-18 10:27:08:994 Info: > normalise4
2018-05-18 10:27:09:073 Info: > normalise4
2018-05-18 10:27:09:151 Info: > normalise4
2018-05-18 10:27:09:229 Info: > normalise4
2018-05-18 10:27:09:323 Info: > normalise4
2018-05-18 10:27:09:401 Info: > normalise4
2018-05-18 10:27:09:479 Info: > normalise4
2018-05-18 10:27:09:557 Info: > normalise4
2018-05-18 10:27:09:635 Info: > normalise4
2018-05-18 10:27:09:713 Info: > normalise4
2018-05-18 10:27:09:791 Info: > normalise3
2018-05-18 10:27:09:885 Error: > ScannerFunctionality_NormalizationByTime: Index was outside the bounds of the array.
2018-05-18 10:27:09:885 Info: > normalise9
2018-05-18 10:27:09:948 Info: > normalise4
2018-05-18 10:27:10:026 Info: > normalise4
2018-05-18 10:27:10:119 Info: > normalise4
2018-05-18 10:27:10:198 Info: > normalise3
2018-05-18 10:27:10:276 Info: > normalise4
2018-05-18 10:27:10:354 Info: > normalise4
2018-05-18 10:27:10:432 Info: > normalise4
2018-05-18 10:27:10:510 Info: > normalise4
2018-05-18 10:27:10:588 Info: > normalise4
2018-05-18 10:27:10:666 Info: > normalise4
2018-05-18 10:27:10:744 Info: > normalise3
2018-05-18 10:27:10:823 Info: > normalise4
2018-05-18 10:27:10:901 Info: > normalise4
2018-05-18 10:27:10:994 Info: > normalise4
2018-05-18 10:27:11:073 Info: > normalise4
2018-05-18 10:27:11:151 Info: > normalise4
2018-05-18 10:27:11:229 Info: > normalise4
2018-05-18 10:27:11:307 Info: > normalise4
2018-05-18 10:27:11:385 Info: > normalise4
2018-05-18 10:27:11:463 Info: > normalise4
2018-05-18 10:27:11:541 Info: > normalise4
2018-05-18 10:27:11:620 Info: > normalise4
2018-05-18 10:27:11:698 Info: > normalise4
2018-05-18 10:27:11:791 Info: > normalise4
2018-05-18 10:27:11:870 Error: > ScannerFunctionality_NormalizationByTime: Index was outside the bounds of the array.
2018-05-18 10:27:11:870 Info: > normalise9
2018-05-18 10:27:11:948 Info: > normalise4
2018-05-18 10:27:12:026 Info: > normalise11
2018-05-18 10:27:12:104 Info: > normalise11
2018-05-18 10:27:12:198 Info: > normalise13
2018-05-18 10:27:12:276 Info: > normalise12
2018-05-18 10:27:12:354 Info: > normalise11
2018-05-18 10:27:12:432 Info: > normalise13
2018-05-18 10:27:12:510 Info: > normalise11
2018-05-18 10:27:12:588 Info: > normalise11
2018-05-18 10:27:12:666 Info: > normalise14
2018-05-18 10:27:12:745 Info: > normalise10
2018-05-18 10:27:12:823 Info: > normalise11
2018-05-18 10:27:12:901 Info: > normalise11
2018-05-18 10:27:12:979 Info: > normalise11
2018-05-18 10:27:13:073 Error: > ScannerFunctionality_NormalizationByTime: Index was outside the bounds of the array.
2018-05-18 10:27:13:073 Info: > normalise17
2018-05-18 10:27:13:151 Info: > normalise11
2018-05-18 10:27:13:229 Info: > normalise11
2018-05-18 10:27:13:307 Info: > normalise11
2018-05-18 10:27:13:385 Info: > normalise11
2018-05-18 10:27:13:463 Info: > normalise11
2018-05-18 10:27:13:541 Info: > normalise13
2018-05-18 10:27:13:619 Info: > normalise11
2018-05-18 10:27:13:698 Info: > normalise11
2018-05-18 10:27:13:776 Info: > normalise11
2018-05-18 10:27:13:870 Info: > normalise11
2018-05-18 10:27:13:948 Info: > normalise10
2018-05-18 10:27:14:026 Info: > normalise12
2018-05-18 10:27:14:104 Info: > normalise11
2018-05-18 10:27:14:182 Info: > normalise11
2018-05-18 10:27:14:260 Info: > normalise16
2018-05-18 10:27:14:338 Info: > normalise10
2018-05-18 10:27:14:416 Info: > normalise12
2018-05-18 10:27:14:494 Info: > normalise12
2018-05-18 10:27:14:573 Info: > normalise11
2018-05-18 10:27:14:666 Info: > normalise13
2018-05-18 10:27:14:744 Info: > normalise11
2018-05-18 10:27:14:823 Info: > normalise11
2018-05-18 10:27:14:901 Info: > normalise12
2018-05-18 10:27:14:979 Info: > normalise17
2018-05-18 10:27:15:057 Error: > ScannerFunctionality_NormalizationByTime: Index was outside the bounds of the array.
2018-05-18 10:27:15:057 Info: > normalise17
2018-05-18 10:27:15:135 Info: > normalise12
2018-05-18 10:27:15:213 Info: > normalise11
2018-05-18 10:27:15:291 Info: > normalise12
2018-05-18 10:27:15:370 Info: > normalise11
2018-05-18 10:27:15:463 Info: > normalise13
2018-05-18 10:27:15:541 Info: > normalise12
2018-05-18 10:27:15:620 Info: > normalise11
2018-05-18 10:27:15:698 Info: > normalise11
2018-05-18 10:27:15:776 Info: > normalise11
2018-05-18 10:27:15:854 Info: > normalise12
2018-05-18 10:27:15:932 Info: > normalise12
2018-05-18 10:27:16:010 Info: > normalise17
2018-05-18 10:27:16:088 Info: > normalise13
2018-05-18 10:27:16:166 Info: > normalise11
2018-05-18 10:27:16:260 Error: > ScannerFunctionality_NormalizationByTime: Index was outside the bounds of the array.
2018-05-18 10:27:16:260 Info: > normalise15
2018-05-18 10:27:16:323 Info: > normalise11
2018-05-18 10:27:16:416 Info: > normalise12
2018-05-18 10:27:16:494 Info: > normalise12
2018-05-18 10:27:16:573 Info: > normalise11
2018-05-18 10:27:16:651 Info: > normalise13
2018-05-18 10:27:16:729 Info: > normalise11
2018-05-18 10:27:16:807 Info: > normalise12
2018-05-18 10:27:16:885 Info: > normalise11
2018-05-18 10:27:16:963 Info: > normalise11
2018-05-18 10:27:17:057 Info: > normalise20
2018-05-18 10:27:17:120 Info: > normalise10
2018-05-18 10:27:17:198 Info: > normalise11
2018-05-18 10:27:17:291 Info: > normalise13
2018-05-18 10:27:17:369 Info: > normalise11
2018-05-18 10:27:17:448 Info: > normalise13
2018-05-18 10:27:17:526 Info: > normalise11
2018-05-18 10:27:17:604 Info: > normalise11
2018-05-18 10:27:17:682 Info: > normalise12
2018-05-18 10:27:17:760 Info: > normalise11
2018-05-18 10:27:17:838 Info: > normalise13
2018-05-18 10:27:17:916 Info: > normalise11
2018-05-18 10:27:18:010 Info: > normalise16
2018-05-18 10:27:18:088 Info: > normalise16
2018-05-18 10:27:18:166 Info: > normalise11
2018-05-18 10:27:18:245 Error: > ScannerFunctionality_NormalizationByTime: Index was outside the bounds of the array.
2018-05-18 10:27:18:245 Info: > normalise16
2018-05-18 10:27:18:323 Info: > normalise11
2018-05-18 10:27:18:401 Info: > normalise13
2018-05-18 10:27:18:479 Info: > normalise10
2018-05-18 10:27:18:557 Info: > normalise13
2018-05-18 10:27:18:635 Info: > normalise13
2018-05-18 10:27:18:713 Info: > normalise11
2018-05-18 10:27:18:807 Info: > normalise13
2018-05-18 10:27:18:870 Info: > normalise11
2018-05-18 10:27:18:963 Info: > normalise11
2018-05-18 10:27:19:041 Info: > normalise13
2018-05-18 10:27:19:120 Info: > normalise12
2018-05-18 10:27:19:198 Info: > normalise13
2018-05-18 10:27:19:276 Info: > normalise11
2018-05-18 10:27:19:354 Info: > normalise11
2018-05-18 10:27:19:432 Error: > ScannerFunctionality_NormalizationByTime: Index was outside the bounds of the array.
2018-05-18 10:27:19:432 Info: > normalise16
2018-05-18 10:27:19:510 Info: > normalise11
2018-05-18 10:27:19:588 Info: > normalise11
2018-05-18 10:27:19:666 Info: > normalise10
2018-05-18 10:27:19:760 Info: > normalise11
2018-05-18 10:27:19:838 Info: > normalise12
2018-05-18 10:27:19:916 Info: > normalise11
2018-05-18 10:27:19:995 Info: > normalise11
2018-05-18 10:27:20:073 Info: > normalise12
2018-05-18 10:27:20:151 Info: > normalise11
2018-05-18 10:27:20:229 Info: > normalise15
2018-05-18 10:27:20:307 Info: > normalise12
2018-05-18 10:27:20:385 Info: > normalise10
2018-05-18 10:27:20:463 Info: > normalise11
2018-05-18 10:27:20:557 Info: > normalise12
2018-05-18 10:27:20:635 Info: > normalise16
2018-05-18 10:27:20:713 Info: > normalise11
2018-05-18 10:27:20:791 Info: > normalise11
2018-05-18 10:27:20:870 Info: > normalise11
2018-05-18 10:27:20:948 Info: > normalise12
2018-05-18 10:27:21:026 Info: > normalise13
2018-05-18 10:27:21:104 Info: > normalise11
2018-05-18 10:27:21:182 Info: > normalise12
2018-05-18 10:27:21:260 Info: > normalise11
2018-05-18 10:27:21:338 Info: > normalise11
2018-05-18 10:27:21:432 Error: > ScannerFunctionality_NormalizationByTime: Index was outside the bounds of the array.
2018-05-18 10:27:21:432 Info: > normalise16
2018-05-18 10:27:21:510 Info: > normalise11
2018-05-18 10:27:21:588 Info: > normalise11
2018-05-18 10:27:21:666 Info: > normalise18
2018-05-18 10:27:21:745 Info: > normalise11
2018-05-18 10:27:21:823 Info: > normalise13
2018-05-18 10:27:21:901 Info: > normalise11
2018-05-18 10:27:21:979 Info: > normalise11
2018-05-18 10:27:22:057 Info: > normalise13
2018-05-18 10:27:22:135 Info: > normalise10
2018-05-18 10:27:22:229 Info: > normalise14
2018-05-18 10:27:22:307 Info: > normalise13
2018-05-18 10:27:22:385 Info: > normalise11
2018-05-18 10:27:22:463 Info: > normalise12
2018-05-18 10:27:22:541 Info: > normalise13
2018-05-18 10:27:22:620 Error: > ScannerFunctionality_NormalizationByTime: Index was outside the bounds of the array.
2018-05-18 10:27:22:620 Info: > normalise17
2018-05-18 10:27:22:698 Info: > normalise16
2018-05-18 10:27:22:776 Info: > normalise11
2018-05-18 10:27:22:854 Info: > normalise11
2018-05-18 10:27:22:932 Info: > normalise12
2018-05-18 10:27:23:026 Info: > normalise12
2018-05-18 10:27:23:104 Info: > normalise11
2018-05-18 10:27:23:182 Info: > normalise12
2018-05-18 10:27:23:260 Info: > normalise11
2018-05-18 10:27:23:338 Info: > normalise13
2018-05-18 10:27:23:416 Info: > normalise13
2018-05-18 10:27:23:495 Info: > normalise11
2018-05-18 10:27:23:573 Info: > normalise10
2018-05-18 10:27:23:651 Info: > normalise11
2018-05-18 10:27:23:745 Info: > normalise15
2018-05-18 10:27:23:823 Info: > normalise13
2018-05-18 10:27:23:901 Info: > normalise11
2018-05-18 10:27:23:979 Info: > normalise11
2018-05-18 10:27:24:057 Info: > normalise14
2018-05-18 10:27:24:135 Info: > normalise11
2018-05-18 10:27:24:213 Info: > normalise15
2018-05-18 10:27:24:291 Info: > normalise12
2018-05-18 10:27:24:370 Info: > normalise10
2018-05-18 10:27:24:448 Info: > normalise14
2018-05-18 10:27:24:526 Info: > normalise11
2018-05-18 10:27:24:620 Error: > ScannerFunctionality_NormalizationByTime: Index was outside the bounds of the array.
2018-05-18 10:27:24:620 Info: > normalise15
2018-05-18 10:27:24:682 Info: > normalise11
2018-05-18 10:27:24:776 Info: > normalise11
2018-05-18 10:27:24:854 Info: > normalise12
2018-05-18 10:27:24:932 Info: > normalise11
2018-05-18 10:27:25:010 Info: > normalise13
2018-05-18 10:27:25:088 Info: > normalise13
2018-05-18 10:27:25:166 Info: > normalise10
2018-05-18 10:27:25:245 Info: > normalise16
2018-05-18 10:27:25:323 Info: > normalise11
2018-05-18 10:27:25:401 Info: > normalise13
2018-05-18 10:27:25:479 Info: > normalise10
2018-05-18 10:27:25:573 Info: > normalise11
2018-05-18 10:27:25:651 Info: > normalise11
2018-05-18 10:27:25:729 Info: > normalise11
2018-05-18 10:27:25:807 Error: > ScannerFunctionality_NormalizationByTime: Index was outside the bounds of the array.
2018-05-18 10:27:25:807 Info: > normalise15
2018-05-18 10:27:25:885 Info: > normalise11
2018-05-18 10:27:25:963 Info: > normalise12
2018-05-18 10:27:26:041 Info: > normalise11
2018-05-18 10:27:26:120 Info: > normalise11
2018-05-18 10:27:26:198 Info: > normalise14
2018-05-18 10:27:26:276 Info: > normalise11
2018-05-18 10:27:26:354 Info: > normalise11
2018-05-18 10:27:26:448 Info: > normalise12
2018-05-18 10:27:26:526 Info: > normalise12
2018-05-18 10:27:26:604 Info: > normalise14
2018-05-18 10:27:26:682 Info: > normalise10
2018-05-18 10:27:26:760 Info: > normalise17
2018-05-18 10:27:26:838 Info: > normalise13
2018-05-18 10:27:26:916 Info: > normalise11
2018-05-18 10:27:26:995 Info: > normalise13
2018-05-18 10:27:27:073 Info: > normalise12
2018-05-18 10:27:27:151 Info: > normalise11
2018-05-18 10:27:27:245 Info: > normalise11
2018-05-18 10:27:27:323 Info: > normalise11
2018-05-18 10:27:27:401 Info: > normalise15
2018-05-18 10:27:27:479 Info: > normalise13
2018-05-18 10:27:27:557 Info: > normalise11
2018-05-18 10:27:27:635 Info: > normalise11
2018-05-18 10:27:27:713 Info: > normalise12
2018-05-18 10:27:27:807 Error: > ScannerFunctionality_NormalizationByTime: Index was outside the bounds of the array.
2018-05-18 10:27:27:807 Info: > normalise20
2018-05-18 10:27:27:870 Info: > normalise11
2018-05-18 10:27:27:948 Info: > normalise11
2018-05-18 10:27:28:026 Info: > normalise10
2018-05-18 10:27:28:120 Info: > normalise11
2018-05-18 10:27:28:198 Info: > normalise14
2018-05-18 10:27:28:276 Info: > normalise16
2018-05-18 10:27:28:354 Info: > normalise12
2018-05-18 10:27:28:432 Info: > normalise12
2018-05-18 10:27:28:510 Info: > normalise11
2018-05-18 10:27:28:588 Info: > normalise13
2018-05-18 10:27:28:666 Info: > normalise12
2018-05-18 10:27:28:745 Info: > normalise11
2018-05-18 10:27:28:823 Info: > normalise11
2018-05-18 10:27:28:916 Info: > normalise11
2018-05-18 10:27:28:995 Error: > ScannerFunctionality_NormalizationByTime: Index was outside the bounds of the array.
2018-05-18 10:27:28:995 Info: > normalise17
2018-05-18 10:27:29:073 Info: > normalise11
2018-05-18 10:27:29:151 Info: > normalise11
2018-05-18 10:27:29:229 Info: > normalise12
2018-05-18 10:27:29:307 Info: > normalise11
2018-05-18 10:27:29:385 Info: > normalise13
2018-05-18 10:27:29:463 Info: > normalise11
2018-05-18 10:27:29:541 Info: > normalise11
2018-05-18 10:27:29:620 Info: > normalise11
2018-05-18 10:27:29:713 Info: > normalise11
2018-05-18 10:27:29:791 Info: > normalise13
2018-05-18 10:27:29:870 Info: > normalise17
2018-05-18 10:27:29:948 Info: > normalise11
2018-05-18 10:27:30:026 Info: > normalise11
2018-05-18 10:27:30:104 Info: > normalise13
2018-05-18 10:27:30:182 Info: > normalise12
2018-05-18 10:27:30:260 Info: > normalise13
2018-05-18 10:27:30:338 Info: > normalise13
2018-05-18 10:27:30:416 Info: > normalise11
2018-05-18 10:27:30:510 Info: > normalise12
2018-05-18 10:27:30:588 Info: > normalise13
2018-05-18 10:27:30:666 Info: > normalise11
2018-05-18 10:27:30:745 Info: > normalise12
2018-05-18 10:27:30:823 Info: > normalise11
2018-05-18 10:27:30:901 Info: > normalise11
2018-05-18 10:27:30:979 Error: > ScannerFunctionality_NormalizationByTime: Index was outside the bounds of the array.
2018-05-18 10:27:30:979 Info: > normalise18
2018-05-18 10:27:31:057 Info: > normalise11
2018-05-18 10:27:31:135 Info: > normalise11
2018-05-18 10:27:31:213 Info: > normalise11
2018-05-18 10:27:31:291 Info: > normalise11
2018-05-18 10:27:31:385 Info: > normalise12
2018-05-18 10:27:31:463 Info: > normalise13
2018-05-18 10:27:31:541 Info: > normalise11
2018-05-18 10:27:31:620 Info: > normalise12
2018-05-18 10:27:31:698 Info: > normalise12
2018-05-18 10:27:31:776 Info: > normalise13
2018-05-18 10:27:31:854 Info: > normalise13
2018-05-18 10:27:31:932 Info: > normalise16
2018-05-18 10:27:32:010 Info: > normalise11
2018-05-18 10:27:32:104 Info: > normalise14
2018-05-18 10:27:32:182 Error: > ScannerFunctionality_NormalizationByTime: Index was outside the bounds of the array.
2018-05-18 10:27:32:182 Info: > normalise16
2018-05-18 10:27:32:260 Info: > normalise12
2018-05-18 10:27:32:338 Info: > normalise12
2018-05-18 10:27:32:416 Info: > normalise11
2018-05-18 10:27:32:495 Info: > normalise12
2018-05-18 10:27:32:573 Info: > normalise13
2018-05-18 10:27:32:651 Info: > normalise10
2018-05-18 10:27:32:729 Info: > normalise12
2018-05-18 10:27:32:807 Info: > normalise11
2018-05-18 10:27:32:885 Info: > normalise11
2018-05-18 10:27:32:979 Info: > normalise16
2018-05-18 10:27:33:041 Info: > normalise10
2018-05-18 10:27:33:135 Info: > normalise11
2018-05-18 10:27:33:213 Info: > normalise11
2018-05-18 10:27:33:291 Info: > normalise11
2018-05-18 10:27:33:370 Info: > normalise14
2018-05-18 10:27:33:448 Info: > normalise11
2018-05-18 10:27:33:526 Info: > normalise10
2018-05-18 10:27:33:604 Info: > normalise14
2018-05-18 10:27:33:682 Info: > normalise11
2018-05-18 10:27:33:760 Info: > normalise13
2018-05-18 10:27:33:838 Info: > normalise11
2018-05-18 10:27:33:932 Info: > normalise11
2018-05-18 10:27:34:010 Info: > normalise9
2018-05-18 10:27:34:088 Info: > normalise11
2018-05-18 10:27:34:166 Error: > ScannerFunctionality_NormalizationByTime: Index was outside the bounds of the array.
2018-05-18 10:27:34:166 Info: > normalise15
2018-05-18 10:27:34:245 Info: > normalise12
2018-05-18 10:27:34:323 Info: > normalise10
2018-05-18 10:27:34:401 Info: > normalise11
2018-05-18 10:27:34:479 Info: > normalise13
2018-05-18 10:27:34:557 Info: > normalise13
2018-05-18 10:27:34:651 Info: > normalise16
2018-05-18 10:27:34:713 Info: > normalise11
2018-05-18 10:27:34:807 Info: > normalise11
2018-05-18 10:27:34:885 Info: > normalise11
2018-05-18 10:27:34:963 Info: > normalise13
2018-05-18 10:27:35:041 Info: > normalise18
2018-05-18 10:27:35:120 Info: > normalise12
2018-05-18 10:27:35:198 Info: > normalise14
2018-05-18 10:27:35:276 Info: > normalise11
2018-05-18 10:27:35:370 Error: > ScannerFunctionality_NormalizationByTime: Index was outside the bounds of the array.
2018-05-18 10:27:35:370 Info: > normalise16
2018-05-18 10:27:35:432 Info: > normalise11
2018-05-18 10:27:35:510 Info: > normalise11
2018-05-18 10:27:35:604 Info: > normalise11
2018-05-18 10:27:35:682 Info: > normalise11
2018-05-18 10:27:35:760 Info: > normalise13
2018-05-18 10:27:35:838 Info: > normalise11
2018-05-18 10:27:35:916 Info: > normalise11
2018-05-18 10:27:35:995 Info: > normalise12
2018-05-18 10:27:36:088 Info: > normalise17
2018-05-18 10:27:36:151 Info: > normalise13
2018-05-18 10:27:36:229 Info: > normalise12
2018-05-18 10:27:36:307 Info: > normalise10
2018-05-18 10:27:36:401 Info: > normalise11
2018-05-18 10:27:36:479 Info: > normalise12
2018-05-18 10:27:36:557 Info: > normalise12
2018-05-18 10:27:36:635 Info: > normalise13
2018-05-18 10:27:36:713 Info: > normalise11
2018-05-18 10:27:36:791 Info: > normalise13
2018-05-18 10:27:36:870 Info: > normalise13
2018-05-18 10:27:36:948 Info: > normalise13
2018-05-18 10:27:37:026 Info: > normalise12
2018-05-18 10:27:37:104 Info: > normalise11
2018-05-18 10:27:37:198 Info: > normalise12
2018-05-18 10:27:37:276 Info: > normalise11
2018-05-18 10:27:37:354 Error: > ScannerFunctionality_NormalizationByTime: Index was outside the bounds of the array.
2018-05-18 10:27:37:354 Info: > normalise16
2018-05-18 10:27:37:432 Info: > normalise12
2018-05-18 10:27:37:510 Info: > normalise12
2018-05-18 10:27:37:588 Info: > normalise11
2018-05-18 10:27:37:666 Info: > normalise11
2018-05-18 10:27:37:745 Info: > normalise14
2018-05-18 10:27:37:823 Info: > normalise11
2018-05-18 10:27:37:901 Info: > normalise11
2018-05-18 10:27:37:979 Info: > normalise12
2018-05-18 10:27:38:057 Info: > normalise11
2018-05-18 10:27:38:166 Info: > normalise28
2018-05-18 10:27:38:229 Info: > normalise13
2018-05-18 10:27:38:307 Info: > normalise11
2018-05-18 10:27:38:385 Info: > normalise11
2018-05-18 10:27:38:463 Info: > normalise13
2018-05-18 10:27:38:557 Error: > ScannerFunctionality_NormalizationByTime: Index was outside the bounds of the array.
2018-05-18 10:27:38:557 Info: > normalise18
2018-05-18 10:27:38:620 Info: > normalise11
2018-05-18 10:27:38:698 Info: > normalise10
2018-05-18 10:27:38:776 Info: > normalise11
2018-05-18 10:27:38:854 Info: > normalise11
2018-05-18 10:27:38:948 Info: > normalise12
2018-05-18 10:27:39:026 Info: > normalise11
2018-05-18 10:27:39:104 Info: > normalise11
2018-05-18 10:27:39:182 Info: > normalise18
2018-05-18 10:27:39:260 Info: > normalise11
2018-05-18 10:27:39:338 Info: > normalise13
2018-05-18 10:27:39:416 Info: > normalise11
2018-05-18 10:27:39:495 Info: > normalise12
2018-05-18 10:27:39:573 Info: > normalise11
2018-05-18 10:27:39:651 Info: > normalise11
2018-05-18 10:27:39:745 Info: > normalise13
2018-05-18 10:27:39:823 Info: > normalise11
2018-05-18 10:27:39:901 Info: > normalise11
2018-05-18 10:27:39:979 Info: > normalise11
2018-05-18 10:27:40:057 Info: > normalise11
2018-05-18 10:27:40:135 Info: > normalise13
2018-05-18 10:27:40:213 Info: > normalise17
2018-05-18 10:27:40:292 Info: > normalise11
2018-05-18 10:27:40:370 Info: > normalise11
2018-05-18 10:27:40:448 Info: > normalise11
2018-05-18 10:27:40:541 Error: > ScannerFunctionality_NormalizationByTime: Index was outside the bounds of the array.
2018-05-18 10:27:40:541 Info: > normalise17
2018-05-18 10:27:40:620 Info: > normalise11
2018-05-18 10:27:40:698 Info: > normalise12
2018-05-18 10:27:40:776 Info: > normalise11
2018-05-18 10:27:40:854 Info: > normalise11
2018-05-18 10:27:40:932 Info: > normalise13
2018-05-18 10:27:41:010 Info: > normalise12
2018-05-18 10:27:41:088 Info: > normalise11
2018-05-18 10:27:41:166 Info: > normalise11
2018-05-18 10:27:41:260 Info: > normalise17
2018-05-18 10:27:41:338 Info: > normalise13
2018-05-18 10:27:41:417 Info: > normalise11
2018-05-18 10:27:41:495 Info: > normalise11
2018-05-18 10:27:41:573 Info: > normalise11
2018-05-18 10:27:41:651 Info: > normalise12
2018-05-18 10:27:41:729 Error: > ScannerFunctionality_NormalizationByTime: Index was outside the bounds of the array.
2018-05-18 10:27:41:729 Info: > normalise18
2018-05-18 10:27:41:807 Info: > normalise11
2018-05-18 10:27:41:885 Info: > normalise11
2018-05-18 10:27:41:963 Info: > normalise10
2018-05-18 10:27:42:042 Info: > normalise11
2018-05-18 10:27:42:135 Info: > normalise12
2018-05-18 10:27:42:198 Info: > normalise11
2018-05-18 10:27:42:292 Info: > normalise11
2018-05-18 10:27:42:370 Info: > normalise17
2018-05-18 10:27:42:448 Info: > normalise11
2018-05-18 10:27:42:526 Info: > normalise17
2018-05-18 10:27:42:604 Info: > normalise11
2018-05-18 10:27:42:682 Info: > normalise12
2018-05-18 10:27:42:776 Info: > normalise25
2018-05-18 10:27:42:838 Info: > normalise10
2018-05-18 10:27:42:916 Info: > normalise12
2018-05-18 10:27:42:995 Info: > normalise11
2018-05-18 10:27:43:088 Info: > normalise11
2018-05-18 10:27:43:166 Info: > normalise11
2018-05-18 10:27:43:245 Info: > normalise11
2018-05-18 10:27:43:323 Info: > normalise13
2018-05-18 10:27:43:401 Info: > normalise13
2018-05-18 10:27:43:479 Info: > normalise12
2018-05-18 10:27:43:557 Info: > normalise11
2018-05-18 10:27:43:635 Info: > normalise12
2018-05-18 10:27:43:729 Error: > ScannerFunctionality_NormalizationByTime: Index was outside the bounds of the array.
2018-05-18 10:27:43:729 Info: > normalise16
2018-05-18 10:27:43:792 Info: > normalise11
2018-05-18 10:27:43:870 Info: > normalise11
2018-05-18 10:27:43:963 Info: > normalise10
2018-05-18 10:27:44:041 Info: > normalise12
2018-05-18 10:27:44:120 Info: > normalise13
2018-05-18 10:27:44:198 Info: > normalise12
2018-05-18 10:27:44:276 Info: > normalise12
2018-05-18 10:27:44:354 Info: > normalise11
2018-05-18 10:27:44:432 Info: > normalise11
2018-05-18 10:27:44:510 Info: > normalise13
2018-05-18 10:27:44:588 Info: > normalise11
2018-05-18 10:27:44:667 Info: > normalise11
2018-05-18 10:27:44:760 Info: > normalise16
2018-05-18 10:27:44:838 Info: > normalise12
2018-05-18 10:27:44:917 Error: > ScannerFunctionality_NormalizationByTime: Index was outside the bounds of the array.
2018-05-18 10:27:44:917 Info: > normalise16
2018-05-18 10:27:44:995 Info: > normalise11
2018-05-18 10:27:45:073 Info: > normalise11
2018-05-18 10:27:45:151 Info: > normalise12
2018-05-18 10:27:45:229 Info: > normalise11
2018-05-18 10:27:45:307 Info: > normalise13
2018-05-18 10:27:45:385 Info: > normalise12
2018-05-18 10:27:45:463 Info: > normalise11
2018-05-18 10:27:45:542 Info: > normalise10
2018-05-18 10:27:45:635 Info: > normalise11
2018-05-18 10:27:45:713 Info: > normalise13
2018-05-18 10:27:45:792 Info: > normalise14
2018-05-18 10:27:45:870 Info: > normalise17
2018-05-18 10:27:45:948 Info: > normalise11
2018-05-18 10:27:46:026 Info: > normalise12
2018-05-18 10:27:46:104 Info: > normalise12
2018-05-18 10:27:46:182 Info: > normalise10
2018-05-18 10:27:46:276 Info: > normalise14
2018-05-18 10:27:46:338 Info: > normalise11
2018-05-18 10:27:46:432 Info: > normalise11
2018-05-18 10:27:46:510 Info: > normalise13
2018-05-18 10:27:46:588 Info: > normalise13
2018-05-18 10:27:46:667 Info: > normalise13
2018-05-18 10:27:46:745 Info: > normalise10
2018-05-18 10:27:46:823 Info: > normalise11
2018-05-18 10:27:46:901 Error: > ScannerFunctionality_NormalizationByTime: Index was outside the bounds of the array.
2018-05-18 10:27:46:901 Info: > normalise17
2018-05-18 10:27:46:979 Info: > normalise11
2018-05-18 10:27:47:057 Info: > normalise11
2018-05-18 10:27:47:151 Info: > normalise13
2018-05-18 10:27:47:229 Info: > normalise11
2018-05-18 10:27:47:307 Info: > normalise12
2018-05-18 10:27:47:385 Info: > normalise11
2018-05-18 10:27:47:463 Info: > normalise11
2018-05-18 10:27:47:542 Info: > normalise12
2018-05-18 10:27:47:620 Info: > normalise11
2018-05-18 10:27:47:698 Info: > normalise13
2018-05-18 10:27:47:776 Info: > normalise12
2018-05-18 10:27:47:854 Info: > normalise11
2018-05-18 10:27:47:932 Info: > normalise10
2018-05-18 10:27:48:010 Info: > normalise12
2018-05-18 10:27:48:104 Error: > ScannerFunctionality_NormalizationByTime: Index was outside the bounds of the array.
2018-05-18 10:27:48:104 Info: > normalise16
2018-05-18 10:27:48:182 Info: > normalise11
2018-05-18 10:27:48:260 Info: > normalise13
2018-05-18 10:27:48:338 Info: > normalise11
2018-05-18 10:27:48:416 Info: > normalise12
2018-05-18 10:27:48:495 Info: > normalise17
2018-05-18 10:27:48:573 Info: > normalise13
2018-05-18 10:27:48:651 Info: > normalise11
2018-05-18 10:27:48:729 Info: > normalise12
2018-05-18 10:27:48:807 Info: > normalise11
2018-05-18 10:27:48:901 Info: > normalise13
2018-05-18 10:27:48:979 Info: > normalise11
2018-05-18 10:27:49:057 Info: > normalise11
2018-05-18 10:27:49:135 Info: > normalise11
2018-05-18 10:27:49:213 Info: > normalise11
2018-05-18 10:27:49:291 Info: > normalise14
2018-05-18 10:27:49:370 Info: > normalise11
2018-05-18 10:27:49:448 Info: > normalise11
2018-05-18 10:27:49:526 Info: > normalise12
2018-05-18 10:27:49:604 Info: > normalise11
2018-05-18 10:27:49:698 Info: > normalise12
2018-05-18 10:27:49:776 Info: > normalise11
2018-05-18 10:27:49:854 Info: > normalise11
2018-05-18 10:27:49:932 Info: > normalise11
2018-05-18 10:27:50:010 Info: > normalise11
2018-05-18 10:27:50:088 Error: > ScannerFunctionality_NormalizationByTime: Index was outside the bounds of the array.
2018-05-18 10:27:50:088 Info: > normalise16
2018-05-18 10:27:50:167 Info: > normalise11
2018-05-18 10:27:50:245 Info: > normalise13
2018-05-18 10:27:50:323 Info: > normalise11
2018-05-18 10:27:50:401 Info: > normalise11
2018-05-18 10:27:50:495 Info: > normalise15
2018-05-18 10:27:50:573 Info: > normalise13
2018-05-18 10:27:50:651 Info: > normalise11
2018-05-18 10:27:50:729 Info: > normalise11
2018-05-18 10:27:50:807 Info: > normalise11
2018-05-18 10:27:50:885 Info: > normalise13
2018-05-18 10:27:50:963 Info: > normalise11
2018-05-18 10:27:51:042 Info: > normalise12
2018-05-18 10:27:51:120 Info: > normalise11
2018-05-18 10:27:51:198 Info: > normalise11
2018-05-18 10:27:51:292 Error: > ScannerFunctionality_NormalizationByTime: Index was outside the bounds of the array.
2018-05-18 10:27:51:292 Info: > normalise17
2018-05-18 10:27:51:354 Info: > normalise10
2018-05-18 10:27:51:448 Info: > normalise11
2018-05-18 10:27:51:526 Info: > normalise18
2018-05-18 10:27:51:604 Info: > normalise11
2018-05-18 10:27:51:682 Info: > normalise13
2018-05-18 10:27:51:760 Info: > normalise10
2018-05-18 10:27:51:838 Info: > normalise11
2018-05-18 10:27:51:917 Info: > normalise11
2018-05-18 10:27:51:995 Info: > normalise11
2018-05-18 10:27:52:073 Info: > normalise13
2018-05-18 10:27:52:151 Info: > normalise10
2018-05-18 10:27:52:229 Info: > normalise11
2018-05-18 10:27:52:323 Info: > normalise12
2018-05-18 10:27:52:401 Info: > normalise14
2018-05-18 10:27:52:479 Info: > normalise13
2018-05-18 10:27:52:557 Info: > normalise11
2018-05-18 10:27:52:635 Info: > normalise12
2018-05-18 10:27:52:713 Info: > normalise11
2018-05-18 10:27:52:792 Info: > normalise11
2018-05-18 10:27:52:870 Info: > normalise13
2018-05-18 10:27:52:948 Info: > normalise11
2018-05-18 10:27:53:042 Info: > normalise13
2018-05-18 10:27:53:120 Info: > normalise10
2018-05-18 10:27:53:198 Info: > normalise11
2018-05-18 10:27:53:276 Error: > ScannerFunctionality_NormalizationByTime: Index was outside the bounds of the array.
2018-05-18 10:27:53:276 Info: > normalise18
2018-05-18 10:27:53:354 Info: > normalise11
2018-05-18 10:27:53:432 Info: > normalise12
2018-05-18 10:27:53:510 Info: > normalise11
2018-05-18 10:27:53:588 Info: > normalise11
2018-05-18 10:27:53:667 Info: > normalise14
2018-05-18 10:27:53:745 Info: > normalise11
2018-05-18 10:27:53:823 Info: > normalise11
2018-05-18 10:27:53:917 Info: > normalise12
2018-05-18 10:27:53:995 Info: > normalise11
2018-05-18 10:27:54:073 Info: > normalise13
2018-05-18 10:27:54:151 Info: > normalise11
2018-05-18 10:27:54:229 Info: > normalise11
2018-05-18 10:27:54:307 Info: > normalise12
2018-05-18 10:27:54:385 Info: > normalise11
2018-05-18 10:27:54:479 Error: > ScannerFunctionality_NormalizationByTime: Index was outside the bounds of the array.
2018-05-18 10:27:54:479 Info: > normalise18
2018-05-18 10:27:54:542 Info: > normalise11
2018-05-18 10:27:54:635 Info: > normalise13
2018-05-18 10:27:54:698 Info: > normalise11
2018-05-18 10:27:54:792 Info: > normalise12
2018-05-18 10:27:54:870 Info: > normalise13
2018-05-18 10:27:54:948 Info: > normalise11
2018-05-18 10:27:55:026 Info: > normalise11
2018-05-18 10:27:55:104 Info: > normalise11
2018-05-18 10:27:55:182 Info: > normalise11
2018-05-18 10:27:55:260 Info: > normalise13
2018-05-18 10:27:55:338 Info: > normalise11
2018-05-18 10:27:55:417 Info: > normalise11
2018-05-18 10:27:55:495 Info: > normalise11
2018-05-18 10:27:55:588 Info: > normalise11
2018-05-18 10:27:55:667 Info: > normalise13
2018-05-18 10:27:55:745 Info: > normalise11
2018-05-18 10:27:55:823 Info: > normalise11
2018-05-18 10:27:55:901 Info: > normalise11
2018-05-18 10:27:55:979 Info: > normalise10
2018-05-18 10:27:56:057 Info: > normalise15
2018-05-18 10:27:56:135 Info: > normalise11
2018-05-18 10:27:56:213 Info: > normalise11
2018-05-18 10:27:56:307 Info: > normalise14
2018-05-18 10:27:56:370 Info: > normalise10
2018-05-18 10:27:56:463 Error: > ScannerFunctionality_NormalizationByTime: Index was outside the bounds of the array.
2018-05-18 10:27:56:463 Info: > normalise17
2018-05-18 10:27:56:542 Info: > normalise12
2018-05-18 10:27:56:620 Info: > normalise13
2018-05-18 10:27:56:698 Info: > normalise12
2018-05-18 10:27:56:776 Info: > normalise11
2018-05-18 10:27:56:854 Info: > normalise13
2018-05-18 10:27:56:932 Info: > normalise11
2018-05-18 10:27:57:010 Info: > normalise11
2018-05-18 10:27:57:088 Info: > normalise11
2018-05-18 10:27:57:167 Info: > normalise11
2018-05-18 10:27:57:260 Info: > normalise13
2018-05-18 10:27:57:338 Info: > normalise11
2018-05-18 10:27:57:417 Info: > normalise12
2018-05-18 10:27:57:495 Info: > normalise11
2018-05-18 10:27:57:573 Info: > normalise11
2018-05-18 10:27:57:651 Error: > ScannerFunctionality_NormalizationByTime: Index was outside the bounds of the array.
2018-05-18 10:27:57:651 Info: > normalise18
2018-05-18 10:27:57:729 Info: > normalise12
2018-05-18 10:27:57:807 Info: > normalise11
2018-05-18 10:27:57:885 Info: > normalise11
2018-05-18 10:27:57:963 Info: > normalise11
2018-05-18 10:27:58:057 Info: > normalise14
2018-05-18 10:27:58:135 Info: > normalise11
2018-05-18 10:27:58:213 Info: > normalise11
2018-05-18 10:27:58:292 Info: > normalise13
2018-05-18 10:27:58:370 Info: > normalise10
2018-05-18 10:27:58:448 Info: > normalise13
2018-05-18 10:27:58:526 Info: > normalise15
2018-05-18 10:27:58:604 Info: > normalise11
2018-05-18 10:27:58:682 Info: > normalise12
2018-05-18 10:27:58:776 Info: > normalise16
2018-05-18 10:27:58:838 Info: > normalise12
2018-05-18 10:27:58:932 Info: > normalise13
2018-05-18 10:27:59:010 Info: > normalise11
2018-05-18 10:27:59:088 Info: > normalise11
2018-05-18 10:27:59:167 Info: > normalise11
2018-05-18 10:27:59:245 Info: > normalise13
2018-05-18 10:27:59:323 Info: > normalise11
2018-05-18 10:27:59:401 Info: > normalise10
2018-05-18 10:27:59:479 Info: > normalise11
2018-05-18 10:27:59:557 Info: > normalise11
2018-05-18 10:27:59:651 Error: > ScannerFunctionality_NormalizationByTime: Index was outside the bounds of the array.
2018-05-18 10:27:59:651 Info: > normalise16
2018-05-18 10:27:59:713 Info: > normalise11
2018-05-18 10:27:59:807 Info: > normalise12
2018-05-18 10:27:59:885 Info: > normalise11
2018-05-18 10:27:59:963 Info: > normalise11
2018-05-18 10:28:00:042 Info: > normalise13
2018-05-18 10:28:00:120 Info: > normalise11
2018-05-18 10:28:00:198 Info: > normalise10
2018-05-18 10:28:00:276 Info: > normalise11
2018-05-18 10:28:00:354 Info: > normalise10
2018-05-18 10:28:00:448 Info: > normalise16
2018-05-18 10:28:00:526 Info: > normalise13
2018-05-18 10:28:00:604 Info: > normalise11
2018-05-18 10:28:00:682 Info: > normalise12
2018-05-18 10:28:00:760 Info: > normalise11
2018-05-18 10:28:00:838 Error: > ScannerFunctionality_NormalizationByTime: Index was outside the bounds of the array.
2018-05-18 10:28:00:838 Info: > normalise15
2018-05-18 10:28:00:917 Info: > normalise13
2018-05-18 10:28:00:995 Info: > normalise11
2018-05-18 10:28:01:073 Info: > normalise11
2018-05-18 10:28:01:151 Info: > normalise11
2018-05-18 10:28:01:229 Info: > normalise13
2018-05-18 10:28:01:307 Info: > normalise11
2018-05-18 10:28:01:401 Info: > normalise12
2018-05-18 10:28:01:479 Info: > normalise11
2018-05-18 10:28:01:557 Info: > normalise12
2018-05-18 10:28:01:667 Info: > normalise34
2018-05-18 10:28:01:713 Info: > normalise11
2018-05-18 10:28:01:792 Info: > normalise15
2018-05-18 10:28:01:870 Info: > normalise11
2018-05-18 10:28:01:948 Info: > normalise11
2018-05-18 10:28:02:026 Info: > normalise13
2018-05-18 10:28:02:104 Info: > normalise11
2018-05-18 10:28:02:182 Info: > normalise11
2018-05-18 10:28:02:260 Info: > normalise11
2018-05-18 10:28:02:354 Info: > normalise11
2018-05-18 10:28:02:432 Info: > normalise17
2018-05-18 10:28:02:510 Info: > normalise11
2018-05-18 10:28:02:588 Info: > normalise11
2018-05-18 10:28:02:667 Info: > normalise14
2018-05-18 10:28:02:745 Info: > normalise11
2018-05-18 10:28:02:838 Error: > ScannerFunctionality_NormalizationByTime: Index was outside the bounds of the array.
2018-05-18 10:28:02:838 Info: > normalise18
2018-05-18 10:28:02:901 Info: > normalise10
2018-05-18 10:28:02:979 Info: > normalise11
2018-05-18 10:28:03:057 Info: > normalise11
2018-05-18 10:28:03:151 Info: > normalise11
2018-05-18 10:28:03:229 Info: > normalise13
2018-05-18 10:28:03:307 Info: > normalise12
2018-05-18 10:28:03:385 Info: > normalise11
2018-05-18 10:28:03:463 Info: > normalise11
2018-05-18 10:28:03:542 Info: > normalise11
2018-05-18 10:28:03:620 Info: > normalise13
2018-05-18 10:28:03:698 Info: > normalise11
2018-05-18 10:28:03:776 Info: > normalise11
2018-05-18 10:28:03:854 Info: > normalise11
2018-05-18 10:28:03:932 Info: > normalise11
2018-05-18 10:28:04:026 Error: > ScannerFunctionality_NormalizationByTime: Index was outside the bounds of the array.
2018-05-18 10:28:04:026 Info: > normalise16
2018-05-18 10:28:04:104 Info: > normalise11
2018-05-18 10:28:04:182 Info: > normalise12
2018-05-18 10:28:04:260 Info: > normalise11
2018-05-18 10:28:04:338 Info: > normalise13
2018-05-18 10:28:04:432 Info: > normalise21
2018-05-18 10:28:04:495 Info: > normalise11
2018-05-18 10:28:04:573 Info: > normalise11
2018-05-18 10:28:04:651 Info: > normalise12
2018-05-18 10:28:04:729 Info: > normalise10
2018-05-18 10:28:04:823 Info: > normalise16
2018-05-18 10:28:04:901 Info: > normalise11
2018-05-18 10:28:04:979 Info: > normalise10
2018-05-18 10:28:05:057 Info: > normalise12
2018-05-18 10:28:05:135 Info: > normalise12
2018-05-18 10:28:05:213 Info: > normalise12
2018-05-18 10:28:05:292 Info: > normalise11
2018-05-18 10:28:05:370 Info: > normalise11
2018-05-18 10:28:05:463 Info: > normalise14
2018-05-18 10:28:05:526 Info: > normalise11
2018-05-18 10:28:05:620 Info: > normalise13
2018-05-18 10:28:05:698 Info: > normalise11
2018-05-18 10:28:05:776 Info: > normalise11
2018-05-18 10:28:05:854 Info: > normalise11
2018-05-18 10:28:05:932 Info: > normalise13
2018-05-18 10:28:06:010 Error: > ScannerFunctionality_NormalizationByTime: Index was outside the bounds of the array.
2018-05-18 10:28:06:010 Info: > normalise16
2018-05-18 10:28:06:088 Info: > normalise10
2018-05-18 10:28:06:167 Info: > normalise12
2018-05-18 10:28:06:245 Info: > normalise11
2018-05-18 10:28:06:323 Info: > normalise11
2018-05-18 10:28:06:417 Info: > normalise12
2018-05-18 10:28:06:495 Info: > normalise10
2018-05-18 10:28:06:573 Info: > normalise12
2018-05-18 10:28:06:651 Info: > normalise11
2018-05-18 10:28:06:729 Info: > normalise11
2018-05-18 10:28:06:807 Info: > normalise16
2018-05-18 10:28:06:885 Info: > normalise10
2018-05-18 10:28:06:963 Info: > normalise11
2018-05-18 10:28:07:042 Info: > normalise11
2018-05-18 10:28:07:120 Info: > normalise11
2018-05-18 10:28:07:213 Error: > ScannerFunctionality_NormalizationByTime: Index was outside the bounds of the array.
2018-05-18 10:28:07:213 Info: > normalise17
2018-05-18 10:28:07:276 Info: > normalise11
2018-05-18 10:28:07:370 Info: > normalise11
2018-05-18 10:28:07:448 Info: > normalise12
2018-05-18 10:28:07:526 Info: > normalise10
2018-05-18 10:28:07:604 Info: > normalise13
2018-05-18 10:28:07:682 Info: > normalise12
2018-05-18 10:28:07:760 Info: > normalise11
2018-05-18 10:28:07:838 Info: > normalise11
2018-05-18 10:28:07:917 Info: > normalise13
2018-05-18 10:28:07:995 Info: > normalise13
2018-05-18 10:28:08:073 Info: > normalise11
2018-05-18 10:28:08:167 Info: > normalise11
2018-05-18 10:28:08:245 Info: > normalise11
2018-05-18 10:28:08:323 Info: > normalise14
2018-05-18 10:28:08:401 Info: > normalise14
2018-05-18 10:28:08:479 Info: > normalise15
2018-05-18 10:28:08:557 Info: > normalise13
2018-05-18 10:28:08:635 Info: > normalise11
2018-05-18 10:28:08:713 Info: > normalise11
2018-05-18 10:28:08:792 Info: > normalise13
2018-05-18 10:28:08:870 Info: > normalise11
2018-05-18 10:28:08:948 Info: > normalise11
2018-05-18 10:28:09:042 Info: > normalise13
2018-05-18 10:28:09:120 Info: > normalise11
2018-05-18 10:28:09:198 Error: > ScannerFunctionality_NormalizationByTime: Index was outside the bounds of the array.
2018-05-18 10:28:09:198 Info: > normalise16
2018-05-18 10:28:09:276 Info: > normalise12
2018-05-18 10:28:09:354 Info: > normalise12
2018-05-18 10:28:09:432 Info: > normalise11
2018-05-18 10:28:09:510 Info: > normalise10
2018-05-18 10:28:09:588 Info: > normalise13
2018-05-18 10:28:09:667 Info: > normalise11
2018-05-18 10:28:09:745 Info: > normalise11
2018-05-18 10:28:09:838 Info: > normalise11
2018-05-18 10:28:09:917 Info: > normalise12
2018-05-18 10:28:09:995 Info: > normalise13
2018-05-18 10:28:10:073 Info: > normalise16
2018-05-18 10:28:10:151 Info: > normalise12
2018-05-18 10:28:10:229 Info: > normalise11
2018-05-18 10:28:10:307 Info: > normalise11
2018-05-18 10:28:10:385 Error: > ScannerFunctionality_NormalizationByTime: Index was outside the bounds of the array.
2018-05-18 10:28:10:385 Info: > normalise15
2018-05-18 10:28:10:464 Info: > normalise11
2018-05-18 10:28:10:557 Info: > normalise17
2018-05-18 10:28:10:620 Info: > normalise10
2018-05-18 10:28:10:713 Info: > normalise12
2018-05-18 10:28:10:792 Info: > normalise15
2018-05-18 10:28:10:870 Info: > normalise13
2018-05-18 10:28:10:948 Info: > normalise13
2018-05-18 10:28:11:026 Info: > normalise14
2018-05-18 10:28:11:104 Info: > normalise13
2018-05-18 10:28:11:182 Info: > normalise13
2018-05-18 10:28:11:260 Info: > normalise11
2018-05-18 10:28:11:338 Info: > normalise11
2018-05-18 10:28:11:417 Info: > normalise11
2018-05-18 10:28:11:510 Info: > normalise11
2018-05-18 10:28:11:588 Info: > normalise13
2018-05-18 10:28:11:667 Info: > normalise12
2018-05-18 10:28:11:745 Info: > normalise11
2018-05-18 10:28:11:823 Info: > normalise11
2018-05-18 10:28:11:901 Info: > normalise11
2018-05-18 10:28:11:979 Info: > normalise13
2018-05-18 10:28:12:057 Info: > normalise11
2018-05-18 10:28:12:135 Info: > normalise14
2018-05-18 10:28:12:214 Info: > normalise11
2018-05-18 10:28:12:292 Info: > normalise11
2018-05-18 10:28:12:385 Error: > ScannerFunctionality_NormalizationByTime: Index was outside the bounds of the array.
2018-05-18 10:28:12:385 Info: > normalise17
2018-05-18 10:28:12:464 Info: > normalise13
2018-05-18 10:28:12:542 Info: > normalise11
2018-05-18 10:28:12:620 Info: > normalise11
2018-05-18 10:28:12:698 Info: > normalise14
2018-05-18 10:28:12:776 Info: > normalise12
2018-05-18 10:28:12:854 Info: > normalise11
2018-05-18 10:28:12:932 Info: > normalise11
2018-05-18 10:28:13:010 Info: > normalise11
2018-05-18 10:28:13:088 Info: > normalise11
2018-05-18 10:28:13:182 Info: > normalise13
2018-05-18 10:28:13:260 Info: > normalise11
2018-05-18 10:28:13:338 Info: > normalise12
2018-05-18 10:28:13:417 Info: > normalise12
2018-05-18 10:28:13:495 Info: > normalise11
2018-05-18 10:28:13:573 Error: > ScannerFunctionality_NormalizationByTime: Index was outside the bounds of the array.
2018-05-18 10:28:13:573 Info: > normalise15
2018-05-18 10:28:13:651 Info: > normalise13
2018-05-18 10:28:13:729 Info: > normalise11
2018-05-18 10:28:13:807 Info: > normalise11
2018-05-18 10:28:13:885 Info: > normalise11
2018-05-18 10:28:13:979 Info: > normalise13
2018-05-18 10:28:14:057 Info: > normalise11
2018-05-18 10:28:14:135 Info: > normalise11
2018-05-18 10:28:14:214 Info: > normalise17
2018-05-18 10:28:14:292 Info: > normalise11
2018-05-18 10:28:14:370 Info: > normalise14
2018-05-18 10:28:14:448 Info: > normalise11
2018-05-18 10:28:14:526 Info: > normalise16
2018-05-18 10:28:14:604 Info: > normalise11
2018-05-18 10:28:14:682 Info: > normalise11
2018-05-18 10:28:14:776 Info: > normalise13
2018-05-18 10:28:14:854 Info: > normalise12
2018-05-18 10:28:14:932 Info: > normalise11
2018-05-18 10:28:15:010 Info: > normalise11
2018-05-18 10:28:15:088 Info: > normalise11
2018-05-18 10:28:15:167 Info: > normalise14
2018-05-18 10:28:15:245 Info: > normalise17
2018-05-18 10:28:15:323 Info: > normalise12
2018-05-18 10:28:15:401 Info: > normalise11
2018-05-18 10:28:15:479 Info: > normalise11
2018-05-18 10:28:15:573 Error: > ScannerFunctionality_NormalizationByTime: Index was outside the bounds of the array.
2018-05-18 10:28:15:573 Info: > normalise17
2018-05-18 10:28:15:635 Info: > normalise11
2018-05-18 10:28:15:729 Info: > normalise15
2018-05-18 10:28:15:807 Info: > normalise14
2018-05-18 10:28:15:885 Info: > normalise11
2018-05-18 10:28:15:964 Info: > normalise13
2018-05-18 10:28:16:042 Info: > normalise13
2018-05-18 10:28:16:120 Info: > normalise11
2018-05-18 10:28:16:198 Info: > normalise11
2018-05-18 10:28:16:292 Info: > normalise15
2018-05-18 10:28:16:354 Info: > normalise12
2018-05-18 10:28:16:432 Info: > normalise11
2018-05-18 10:28:16:526 Info: > normalise12
2018-05-18 10:28:16:604 Info: > normalise11
2018-05-18 10:28:16:682 Info: > normalise12
2018-05-18 10:28:16:760 Error: > ScannerFunctionality_NormalizationByTime: Index was outside the bounds of the array.
2018-05-18 10:28:16:760 Info: > normalise19
2018-05-18 10:28:16:838 Info: > normalise12
2018-05-18 10:28:16:917 Info: > normalise12
2018-05-18 10:28:16:995 Info: > normalise11
2018-05-18 10:28:17:073 Info: > normalise11
2018-05-18 10:28:17:151 Info: > normalise13
2018-05-18 10:28:17:229 Info: > normalise11
2018-05-18 10:28:17:323 Info: > normalise12
2018-05-18 10:28:17:401 Info: > normalise11
2018-05-18 10:28:17:479 Info: > normalise11
2018-05-18 10:28:17:557 Info: > normalise13
2018-05-18 10:28:17:635 Info: > normalise11
2018-05-18 10:28:17:714 Info: > normalise10
2018-05-18 10:28:17:792 Info: > normalise14
2018-05-18 10:28:17:870 Info: > normalise11
2018-05-18 10:28:17:948 Info: > normalise14
2018-05-18 10:28:18:026 Info: > normalise11
2018-05-18 10:28:18:104 Info: > normalise10
2018-05-18 10:28:18:198 Info: > normalise12
2018-05-18 10:28:18:276 Info: > normalise11
2018-05-18 10:28:18:354 Info: > normalise13
2018-05-18 10:28:18:432 Info: > normalise10
2018-05-18 10:28:18:510 Info: > normalise12
2018-05-18 10:28:18:589 Info: > normalise13
2018-05-18 10:28:18:667 Info: > normalise11
2018-05-18 10:28:18:760 Error: > ScannerFunctionality_NormalizationByTime: Index was outside the bounds of the array.
2018-05-18 10:28:18:760 Info: > normalise16
2018-05-18 10:28:18:823 Info: > normalise11
2018-05-18 10:28:18:901 Info: > normalise11
2018-05-18 10:28:18:995 Info: > normalise11
2018-05-18 10:28:19:073 Info: > normalise11
2018-05-18 10:28:19:151 Info: > normalise12
2018-05-18 10:28:19:229 Info: > normalise11
2018-05-18 10:28:19:307 Info: > normalise12
2018-05-18 10:28:19:385 Info: > normalise17
2018-05-18 10:28:19:464 Info: > normalise10
2018-05-18 10:28:19:542 Info: > normalise13
2018-05-18 10:28:19:620 Info: > normalise11
2018-05-18 10:28:19:698 Info: > normalise12
2018-05-18 10:28:19:792 Info: > normalise11
2018-05-18 10:28:19:870 Info: > normalise11
2018-05-18 10:28:19:948 Error: > ScannerFunctionality_NormalizationByTime: Index was outside the bounds of the array.
2018-05-18 10:28:19:948 Info: > normalise17
2018-05-18 10:28:20:026 Info: > normalise11
2018-05-18 10:28:20:104 Info: > normalise11
2018-05-18 10:28:20:182 Info: > normalise13
2018-05-18 10:28:20:260 Info: > normalise11
2018-05-18 10:28:20:339 Info: > normalise12
2018-05-18 10:28:20:417 Info: > normalise11
2018-05-18 10:28:20:495 Info: > normalise11
2018-05-18 10:28:20:573 Info: > normalise11
2018-05-18 10:28:20:667 Info: > normalise11
2018-05-18 10:28:20:745 Info: > normalise12
2018-05-18 10:28:20:823 Info: > normalise12
2018-05-18 10:28:20:901 Info: > normalise12
2018-05-18 10:28:20:979 Info: > normalise11
2018-05-18 10:28:21:057 Info: > normalise11
2018-05-18 10:28:21:135 Info: > normalise12
2018-05-18 10:28:21:214 Info: > normalise10
2018-05-18 10:28:21:292 Info: > normalise11
2018-05-18 10:28:21:370 Info: > normalise11
2018-05-18 10:28:21:448 Info: > normalise10
2018-05-18 10:28:21:542 Info: > normalise13
2018-05-18 10:28:21:620 Info: > normalise11
2018-05-18 10:28:21:698 Info: > normalise11
2018-05-18 10:28:21:776 Info: > normalise11
2018-05-18 10:28:21:854 Info: > normalise11
2018-05-18 10:28:21:932 Error: > ScannerFunctionality_NormalizationByTime: Index was outside the bounds of the array.
2018-05-18 10:28:21:932 Info: > normalise16
2018-05-18 10:28:22:010 Info: > normalise10
2018-05-18 10:28:22:089 Info: > normalise11
2018-05-18 10:28:22:167 Info: > normalise10
2018-05-18 10:28:22:245 Info: > normalise11
2018-05-18 10:28:22:339 Info: > normalise13
2018-05-18 10:28:22:417 Info: > normalise11
2018-05-18 10:28:22:495 Info: > normalise12
2018-05-18 10:28:22:573 Info: > normalise16
2018-05-18 10:28:22:651 Info: > normalise11
2018-05-18 10:28:22:729 Info: > normalise13
2018-05-18 10:28:22:807 Info: > normalise10
2018-05-18 10:28:22:885 Info: > normalise10
2018-05-18 10:28:22:979 Info: > normalise14
2018-05-18 10:28:23:042 Info: > normalise12
2018-05-18 10:28:23:135 Error: > ScannerFunctionality_NormalizationByTime: Index was outside the bounds of the array.
2018-05-18 10:28:23:135 Info: > normalise15
2018-05-18 10:28:23:214 Info: > normalise12
2018-05-18 10:28:23:292 Info: > normalise11
2018-05-18 10:28:23:370 Info: > normalise11
2018-05-18 10:28:23:448 Info: > normalise11
2018-05-18 10:28:23:526 Info: > normalise13
2018-05-18 10:28:23:604 Info: > normalise11
2018-05-18 10:28:23:682 Info: > normalise11
2018-05-18 10:28:23:760 Info: > normalise11
2018-05-18 10:28:23:839 Info: > normalise11
2018-05-18 10:28:23:932 Info: > normalise13
2018-05-18 10:28:24:010 Info: > normalise11
2018-05-18 10:28:24:089 Info: > normalise11
2018-05-18 10:28:24:167 Info: > normalise11
2018-05-18 10:28:24:245 Info: > normalise11
2018-05-18 10:28:24:323 Info: > normalise13
2018-05-18 10:28:24:401 Info: > normalise10
2018-05-18 10:28:24:479 Info: > normalise14
2018-05-18 10:28:24:573 Info: > normalise16
2018-05-18 10:28:24:635 Info: > normalise11
2018-05-18 10:28:24:729 Info: > normalise12
2018-05-18 10:28:24:807 Info: > normalise12
2018-05-18 10:28:24:885 Info: > normalise11
2018-05-18 10:28:24:964 Info: > normalise12
2018-05-18 10:28:25:042 Info: > normalise11
2018-05-18 10:28:25:120 Error: > ScannerFunctionality_NormalizationByTime: Index was outside the bounds of the array.
2018-05-18 10:28:25:120 Info: > normalise16
2018-05-18 10:28:25:198 Info: > normalise13
2018-05-18 10:28:25:276 Info: > normalise11
2018-05-18 10:28:25:354 Info: > normalise10
2018-05-18 10:28:25:432 Info: > normalise11
2018-05-18 10:28:25:510 Info: > normalise13
2018-05-18 10:28:25:604 Info: > normalise11
2018-05-18 10:28:25:682 Info: > normalise11
2018-05-18 10:28:25:760 Info: > normalise11
2018-05-18 10:28:25:839 Info: > normalise11
2018-05-18 10:28:25:917 Info: > normalise13
2018-05-18 10:28:25:995 Info: > normalise11
2018-05-18 10:28:26:073 Info: > normalise11
2018-05-18 10:28:26:151 Info: > normalise11
2018-05-18 10:28:26:229 Info: > normalise10
2018-05-18 10:28:26:323 Error: > ScannerFunctionality_NormalizationByTime: Index was outside the bounds of the array.
2018-05-18 10:28:26:323 Info: > normalise16
2018-05-18 10:28:26:385 Info: > normalise11
2018-05-18 10:28:26:479 Info: > normalise11
2018-05-18 10:28:26:557 Info: > normalise13
2018-05-18 10:28:26:635 Info: > normalise11
2018-05-18 10:28:26:714 Info: > normalise13
2018-05-18 10:28:26:792 Info: > normalise11
2018-05-18 10:28:26:870 Info: > normalise10
2018-05-18 10:28:26:948 Info: > normalise11
2018-05-18 10:28:27:026 Info: > normalise11
2018-05-18 10:28:27:104 Info: > normalise13
2018-05-18 10:28:27:182 Info: > normalise10
2018-05-18 10:28:27:260 Info: > normalise11
2018-05-18 10:28:27:354 Info: > normalise11
2018-05-18 10:28:27:432 Info: > normalise11
2018-05-18 10:28:27:510 Info: > normalise13
2018-05-18 10:28:27:589 Info: > normalise11
2018-05-18 10:28:27:667 Info: > normalise10
2018-05-18 10:28:27:745 Info: > normalise11
2018-05-18 10:28:27:823 Info: > normalise10
2018-05-18 10:28:27:901 Info: > normalise12
2018-05-18 10:28:27:979 Info: > normalise11
2018-05-18 10:28:28:057 Info: > normalise11
2018-05-18 10:28:28:135 Info: > normalise11
2018-05-18 10:28:28:229 Info: > normalise12
2018-05-18 10:28:28:307 Error: > ScannerFunctionality_NormalizationByTime: Index was outside the bounds of the array.
2018-05-18 10:28:28:307 Info: > normalise15
2018-05-18 10:28:28:385 Info: > normalise11
2018-05-18 10:28:28:464 Info: > normalise14
2018-05-18 10:28:28:542 Info: > normalise11
2018-05-18 10:28:28:620 Info: > normalise10
2018-05-18 10:28:28:714 Info: > normalise15
2018-05-18 10:28:28:776 Info: > normalise12
2018-05-18 10:28:28:854 Info: > normalise10
2018-05-18 10:28:28:932 Info: > normalise11
2018-05-18 10:28:29:026 Info: > normalise11
2018-05-18 10:28:29:104 Info: > normalise14
2018-05-18 10:28:29:182 Info: > normalise10
2018-05-18 10:28:29:260 Info: > normalise12
2018-05-18 10:28:29:339 Info: > normalise14
2018-05-18 10:28:29:417 Info: > normalise10
2018-05-18 10:28:29:495 Error: > ScannerFunctionality_NormalizationByTime: Index was outside the bounds of the array.
2018-05-18 10:28:29:495 Info: > normalise16
2018-05-18 10:28:29:573 Info: > normalise10
2018-05-18 10:28:29:651 Info: > normalise11
2018-05-18 10:28:29:729 Info: > normalise11
2018-05-18 10:28:29:823 Info: > normalise11
2018-05-18 10:28:29:901 Info: > normalise14
2018-05-18 10:28:29:979 Info: > normalise12
2018-05-18 10:28:30:057 Info: > normalise12
2018-05-18 10:28:30:135 Info: > normalise12
2018-05-18 10:28:30:214 Info: > normalise13
2018-05-18 10:28:30:307 Info: > normalise19
2018-05-18 10:28:30:370 Info: > normalise11
2018-05-18 10:28:30:448 Info: > normalise11
2018-05-18 10:28:30:526 Info: > normalise13
2018-05-18 10:28:30:604 Info: > normalise10
2018-05-18 10:28:30:698 Info: > normalise13
2018-05-18 10:28:30:776 Info: > normalise13
2018-05-18 10:28:30:854 Info: > normalise12
2018-05-18 10:28:30:932 Info: > normalise11
2018-05-18 10:28:31:010 Info: > normalise11
2018-05-18 10:28:31:089 Info: > normalise14
2018-05-18 10:28:31:167 Info: > normalise10
2018-05-18 10:28:31:245 Info: > normalise11
2018-05-18 10:28:31:323 Info: > normalise11
2018-05-18 10:28:31:401 Info: > normalise10
2018-05-18 10:28:31:495 Error: > ScannerFunctionality_NormalizationByTime: Index was outside the bounds of the array.
2018-05-18 10:28:31:495 Info: > normalise19
2018-05-18 10:28:31:573 Info: > normalise11
2018-05-18 10:28:31:651 Info: > normalise11
2018-05-18 10:28:31:729 Info: > normalise11
2018-05-18 10:28:31:807 Info: > normalise11
2018-05-18 10:28:31:885 Info: > normalise13
2018-05-18 10:28:31:964 Info: > normalise10
2018-05-18 10:28:32:042 Info: > normalise11
2018-05-18 10:28:32:120 Info: > normalise11
2018-05-18 10:28:32:198 Info: > normalise11
2018-05-18 10:28:32:292 Info: > normalise13
2018-05-18 10:28:32:370 Info: > normalise10
2018-05-18 10:28:32:448 Info: > normalise11
2018-05-18 10:28:32:526 Info: > normalise11
2018-05-18 10:28:32:604 Info: > normalise12
2018-05-18 10:28:32:682 Error: > ScannerFunctionality_NormalizationByTime: Index was outside the bounds of the array.
2018-05-18 10:28:32:682 Info: > normalise17
2018-05-18 10:28:32:760 Info: > normalise13
2018-05-18 10:28:32:839 Info: > normalise12
2018-05-18 10:28:32:917 Info: > normalise12
2018-05-18 10:28:32:995 Info: > normalise11
2018-05-18 10:28:33:089 Info: > normalise13
2018-05-18 10:28:33:167 Info: > normalise12
2018-05-18 10:28:33:245 Info: > normalise11
2018-05-18 10:28:33:323 Info: > normalise11
2018-05-18 10:28:33:401 Info: > normalise12
2018-05-18 10:28:33:479 Info: > normalise13
2018-05-18 10:28:33:557 Info: > normalise10
2018-05-18 10:28:33:635 Info: > normalise11
2018-05-18 10:28:33:714 Info: > normalise11
2018-05-18 10:28:33:792 Info: > normalise11
2018-05-18 10:28:33:885 Info: > normalise13
2018-05-18 10:28:33:964 Info: > normalise12
2018-05-18 10:28:34:042 Info: > normalise11
2018-05-18 10:28:34:120 Info: > normalise12
2018-05-18 10:28:34:198 Info: > normalise11
2018-05-18 10:28:34:276 Info: > normalise13
2018-05-18 10:28:34:354 Info: > normalise13
2018-05-18 10:28:34:432 Info: > normalise11
2018-05-18 10:28:34:510 Info: > normalise11
2018-05-18 10:28:34:589 Info: > normalise13
2018-05-18 10:28:34:682 Error: > ScannerFunctionality_NormalizationByTime: Index was outside the bounds of the array.
2018-05-18 10:28:34:682 Info: > normalise15
2018-05-18 10:28:34:745 Info: > normalise11
2018-05-18 10:28:34:839 Info: > normalise12
2018-05-18 10:28:34:917 Info: > normalise11
2018-05-18 10:28:34:995 Info: > normalise18
2018-05-18 10:28:35:073 Info: > normalise13
2018-05-18 10:28:35:151 Info: > normalise11
2018-05-18 10:28:35:229 Info: > normalise11
2018-05-18 10:28:35:307 Info: > normalise11
2018-05-18 10:28:35:385 Info: > normalise11
2018-05-18 10:28:35:464 Info: > normalise13
2018-05-18 10:28:35:542 Info: > normalise11
2018-05-18 10:28:35:620 Info: > normalise11
2018-05-18 10:28:35:714 Info: > normalise11
2018-05-18 10:28:35:792 Info: > normalise10
2018-05-18 10:28:35:870 Error: > ScannerFunctionality_NormalizationByTime: Index was outside the bounds of the array.
2018-05-18 10:28:35:870 Info: > normalise18
2018-05-18 10:28:35:948 Info: > normalise17
2018-05-18 10:28:36:026 Info: > normalise11
2018-05-18 10:28:36:104 Info: > normalise11
2018-05-18 10:28:36:182 Info: > normalise11
2018-05-18 10:28:36:276 Info: > normalise15
2018-05-18 10:28:36:339 Info: > normalise12
2018-05-18 10:28:36:417 Info: > normalise11
2018-05-18 10:28:36:495 Info: > normalise11
2018-05-18 10:28:36:589 Info: > normalise11
2018-05-18 10:28:36:667 Info: > normalise11
2018-05-18 10:28:36:745 Info: > normalise13
2018-05-18 10:28:36:823 Info: > normalise11
2018-05-18 10:28:36:901 Info: > normalise11
2018-05-18 10:28:36:979 Info: > normalise17
2018-05-18 10:28:37:057 Info: > normalise13
2018-05-18 10:28:37:135 Info: > normalise11
2018-05-18 10:28:37:214 Info: > normalise11
2018-05-18 10:28:37:292 Info: > normalise10
2018-05-18 10:28:37:385 Info: > normalise11
2018-05-18 10:28:37:464 Info: > normalise13
2018-05-18 10:28:37:546 Info: > normalise12
2018-05-18 10:28:37:625 Info: > normalise11
2018-05-18 10:28:37:704 Info: > normalise11
2018-05-18 10:28:37:785 Info: > normalise12
2018-05-18 10:39:48:760 Info: > Scanner: initialized.
2018-05-18 10:39:48:776 Info: > Scanner_ProcessReceive: started receiving data.
2018-05-18 10:39:48:885 Info: > normalise7
2018-05-18 10:39:48:932 Info: > normalise4
2018-05-18 10:39:49:010 Info: > normalise4
2018-05-18 10:39:49:089 Info: > normalise4
2018-05-18 10:39:49:182 Info: > normalise5
2018-05-18 10:39:49:260 Info: > normalise4
2018-05-18 10:39:49:339 Info: > normalise4
2018-05-18 10:39:49:417 Info: > normalise4
2018-05-18 10:39:49:495 Info: > normalise4
2018-05-18 10:39:49:573 Info: > normalise5
2018-05-18 10:39:49:651 Info: > normalise4
2018-05-18 10:39:49:729 Info: > normalise4
2018-05-18 10:39:49:807 Info: > normalise4
2018-05-18 10:39:49:885 Info: > normalise4
2018-05-18 10:39:49:964 Info: > normalise4
2018-05-18 10:39:50:057 Info: > normalise4
2018-05-18 10:39:50:135 Info: > normalise4
2018-05-18 10:39:50:214 Info: > normalise4
2018-05-18 10:39:50:292 Info: > normalise4
2018-05-18 10:39:50:370 Error: > ScannerFunctionality_NormalizationByTime: Index was outside the bounds of the array.
2018-05-18 10:39:50:370 Info: > normalise9
2018-05-18 10:39:50:448 Info: > normalise4
2018-05-18 10:39:50:536 Info: > normalise4
2018-05-18 10:39:50:615 Info: > normalise4
2018-05-18 10:39:50:686 Info: > normalise4
2018-05-18 10:39:50:764 Info: > normalise4
2018-05-18 10:39:50:842 Info: > normalise4
2018-05-18 10:39:50:920 Info: > normalise4
2018-05-18 10:39:50:999 Info: > normalise4
2018-05-18 10:39:51:093 Info: > normalise4
2018-05-18 10:39:51:173 Info: > normalise4
