2018-05-18 10:26:06:635 Info: > Scanner: initialized.
2018-05-18 10:26:06:682 Info: > Scanner_ProcessReceive: started receiving data.
2018-05-18 10:26:06:729 Info: > normalise8
2018-05-18 10:26:06:822 Info: > normalise40
2018-05-18 10:26:06:869 Info: > normalise4
2018-05-18 10:26:06:947 Info: > normalise4
2018-05-18 10:26:07:025 Info: > normalise5
2018-05-18 10:26:07:104 Info: > normalise4
2018-05-18 10:26:07:182 Info: > normalise4
2018-05-18 10:26:07:260 Info: > normalise4
2018-05-18 10:26:07:338 Info: > normalise4
2018-05-18 10:26:07:432 Info: > normalise5
2018-05-18 10:26:07:510 Info: > normalise10
2018-05-18 10:26:07:588 Info: > normalise4
2018-05-18 10:26:07:666 Info: > normalise4
2018-05-18 10:26:07:744 Info: > normalise4
2018-05-18 10:26:07:822 Info: > normalise4
2018-05-18 10:26:07:900 Info: > normalise4
2018-05-18 10:26:07:979 Info: > normalise4
2018-05-18 10:26:08:057 Info: > normalise4
2018-05-18 10:26:08:135 Info: > normalise4
2018-05-18 10:26:08:229 Error: > ScannerFunctionality_NormalizationByTime: Index was outside the bounds of the array.
2018-05-18 10:26:08:229 Info: > normalise9
2018-05-18 10:26:08:307 Info: > normalise4
2018-05-18 10:26:08:385 Info: > normalise4
2018-05-18 10:26:08:463 Info: > normalise6
2018-05-18 10:26:08:541 Info: > normalise4
2018-05-18 10:26:08:619 Info: > normalise4
2018-05-18 10:26:08:697 Info: > normalise4
2018-05-18 10:26:08:775 Info: > normalise4
2018-05-18 10:26:08:854 Info: > normalise4
2018-05-18 10:26:08:932 Info: > normalise4
2018-05-18 10:26:09:010 Info: > normalise5
2018-05-18 10:26:09:104 Info: > normalise6
2018-05-18 10:26:09:182 Info: > normalise4
2018-05-18 10:26:09:260 Info: > normalise4
2018-05-18 10:26:09:338 Info: > normalise4
2018-05-18 10:26:09:416 Error: > ScannerFunctionality_NormalizationByTime: Index was outside the bounds of the array.
2018-05-18 10:26:09:416 Info: > normalise9
2018-05-18 10:26:09:494 Info: > normalise4
2018-05-18 10:26:09:572 Info: > normalise4
2018-05-18 10:26:09:650 Info: > normalise4
2018-05-18 10:26:09:729 Info: > normalise4
2018-05-18 10:26:09:822 Info: > normalise6
2018-05-18 10:26:09:885 Info: > normalise4
2018-05-18 10:26:09:979 Info: > normalise4
2018-05-18 10:26:10:057 Info: > normalise4
2018-05-18 10:26:10:135 Info: > normalise4
2018-05-18 10:26:10:213 Info: > normalise5
2018-05-18 10:26:10:291 Info: > normalise4
2018-05-18 10:26:10:369 Info: > normalise4
2018-05-18 10:26:10:447 Info: > normalise4
2018-05-18 10:26:10:526 Info: > normalise4
2018-05-18 10:26:10:604 Info: > normalise4
2018-05-18 10:26:10:682 Info: > normalise4
2018-05-18 10:26:10:775 Info: > normalise4
2018-05-18 10:26:10:854 Info: > normalise4
2018-05-18 10:26:10:932 Info: > normalise4
2018-05-18 10:26:11:010 Info: > normalise5
2018-05-18 10:26:11:088 Info: > normalise4
2018-05-18 10:26:11:166 Info: > normalise4
2018-05-18 10:26:11:244 Info: > normalise4
2018-05-18 10:26:11:322 Info: > normalise4
2018-05-18 10:26:11:416 Error: > ScannerFunctionality_NormalizationByTime: Index was outside the bounds of the array.
2018-05-18 10:26:11:416 Info: > normalise9
2018-05-18 10:26:11:479 Info: > normalise4
2018-05-18 10:26:11:557 Info: > normalise4
2018-05-18 10:26:11:651 Info: > normalise4
2018-05-18 10:26:11:729 Info: > normalise4
2018-05-18 10:26:11:807 Info: > normalise5
2018-05-18 10:26:11:885 Info: > normalise4
2018-05-18 10:26:11:963 Info: > normalise4
2018-05-18 10:26:12:041 Info: > normalise4
2018-05-18 10:26:12:119 Info: > normalise4
2018-05-18 10:26:12:197 Info: > normalise4
2018-05-18 10:26:12:276 Info: > normalise4
2018-05-18 10:26:12:354 Info: > normalise4
2018-05-18 10:26:12:447 Info: > normalise4
2018-05-18 10:26:12:526 Info: > normalise4
2018-05-18 10:26:12:604 Error: > ScannerFunctionality_NormalizationByTime: Index was outside the bounds of the array.
2018-05-18 10:26:12:604 Info: > normalise9
2018-05-18 10:26:12:682 Info: > normalise4
2018-05-18 10:26:12:760 Info: > normalise4
2018-05-18 10:26:12:838 Info: > normalise6
2018-05-18 10:26:12:916 Info: > normalise4
2018-05-18 10:26:12:994 Info: > normalise4
2018-05-18 10:26:13:072 Info: > normalise4
2018-05-18 10:26:13:150 Info: > normalise4
2018-05-18 10:26:13:229 Info: > normalise4
2018-05-18 10:26:13:322 Info: > normalise4
2018-05-18 10:26:13:401 Info: > normalise4
2018-05-18 10:26:13:479 Info: > normalise6
2018-05-18 10:26:13:557 Info: > normalise4
2018-05-18 10:26:13:635 Info: > normalise4
2018-05-18 10:26:13:713 Info: > normalise4
2018-05-18 10:26:13:791 Info: > normalise5
2018-05-18 10:26:13:869 Info: > normalise4
2018-05-18 10:26:13:947 Info: > normalise4
2018-05-18 10:26:14:026 Info: > normalise4
2018-05-18 10:26:14:119 Info: > normalise4
2018-05-18 10:26:14:197 Info: > normalise4
2018-05-18 10:26:14:275 Info: > normalise4
2018-05-18 10:26:14:354 Info: > normalise4
2018-05-18 10:26:14:432 Info: > normalise4
2018-05-18 10:26:14:510 Info: > normalise4
2018-05-18 10:26:14:588 Error: > ScannerFunctionality_NormalizationByTime: Index was outside the bounds of the array.
2018-05-18 10:26:14:588 Info: > normalise9
2018-05-18 10:26:14:666 Info: > normalise4
2018-05-18 10:26:14:744 Info: > normalise4
2018-05-18 10:26:14:822 Info: > normalise4
2018-05-18 10:26:14:901 Info: > normalise4
2018-05-18 10:26:14:994 Info: > normalise5
2018-05-18 10:26:15:072 Info: > normalise4
2018-05-18 10:26:15:150 Info: > normalise4
2018-05-18 10:26:15:229 Info: > normalise4
2018-05-18 10:26:15:307 Info: > normalise4
2018-05-18 10:26:15:385 Info: > normalise5
2018-05-18 10:26:15:463 Info: > normalise4
2018-05-18 10:26:15:541 Info: > normalise4
2018-05-18 10:26:15:619 Info: > normalise4
2018-05-18 10:26:15:697 Info: > normalise4
2018-05-18 10:26:15:791 Error: > ScannerFunctionality_NormalizationByTime: Index was outside the bounds of the array.
2018-05-18 10:26:15:791 Info: > normalise9
2018-05-18 10:26:15:869 Info: > normalise4
2018-05-18 10:26:15:947 Info: > normalise4
2018-05-18 10:26:16:026 Info: > normalise4
2018-05-18 10:26:16:104 Info: > normalise4
2018-05-18 10:26:16:182 Info: > normalise4
2018-05-18 10:26:16:260 Info: > normalise4
2018-05-18 10:26:16:338 Info: > normalise4
2018-05-18 10:26:16:416 Info: > normalise4
2018-05-18 10:26:16:494 Info: > normalise4
2018-05-18 10:26:16:588 Info: > normalise6
2018-05-18 10:26:16:666 Info: > normalise4
2018-05-18 10:26:16:744 Info: > normalise4
2018-05-18 10:26:16:822 Info: > normalise4
2018-05-18 10:26:16:901 Info: > normalise4
2018-05-18 10:26:16:979 Info: > normalise5
2018-05-18 10:26:17:057 Info: > normalise4
2018-05-18 10:26:17:135 Info: > normalise4
2018-05-18 10:26:17:213 Info: > normalise4
2018-05-18 10:26:17:291 Info: > normalise4
2018-05-18 10:26:17:369 Info: > normalise5
2018-05-18 10:26:17:463 Info: > normalise4
2018-05-18 10:26:17:541 Info: > normalise4
2018-05-18 10:26:17:619 Info: > normalise4
2018-05-18 10:26:17:697 Info: > normalise4
2018-05-18 10:26:17:776 Error: > ScannerFunctionality_NormalizationByTime: Index was outside the bounds of the array.
2018-05-18 10:26:17:776 Info: > normalise9
2018-05-18 10:26:17:854 Info: > normalise0
2018-05-18 10:26:17:932 Info: > normalise4
2018-05-18 10:26:18:010 Info: > normalise4
2018-05-18 10:26:18:088 Info: > normalise4
2018-05-18 10:26:18:182 Info: > normalise7
2018-05-18 10:26:18:244 Info: > normalise4
2018-05-18 10:26:18:338 Info: > normalise4
2018-05-18 10:26:18:416 Info: > normalise4
2018-05-18 10:26:18:494 Info: > normalise4
2018-05-18 10:26:18:572 Info: > normalise4
2018-05-18 10:26:18:651 Info: > normalise4
2018-05-18 10:26:18:729 Info: > normalise4
2018-05-18 10:26:18:807 Info: > normalise4
2018-05-18 10:26:18:885 Info: > normalise4
2018-05-18 10:26:18:979 Error: > ScannerFunctionality_NormalizationByTime: Index was outside the bounds of the array.
2018-05-18 10:26:18:979 Info: > normalise11
2018-05-18 10:26:19:041 Info: > normalise4
2018-05-18 10:26:19:135 Info: > normalise4
2018-05-18 10:26:19:213 Info: > normalise4
2018-05-18 10:26:19:291 Info: > normalise4
2018-05-18 10:26:19:369 Info: > normalise5
2018-05-18 10:26:19:447 Info: > normalise4
2018-05-18 10:26:19:525 Info: > normalise4
2018-05-18 10:26:19:604 Info: > normalise4
2018-05-18 10:26:19:682 Info: > normalise4
2018-05-18 10:26:19:760 Info: > normalise4
2018-05-18 10:26:19:838 Info: > normalise4
2018-05-18 10:26:19:932 Info: > normalise4
2018-05-18 10:26:20:010 Info: > normalise4
2018-05-18 10:26:20:088 Info: > normalise4
2018-05-18 10:26:20:166 Info: > normalise4
2018-05-18 10:26:20:244 Info: > normalise4
2018-05-18 10:26:20:322 Info: > normalise4
2018-05-18 10:26:20:400 Info: > normalise4
2018-05-18 10:26:20:479 Info: > normalise4
2018-05-18 10:26:20:557 Info: > normalise4
2018-05-18 10:26:20:635 Info: > normalise4
2018-05-18 10:26:20:713 Info: > normalise4
2018-05-18 10:26:20:807 Info: > normalise4
2018-05-18 10:26:20:885 Info: > normalise4
2018-05-18 10:26:20:963 Error: > ScannerFunctionality_NormalizationByTime: Index was outside the bounds of the array.
2018-05-18 10:26:20:963 Info: > normalise9
2018-05-18 10:26:21:041 Info: > normalise4
2018-05-18 10:26:21:119 Info: > normalise4
2018-05-18 10:26:21:197 Info: > normalise3
2018-05-18 10:26:21:276 Info: > normalise4
2018-05-18 10:26:21:354 Info: > normalise5
2018-05-18 10:26:21:432 Info: > normalise4
2018-05-18 10:26:21:510 Info: > normalise4
2018-05-18 10:26:21:604 Info: > normalise4
2018-05-18 10:26:21:682 Info: > normalise4
2018-05-18 10:26:21:760 Info: > normalise5
2018-05-18 10:26:21:838 Info: > normalise4
2018-05-18 10:26:21:916 Info: > normalise8
2018-05-18 10:26:21:994 Info: > normalise4
2018-05-18 10:26:22:072 Info: > normalise4
2018-05-18 10:26:22:166 Error: > ScannerFunctionality_NormalizationByTime: Index was outside the bounds of the array.
2018-05-18 10:26:22:166 Info: > normalise11
2018-05-18 10:26:22:229 Info: > normalise4
2018-05-18 10:26:22:307 Info: > normalise4
2018-05-18 10:26:22:385 Info: > normalise4
2018-05-18 10:26:22:479 Info: > normalise4
2018-05-18 10:26:22:557 Info: > normalise5
2018-05-18 10:26:22:635 Info: > normalise4
2018-05-18 10:26:22:713 Info: > normalise4
2018-05-18 10:26:22:791 Info: > normalise4
2018-05-18 10:26:22:869 Info: > normalise4
2018-05-18 10:26:22:947 Info: > normalise6
2018-05-18 10:26:23:026 Info: > normalise4
2018-05-18 10:26:23:104 Info: > normalise4
2018-05-18 10:26:23:182 Info: > normalise4
2018-05-18 10:26:23:276 Info: > normalise4
2018-05-18 10:26:23:354 Info: > normalise5
2018-05-18 10:26:23:432 Info: > normalise4
2018-05-18 10:26:23:510 Info: > normalise4
2018-05-18 10:26:23:588 Info: > normalise4
2018-05-18 10:26:23:666 Info: > normalise4
2018-05-18 10:26:23:744 Info: > normalise4
2018-05-18 10:26:23:822 Info: > normalise4
2018-05-18 10:26:23:901 Info: > normalise4
2018-05-18 10:26:23:979 Info: > normalise4
2018-05-18 10:26:24:057 Info: > normalise4
2018-05-18 10:26:24:151 Error: > ScannerFunctionality_NormalizationByTime: Index was outside the bounds of the array.
2018-05-18 10:26:24:151 Info: > normalise9
2018-05-18 10:26:24:229 Info: > normalise4
2018-05-18 10:26:24:307 Info: > normalise4
2018-05-18 10:26:24:385 Info: > normalise4
2018-05-18 10:26:24:463 Info: > normalise4
2018-05-18 10:26:24:541 Info: > normalise5
2018-05-18 10:26:24:619 Info: > normalise4
2018-05-18 10:26:24:697 Info: > normalise4
2018-05-18 10:26:24:776 Info: > normalise4
2018-05-18 10:26:24:854 Info: > normalise4
2018-05-18 10:26:24:947 Info: > normalise5
2018-05-18 10:26:25:026 Info: > normalise4
2018-05-18 10:26:25:104 Info: > normalise4
2018-05-18 10:26:25:182 Info: > normalise6
2018-05-18 10:26:25:260 Info: > normalise4
2018-05-18 10:26:25:338 Error: > ScannerFunctionality_NormalizationByTime: Index was outside the bounds of the array.
2018-05-18 10:26:25:338 Info: > normalise8
2018-05-18 10:26:25:416 Info: > normalise4
2018-05-18 10:26:25:494 Info: > normalise4
2018-05-18 10:26:25:572 Info: > normalise4
2018-05-18 10:26:25:651 Info: > normalise4
2018-05-18 10:26:25:744 Info: > normalise4
2018-05-18 10:26:25:822 Info: > normalise4
2018-05-18 10:26:25:901 Info: > normalise4
2018-05-18 10:26:25:979 Info: > normalise4
2018-05-18 10:26:26:057 Info: > normalise4
2018-05-18 10:26:26:135 Info: > normalise4
2018-05-18 10:26:26:213 Info: > normalise4
2018-05-18 10:26:26:291 Info: > normalise4
2018-05-18 10:26:26:369 Info: > normalise4
2018-05-18 10:26:26:447 Info: > normalise4
2018-05-18 10:26:26:526 Info: > normalise5
2018-05-18 10:26:26:619 Info: > normalise4
2018-05-18 10:26:26:697 Info: > normalise4
2018-05-18 10:26:26:776 Info: > normalise4
2018-05-18 10:26:26:854 Info: > normalise4
2018-05-18 10:26:26:932 Info: > normalise4
2018-05-18 10:26:27:010 Info: > normalise4
2018-05-18 10:26:27:088 Info: > normalise4
2018-05-18 10:26:27:166 Info: > normalise4
2018-05-18 10:26:27:244 Info: > normalise4
2018-05-18 10:26:27:338 Error: > ScannerFunctionality_NormalizationByTime: Index was outside the bounds of the array.
2018-05-18 10:26:27:338 Info: > normalise9
2018-05-18 10:26:27:401 Info: > normalise4
2018-05-18 10:26:27:494 Info: > normalise4
2018-05-18 10:26:27:572 Info: > normalise4
2018-05-18 10:26:27:651 Info: > normalise4
2018-05-18 10:26:27:729 Info: > normalise5
2018-05-18 10:26:27:807 Info: > normalise4
2018-05-18 10:26:27:885 Info: > normalise4
2018-05-18 10:26:27:963 Info: > normalise4
2018-05-18 10:26:28:041 Info: > normalise4
2018-05-18 10:26:28:119 Info: > normalise4
2018-05-18 10:26:28:197 Info: > normalise5
2018-05-18 10:26:28:291 Info: > normalise4
2018-05-18 10:26:28:369 Info: > normalise4
2018-05-18 10:26:28:447 Info: > normalise4
2018-05-18 10:26:28:526 Error: > ScannerFunctionality_NormalizationByTime: Index was outside the bounds of the array.
2018-05-18 10:26:28:526 Info: > normalise9
2018-05-18 10:26:28:604 Info: > normalise4
2018-05-18 10:26:28:682 Info: > normalise4
2018-05-18 10:26:28:760 Info: > normalise4
2018-05-18 10:26:28:838 Info: > normalise4
2018-05-18 10:26:28:916 Info: > normalise5
2018-05-18 10:26:28:994 Info: > normalise4
2018-05-18 10:26:29:072 Info: > normalise4
2018-05-18 10:26:29:166 Info: > normalise4
2018-05-18 10:26:29:244 Info: > normalise4
2018-05-18 10:26:29:322 Info: > normalise4
2018-05-18 10:26:29:401 Info: > normalise6
2018-05-18 10:26:29:479 Info: > normalise4
2018-05-18 10:26:29:557 Info: > normalise4
2018-05-18 10:26:29:635 Info: > normalise4
2018-05-18 10:26:29:713 Info: > normalise5
2018-05-18 10:26:29:791 Info: > normalise4
2018-05-18 10:26:29:885 Info: > normalise7
2018-05-18 10:26:29:963 Info: > normalise4
2018-05-18 10:26:30:041 Info: > normalise4
2018-05-18 10:26:30:119 Info: > normalise5
2018-05-18 10:26:30:197 Info: > normalise4
2018-05-18 10:26:30:276 Info: > normalise4
2018-05-18 10:26:30:354 Info: > normalise4
2018-05-18 10:26:30:432 Info: > normalise4
2018-05-18 10:26:30:510 Error: > ScannerFunctionality_NormalizationByTime: Index was outside the bounds of the array.
2018-05-18 10:26:30:510 Info: > normalise8
2018-05-18 10:26:30:588 Info: > normalise4
2018-05-18 10:26:30:666 Info: > normalise4
2018-05-18 10:26:30:760 Info: > normalise4
2018-05-18 10:26:30:838 Info: > normalise4
2018-05-18 10:26:30:916 Info: > normalise4
2018-05-18 10:26:30:994 Info: > normalise4
2018-05-18 10:26:31:072 Info: > normalise4
2018-05-18 10:26:31:151 Info: > normalise4
2018-05-18 10:26:31:229 Info: > normalise4
2018-05-18 10:26:31:307 Info: > normalise5
2018-05-18 10:26:31:385 Info: > normalise6
2018-05-18 10:26:31:463 Info: > normalise4
2018-05-18 10:26:31:541 Info: > normalise4
2018-05-18 10:26:31:635 Info: > normalise4
2018-05-18 10:26:31:713 Error: > ScannerFunctionality_NormalizationByTime: Index was outside the bounds of the array.
2018-05-18 10:26:31:713 Info: > normalise9
2018-05-18 10:26:31:791 Info: > normalise4
2018-05-18 10:26:31:869 Info: > normalise4
2018-05-18 10:26:31:947 Info: > normalise4
2018-05-18 10:26:32:026 Info: > normalise2
2018-05-18 10:26:32:104 Info: > normalise6
2018-05-18 10:26:32:182 Info: > normalise4
2018-05-18 10:26:32:260 Info: > normalise4
2018-05-18 10:26:32:338 Info: > normalise4
2018-05-18 10:26:32:416 Info: > normalise4
2018-05-18 10:26:32:510 Info: > normalise4
2018-05-18 10:26:32:588 Info: > normalise4
2018-05-18 10:26:32:666 Info: > normalise4
2018-05-18 10:26:32:744 Info: > normalise4
2018-05-18 10:26:32:822 Info: > normalise4
2018-05-18 10:26:32:901 Info: > normalise4
2018-05-18 10:26:32:979 Info: > normalise4
2018-05-18 10:26:33:057 Info: > normalise4
2018-05-18 10:26:33:135 Info: > normalise4
2018-05-18 10:26:33:213 Info: > normalise4
2018-05-18 10:26:33:307 Info: > normalise5
2018-05-18 10:26:33:385 Info: > normalise4
2018-05-18 10:26:33:463 Info: > normalise4
2018-05-18 10:26:33:541 Info: > normalise6
2018-05-18 10:26:33:619 Info: > normalise4
2018-05-18 10:26:33:697 Error: > ScannerFunctionality_NormalizationByTime: Index was outside the bounds of the array.
2018-05-18 10:26:33:697 Info: > normalise8
2018-05-18 10:26:33:776 Info: > normalise4
2018-05-18 10:26:33:854 Info: > normalise4
2018-05-18 10:26:33:932 Info: > normalise4
2018-05-18 10:26:34:010 Info: > normalise4
2018-05-18 10:26:34:104 Info: > normalise4
2018-05-18 10:26:34:182 Info: > normalise4
2018-05-18 10:26:34:260 Info: > normalise4
2018-05-18 10:26:34:338 Info: > normalise4
2018-05-18 10:26:34:416 Info: > normalise4
2018-05-18 10:26:34:494 Info: > normalise5
2018-05-18 10:26:34:572 Info: > normalise4
2018-05-18 10:26:34:651 Info: > normalise4
2018-05-18 10:26:34:729 Info: > normalise4
2018-05-18 10:26:34:807 Info: > normalise4
2018-05-18 10:26:34:901 Error: > ScannerFunctionality_NormalizationByTime: Index was outside the bounds of the array.
2018-05-18 10:26:34:901 Info: > normalise8
2018-05-18 10:26:34:979 Info: > normalise4
2018-05-18 10:26:35:057 Info: > normalise4
2018-05-18 10:26:35:135 Info: > normalise4
2018-05-18 10:26:35:213 Info: > normalise4
2018-05-18 10:26:35:291 Info: > normalise7
2018-05-18 10:26:35:369 Info: > normalise4
2018-05-18 10:26:35:447 Info: > normalise4
2018-05-18 10:26:35:526 Info: > normalise4
2018-05-18 10:26:35:604 Info: > normalise4
2018-05-18 10:26:35:682 Info: > normalise4
2018-05-18 10:26:35:760 Info: > normalise4
2018-05-18 10:26:35:854 Info: > normalise0
2018-05-18 10:26:35:932 Info: > normalise4
2018-05-18 10:26:36:010 Info: > normalise4
2018-05-18 10:26:36:088 Info: > normalise5
2018-05-18 10:26:36:166 Info: > normalise4
2018-05-18 10:26:36:244 Info: > normalise4
2018-05-18 10:26:36:322 Info: > normalise4
2018-05-18 10:26:36:401 Info: > normalise4
2018-05-18 10:26:36:479 Info: > normalise5
2018-05-18 10:26:36:557 Info: > normalise4
2018-05-18 10:26:36:651 Info: > normalise4
2018-05-18 10:26:36:729 Info: > normalise4
2018-05-18 10:26:36:807 Info: > normalise4
2018-05-18 10:26:36:885 Error: > ScannerFunctionality_NormalizationByTime: Index was outside the bounds of the array.
2018-05-18 10:26:36:885 Info: > normalise11
2018-05-18 10:26:36:963 Info: > normalise4
2018-05-18 10:26:37:041 Info: > normalise4
2018-05-18 10:26:37:119 Info: > normalise4
2018-05-18 10:26:37:197 Info: > normalise4
2018-05-18 10:26:37:276 Info: > normalise5
2018-05-18 10:26:37:354 Info: > normalise4
2018-05-18 10:26:37:432 Info: > normalise4
2018-05-18 10:26:37:526 Info: > normalise4
2018-05-18 10:26:37:604 Info: > normalise4
2018-05-18 10:26:37:682 Info: > normalise4
2018-05-18 10:26:37:760 Info: > normalise4
2018-05-18 10:26:37:838 Info: > normalise4
2018-05-18 10:26:37:916 Info: > normalise4
2018-05-18 10:26:37:994 Info: > normalise4
2018-05-18 10:26:38:088 Error: > ScannerFunctionality_NormalizationByTime: Index was outside the bounds of the array.
2018-05-18 10:26:38:088 Info: > normalise9
2018-05-18 10:26:38:151 Info: > normalise4
2018-05-18 10:26:38:229 Info: > normalise4
2018-05-18 10:26:38:322 Info: > normalise4
2018-05-18 10:26:38:401 Info: > normalise4
2018-05-18 10:26:38:479 Info: > normalise6
2018-05-18 10:26:38:557 Info: > normalise4
2018-05-18 10:26:38:635 Info: > normalise4
2018-05-18 10:26:38:713 Info: > normalise4
2018-05-18 10:26:38:791 Info: > normalise4
2018-05-18 10:26:38:869 Info: > normalise5
2018-05-18 10:26:38:947 Info: > normalise4
2018-05-18 10:26:39:026 Info: > normalise4
2018-05-18 10:26:39:119 Info: > normalise4
2018-05-18 10:26:39:197 Info: > normalise4
2018-05-18 10:26:39:276 Info: > normalise5
2018-05-18 10:26:39:354 Info: > normalise4
2018-05-18 10:26:39:432 Info: > normalise4
2018-05-18 10:26:39:510 Info: > normalise4
2018-05-18 10:26:39:588 Info: > normalise4
2018-05-18 10:26:39:666 Info: > normalise5
2018-05-18 10:26:39:744 Info: > normalise4
2018-05-18 10:26:39:822 Info: > normalise4
2018-05-18 10:26:39:901 Info: > normalise4
2018-05-18 10:26:39:994 Info: > normalise8
2018-05-18 10:26:40:073 Error: > ScannerFunctionality_NormalizationByTime: Index was outside the bounds of the array.
2018-05-18 10:26:40:073 Info: > normalise9
2018-05-18 10:26:40:151 Info: > normalise4
2018-05-18 10:26:40:229 Info: > normalise4
2018-05-18 10:26:40:307 Info: > normalise4
2018-05-18 10:26:40:385 Info: > normalise4
2018-05-18 10:26:40:463 Info: > normalise5
2018-05-18 10:26:40:541 Info: > normalise4
2018-05-18 10:26:40:619 Info: > normalise4
2018-05-18 10:26:40:697 Info: > normalise4
2018-05-18 10:26:40:776 Info: > normalise4
2018-05-18 10:26:40:869 Info: > normalise5
2018-05-18 10:26:40:947 Info: > normalise4
2018-05-18 10:26:41:026 Info: > normalise4
2018-05-18 10:26:41:104 Info: > normalise4
2018-05-18 10:26:41:182 Info: > normalise4
2018-05-18 10:26:41:260 Error: > ScannerFunctionality_NormalizationByTime: Index was outside the bounds of the array.
2018-05-18 10:26:41:260 Info: > normalise9
2018-05-18 10:26:41:338 Info: > normalise4
2018-05-18 10:26:41:416 Info: > normalise4
2018-05-18 10:26:41:494 Info: > normalise4
2018-05-18 10:26:41:573 Info: > normalise4
2018-05-18 10:26:41:666 Info: > normalise5
2018-05-18 10:26:41:744 Info: > normalise4
2018-05-18 10:26:41:822 Info: > normalise4
2018-05-18 10:26:41:901 Info: > normalise4
2018-05-18 10:26:41:979 Info: > normalise4
2018-05-18 10:26:42:057 Info: > normalise4
2018-05-18 10:26:42:135 Info: > normalise4
2018-05-18 10:26:42:213 Info: > normalise4
2018-05-18 10:26:42:291 Info: > normalise4
2018-05-18 10:26:42:369 Info: > normalise4
2018-05-18 10:26:42:463 Info: > normalise5
2018-05-18 10:26:42:541 Info: > normalise4
2018-05-18 10:26:42:619 Info: > normalise4
2018-05-18 10:26:42:697 Info: > normalise4
2018-05-18 10:26:42:776 Info: > normalise4
2018-05-18 10:26:42:854 Info: > normalise5
2018-05-18 10:26:42:932 Info: > normalise4
2018-05-18 10:26:43:010 Info: > normalise4
2018-05-18 10:26:43:088 Info: > normalise4
2018-05-18 10:26:43:166 Info: > normalise4
2018-05-18 10:26:43:260 Error: > ScannerFunctionality_NormalizationByTime: Index was outside the bounds of the array.
2018-05-18 10:26:43:260 Info: > normalise8
2018-05-18 10:26:43:338 Info: > normalise4
2018-05-18 10:26:43:416 Info: > normalise4
2018-05-18 10:26:43:494 Info: > normalise4
2018-05-18 10:26:43:572 Info: > normalise7
2018-05-18 10:26:43:651 Info: > normalise5
2018-05-18 10:26:43:729 Info: > normalise4
2018-05-18 10:26:43:807 Info: > normalise4
2018-05-18 10:26:43:885 Info: > normalise4
2018-05-18 10:26:43:963 Info: > normalise4
2018-05-18 10:26:44:041 Info: > normalise5
2018-05-18 10:26:44:119 Info: > normalise4
2018-05-18 10:26:44:213 Info: > normalise4
2018-05-18 10:26:44:291 Info: > normalise4
2018-05-18 10:26:44:369 Info: > normalise4
2018-05-18 10:26:44:448 Error: > ScannerFunctionality_NormalizationByTime: Index was outside the bounds of the array.
2018-05-18 10:26:44:448 Info: > normalise8
2018-05-18 10:26:44:526 Info: > normalise4
2018-05-18 10:26:44:604 Info: > normalise4
2018-05-18 10:26:44:682 Info: > normalise4
2018-05-18 10:26:44:760 Info: > normalise4
2018-05-18 10:26:44:838 Info: > normalise4
2018-05-18 10:26:44:916 Info: > normalise4
2018-05-18 10:26:45:010 Info: > normalise4
2018-05-18 10:26:45:088 Info: > normalise4
2018-05-18 10:26:45:166 Info: > normalise4
2018-05-18 10:26:45:244 Info: > normalise6
2018-05-18 10:26:45:323 Info: > normalise4
2018-05-18 10:26:45:401 Info: > normalise4
2018-05-18 10:26:45:479 Info: > normalise4
2018-05-18 10:26:45:557 Info: > normalise4
2018-05-18 10:26:45:635 Info: > normalise5
2018-05-18 10:26:45:713 Info: > normalise4
2018-05-18 10:26:45:807 Info: > normalise4
2018-05-18 10:26:45:885 Info: > normalise4
2018-05-18 10:26:45:963 Info: > normalise4
2018-05-18 10:26:46:041 Info: > normalise5
2018-05-18 10:26:46:119 Info: > normalise4
2018-05-18 10:26:46:197 Info: > normalise4
2018-05-18 10:26:46:276 Info: > normalise4
2018-05-18 10:26:46:354 Info: > normalise4
2018-05-18 10:26:46:447 Error: > ScannerFunctionality_NormalizationByTime: Index was outside the bounds of the array.
2018-05-18 10:26:46:447 Info: > normalise9
2018-05-18 10:26:46:510 Info: > normalise4
2018-05-18 10:26:46:604 Info: > normalise8
2018-05-18 10:26:46:682 Info: > normalise4
2018-05-18 10:26:46:760 Info: > normalise4
2018-05-18 10:26:46:838 Info: > normalise5
2018-05-18 10:26:46:916 Info: > normalise4
2018-05-18 10:26:46:994 Info: > normalise4
2018-05-18 10:26:47:072 Info: > normalise4
2018-05-18 10:26:47:151 Info: > normalise4
2018-05-18 10:26:47:229 Info: > normalise7
2018-05-18 10:26:47:307 Info: > normalise4
2018-05-18 10:26:47:385 Info: > normalise4
2018-05-18 10:26:47:479 Info: > normalise4
2018-05-18 10:26:47:557 Info: > normalise4
2018-05-18 10:26:47:635 Error: > ScannerFunctionality_NormalizationByTime: Index was outside the bounds of the array.
2018-05-18 10:26:47:635 Info: > normalise10
2018-05-18 10:26:47:713 Info: > normalise4
2018-05-18 10:26:47:791 Info: > normalise4
2018-05-18 10:26:47:869 Info: > normalise4
2018-05-18 10:26:47:948 Info: > normalise4
2018-05-18 10:26:48:026 Info: > normalise5
2018-05-18 10:26:48:104 Info: > normalise4
2018-05-18 10:26:48:182 Info: > normalise4
2018-05-18 10:26:48:260 Info: > normalise4
2018-05-18 10:26:48:354 Info: > normalise4
2018-05-18 10:26:48:432 Info: > normalise5
2018-05-18 10:26:48:510 Info: > normalise6
2018-05-18 10:26:48:588 Info: > normalise4
2018-05-18 10:26:48:666 Info: > normalise4
2018-05-18 10:26:48:744 Info: > normalise4
2018-05-18 10:26:48:822 Info: > normalise5
2018-05-18 10:26:48:901 Info: > normalise4
2018-05-18 10:26:48:979 Info: > normalise4
2018-05-18 10:26:49:057 Info: > normalise4
2018-05-18 10:26:49:151 Info: > normalise4
2018-05-18 10:26:49:229 Info: > normalise4
2018-05-18 10:26:49:307 Info: > normalise4
2018-05-18 10:26:49:385 Info: > normalise4
2018-05-18 10:26:49:463 Info: > normalise4
2018-05-18 10:26:49:541 Info: > normalise4
2018-05-18 10:26:49:635 Error: > ScannerFunctionality_NormalizationByTime: Index was outside the bounds of the array.
2018-05-18 10:26:49:635 Info: > normalise11
2018-05-18 10:26:49:697 Info: > normalise4
2018-05-18 10:26:49:776 Info: > normalise4
2018-05-18 10:26:49:854 Info: > normalise4
2018-05-18 10:26:49:932 Info: > normalise4
2018-05-18 10:26:50:026 Info: > normalise4
2018-05-18 10:26:50:104 Info: > normalise10
2018-05-18 10:26:50:182 Info: > normalise4
2018-05-18 10:26:50:260 Info: > normalise4
2018-05-18 10:26:50:338 Info: > normalise4
2018-05-18 10:26:50:416 Info: > normalise4
2018-05-18 10:26:50:494 Info: > normalise4
2018-05-18 10:26:50:573 Info: > normalise4
2018-05-18 10:26:50:651 Info: > normalise4
2018-05-18 10:26:50:729 Info: > normalise4
2018-05-18 10:26:50:823 Error: > ScannerFunctionality_NormalizationByTime: Index was outside the bounds of the array.
2018-05-18 10:26:50:823 Info: > normalise12
2018-05-18 10:26:50:901 Info: > normalise4
2018-05-18 10:26:50:979 Info: > normalise4
2018-05-18 10:26:51:057 Info: > normalise4
2018-05-18 10:26:51:135 Info: > normalise4
2018-05-18 10:26:51:213 Info: > normalise5
2018-05-18 10:26:51:291 Info: > normalise4
2018-05-18 10:26:51:369 Info: > normalise4
2018-05-18 10:26:51:448 Info: > normalise4
2018-05-18 10:26:51:526 Info: > normalise4
2018-05-18 10:26:51:619 Info: > normalise5
2018-05-18 10:26:51:698 Info: > normalise4
2018-05-18 10:26:51:776 Info: > normalise4
2018-05-18 10:26:51:854 Info: > normalise4
2018-05-18 10:26:51:932 Info: > normalise4
2018-05-18 10:26:52:010 Info: > normalise4
2018-05-18 10:26:52:088 Info: > normalise4
2018-05-18 10:26:52:166 Info: > normalise4
2018-05-18 10:26:52:244 Info: > normalise4
2018-05-18 10:26:52:323 Info: > normalise4
2018-05-18 10:26:52:401 Info: > normalise5
2018-05-18 10:26:52:494 Info: > normalise4
2018-05-18 10:26:52:573 Info: > normalise4
2018-05-18 10:26:52:651 Info: > normalise4
2018-05-18 10:26:52:729 Info: > normalise4
2018-05-18 10:26:52:807 Error: > ScannerFunctionality_NormalizationByTime: Index was outside the bounds of the array.
2018-05-18 10:26:52:807 Info: > normalise9
2018-05-18 10:26:52:885 Info: > normalise9
2018-05-18 10:26:52:963 Info: > normalise4
2018-05-18 10:26:53:041 Info: > normalise4
2018-05-18 10:26:53:119 Info: > normalise4
2018-05-18 10:26:53:198 Info: > normalise5
2018-05-18 10:26:53:276 Info: > normalise4
2018-05-18 10:26:53:369 Info: > normalise4
2018-05-18 10:26:53:448 Info: > normalise4
2018-05-18 10:26:53:526 Info: > normalise4
2018-05-18 10:26:53:604 Info: > normalise7
2018-05-18 10:26:53:682 Info: > normalise4
2018-05-18 10:26:53:760 Info: > normalise4
2018-05-18 10:26:53:838 Info: > normalise4
2018-05-18 10:26:53:916 Info: > normalise4
2018-05-18 10:26:54:010 Error: > ScannerFunctionality_NormalizationByTime: Index was outside the bounds of the array.
2018-05-18 10:26:54:010 Info: > normalise9
2018-05-18 10:26:54:073 Info: > normalise4
2018-05-18 10:26:54:166 Info: > normalise4
2018-05-18 10:26:54:244 Info: > normalise0
2018-05-18 10:26:54:323 Info: > normalise4
2018-05-18 10:26:54:401 Info: > normalise5
2018-05-18 10:26:54:479 Info: > normalise4
2018-05-18 10:26:54:557 Info: > normalise4
2018-05-18 10:26:54:635 Info: > normalise4
2018-05-18 10:26:54:713 Info: > normalise4
2018-05-18 10:26:54:807 Info: > normalise8
2018-05-18 10:26:54:869 Info: > normalise4
2018-05-18 10:26:54:948 Info: > normalise4
2018-05-18 10:26:55:041 Info: > normalise4
2018-05-18 10:26:55:119 Info: > normalise4
2018-05-18 10:26:55:198 Info: > normalise5
2018-05-18 10:26:55:276 Info: > normalise4
2018-05-18 10:26:55:354 Info: > normalise8
2018-05-18 10:26:55:432 Info: > normalise4
2018-05-18 10:26:55:510 Info: > normalise4
2018-05-18 10:26:55:588 Info: > normalise4
2018-05-18 10:26:55:666 Info: > normalise4
2018-05-18 10:26:55:744 Info: > normalise4
2018-05-18 10:26:55:838 Info: > normalise4
2018-05-18 10:26:55:916 Info: > normalise4
2018-05-18 10:26:55:994 Error: > ScannerFunctionality_NormalizationByTime: Index was outside the bounds of the array.
2018-05-18 10:26:55:994 Info: > normalise9
2018-05-18 10:26:56:073 Info: > normalise4
2018-05-18 10:26:56:151 Info: > normalise4
2018-05-18 10:26:56:229 Info: > normalise4
2018-05-18 10:26:56:307 Info: > normalise4
2018-05-18 10:26:56:385 Info: > normalise8
2018-05-18 10:26:56:463 Info: > normalise4
2018-05-18 10:26:56:541 Info: > normalise4
2018-05-18 10:26:56:619 Info: > normalise4
2018-05-18 10:26:56:713 Info: > normalise4
2018-05-18 10:26:56:791 Info: > normalise4
2018-05-18 10:26:56:869 Info: > normalise4
2018-05-18 10:26:56:948 Info: > normalise4
2018-05-18 10:26:57:026 Info: > normalise4
2018-05-18 10:26:57:104 Info: > normalise4
2018-05-18 10:26:57:182 Error: > ScannerFunctionality_NormalizationByTime: Index was outside the bounds of the array.
2018-05-18 10:26:57:182 Info: > normalise9
2018-05-18 10:26:57:260 Info: > normalise4
2018-05-18 10:26:57:338 Info: > normalise4
2018-05-18 10:26:57:416 Info: > normalise4
2018-05-18 10:26:57:510 Info: > normalise4
2018-05-18 10:26:57:588 Info: > normalise5
2018-05-18 10:26:57:666 Info: > normalise4
2018-05-18 10:26:57:744 Info: > normalise4
2018-05-18 10:26:57:823 Info: > normalise4
2018-05-18 10:26:57:901 Info: > normalise4
2018-05-18 10:26:57:994 Info: > normalise11
2018-05-18 10:26:58:057 Info: > normalise0
2018-05-18 10:26:58:135 Info: > normalise5
2018-05-18 10:26:58:213 Info: > normalise4
2018-05-18 10:26:58:291 Info: > normalise4
2018-05-18 10:26:58:385 Info: > normalise5
2018-05-18 10:26:58:463 Info: > normalise7
2018-05-18 10:26:58:541 Info: > normalise4
2018-05-18 10:26:58:619 Info: > normalise4
2018-05-18 10:26:58:698 Info: > normalise4
2018-05-18 10:26:58:776 Info: > normalise5
2018-05-18 10:26:58:854 Info: > normalise4
2018-05-18 10:26:58:932 Info: > normalise4
2018-05-18 10:26:59:010 Info: > normalise4
2018-05-18 10:26:59:088 Info: > normalise4
2018-05-18 10:26:59:182 Error: > ScannerFunctionality_NormalizationByTime: Index was outside the bounds of the array.
2018-05-18 10:26:59:182 Info: > normalise9
2018-05-18 10:26:59:260 Info: > normalise4
2018-05-18 10:26:59:338 Info: > normalise4
2018-05-18 10:26:59:416 Info: > normalise4
2018-05-18 10:26:59:494 Info: > normalise4
2018-05-18 10:26:59:573 Info: > normalise5
2018-05-18 10:26:59:651 Info: > normalise4
2018-05-18 10:26:59:729 Info: > normalise4
2018-05-18 10:26:59:807 Info: > normalise4
2018-05-18 10:26:59:885 Info: > normalise4
2018-05-18 10:26:59:979 Info: > normalise5
2018-05-18 10:27:00:057 Info: > normalise4
2018-05-18 10:27:00:135 Info: > normalise4
2018-05-18 10:27:00:213 Info: > normalise4
2018-05-18 10:27:00:291 Info: > normalise4
2018-05-18 10:27:00:369 Error: > ScannerFunctionality_NormalizationByTime: Index was outside the bounds of the array.
2018-05-18 10:27:00:369 Info: > normalise9
2018-05-18 10:27:00:448 Info: > normalise4
2018-05-18 10:27:00:526 Info: > normalise4
2018-05-18 10:27:00:604 Info: > normalise4
2018-05-18 10:27:00:682 Info: > normalise4
2018-05-18 10:27:00:776 Info: > normalise5
2018-05-18 10:27:00:854 Info: > normalise7
2018-05-18 10:27:00:932 Info: > normalise4
2018-05-18 10:27:01:010 Info: > normalise4
2018-05-18 10:27:01:088 Info: > normalise4
2018-05-18 10:27:01:166 Info: > normalise5
2018-05-18 10:27:01:244 Info: > normalise4
2018-05-18 10:27:01:323 Info: > normalise4
2018-05-18 10:27:01:401 Info: > normalise4
2018-05-18 10:27:01:479 Info: > normalise4
2018-05-18 10:27:01:557 Info: > normalise5
2018-05-18 10:27:01:666 Info: > normalise3
2018-05-18 10:27:01:729 Info: > normalise4
2018-05-18 10:27:01:807 Info: > normalise4
2018-05-18 10:27:01:885 Info: > normalise4
2018-05-18 10:27:01:963 Info: > normalise7
2018-05-18 10:27:02:041 Info: > normalise4
2018-05-18 10:27:02:119 Info: > normalise4
2018-05-18 10:27:02:198 Info: > normalise4
2018-05-18 10:27:02:276 Info: > normalise4
2018-05-18 10:27:02:369 Error: > ScannerFunctionality_NormalizationByTime: Index was outside the bounds of the array.
2018-05-18 10:27:02:369 Info: > normalise9
2018-05-18 10:27:02:432 Info: > normalise4
2018-05-18 10:27:02:526 Info: > normalise4
2018-05-18 10:27:02:604 Info: > normalise4
2018-05-18 10:27:02:682 Info: > normalise4
2018-05-18 10:27:02:760 Info: > normalise5
2018-05-18 10:27:02:838 Info: > normalise4
2018-05-18 10:27:02:916 Info: > normalise4
2018-05-18 10:27:02:994 Info: > normalise4
2018-05-18 10:27:03:073 Info: > normalise4
2018-05-18 10:27:03:151 Info: > normalise5
2018-05-18 10:27:03:229 Info: > normalise4
2018-05-18 10:27:03:323 Info: > normalise4
2018-05-18 10:27:03:401 Info: > normalise4
2018-05-18 10:27:03:479 Info: > normalise4
2018-05-18 10:27:03:557 Error: > ScannerFunctionality_NormalizationByTime: Index was outside the bounds of the array.
2018-05-18 10:27:03:557 Info: > normalise13
2018-05-18 10:27:03:635 Info: > normalise4
2018-05-18 10:27:03:713 Info: > normalise4
2018-05-18 10:27:03:791 Info: > normalise4
2018-05-18 10:27:03:869 Info: > normalise6
2018-05-18 10:27:03:948 Info: > normalise5
2018-05-18 10:27:04:026 Info: > normalise4
2018-05-18 10:27:04:104 Info: > normalise4
2018-05-18 10:27:04:198 Info: > normalise4
2018-05-18 10:27:04:276 Info: > normalise4
2018-05-18 10:27:04:354 Info: > normalise5
2018-05-18 10:27:04:432 Info: > normalise4
2018-05-18 10:27:04:510 Info: > normalise4
2018-05-18 10:27:04:588 Info: > normalise7
2018-05-18 10:27:04:666 Info: > normalise7
2018-05-18 10:27:04:744 Info: > normalise5
2018-05-18 10:27:04:823 Info: > normalise4
2018-05-18 10:27:04:901 Info: > normalise4
2018-05-18 10:27:04:994 Info: > normalise4
2018-05-18 10:27:05:073 Info: > normalise4
2018-05-18 10:27:05:151 Info: > normalise7
2018-05-18 10:27:05:229 Info: > normalise4
2018-05-18 10:27:05:307 Info: > normalise4
2018-05-18 10:27:05:385 Info: > normalise4
2018-05-18 10:27:05:463 Info: > normalise4
2018-05-18 10:27:05:541 Error: > ScannerFunctionality_NormalizationByTime: Index was outside the bounds of the array.
2018-05-18 10:27:05:541 Info: > normalise9
2018-05-18 10:27:05:619 Info: > normalise2
2018-05-18 10:27:05:698 Info: > normalise4
2018-05-18 10:27:05:776 Info: > normalise4
2018-05-18 10:27:05:869 Info: > normalise4
2018-05-18 10:27:05:948 Info: > normalise5
2018-05-18 10:27:06:026 Info: > normalise4
2018-05-18 10:27:06:104 Info: > normalise4
2018-05-18 10:27:06:182 Info: > normalise4
2018-05-18 10:27:06:260 Info: > normalise4
2018-05-18 10:27:06:354 Info: > normalise14
2018-05-18 10:27:06:416 Info: > normalise4
2018-05-18 10:27:06:494 Info: > normalise4
2018-05-18 10:27:06:573 Info: > normalise4
2018-05-18 10:27:06:666 Info: > normalise4
2018-05-18 10:27:06:744 Error: > ScannerFunctionality_NormalizationByTime: Index was outside the bounds of the array.
2018-05-18 10:27:06:744 Info: > normalise9
2018-05-18 10:27:06:823 Info: > normalise4
2018-05-18 10:27:06:901 Info: > normalise4
2018-05-18 10:27:06:979 Info: > normalise4
2018-05-18 10:27:07:057 Info: > normalise4
2018-05-18 10:27:07:135 Info: > normalise9
2018-05-18 10:27:07:213 Info: > normalise4
2018-05-18 10:27:07:291 Info: > normalise4
2018-05-18 10:27:07:369 Info: > normalise4
2018-05-18 10:27:07:448 Info: > normalise4
2018-05-18 10:27:07:541 Info: > normalise5
2018-05-18 10:27:07:619 Info: > normalise4
2018-05-18 10:27:07:698 Info: > normalise6
2018-05-18 10:27:07:776 Info: > normalise4
2018-05-18 10:27:07:854 Info: > normalise4
2018-05-18 10:27:07:932 Info: > normalise5
2018-05-18 10:27:08:010 Info: > normalise4
2018-05-18 10:27:08:088 Info: > normalise4
2018-05-18 10:27:08:166 Info: > normalise4
2018-05-18 10:27:08:244 Info: > normalise4
2018-05-18 10:27:08:338 Info: > normalise5
2018-05-18 10:27:08:416 Info: > normalise4
2018-05-18 10:27:08:494 Info: > normalise4
2018-05-18 10:27:08:573 Info: > normalise4
2018-05-18 10:27:08:651 Info: > normalise4
2018-05-18 10:27:08:729 Error: > ScannerFunctionality_NormalizationByTime: Index was outside the bounds of the array.
2018-05-18 10:27:08:729 Info: > normalise9
2018-05-18 10:27:08:807 Info: > normalise4
2018-05-18 10:27:08:885 Info: > normalise4
2018-05-18 10:27:08:963 Info: > normalise4
2018-05-18 10:27:09:041 Info: > normalise4
2018-05-18 10:27:09:135 Info: > normalise4
2018-05-18 10:27:09:213 Info: > normalise4
2018-05-18 10:27:09:291 Info: > normalise4
2018-05-18 10:27:09:369 Info: > normalise4
2018-05-18 10:27:09:448 Info: > normalise4
2018-05-18 10:27:09:526 Info: > normalise5
2018-05-18 10:27:09:604 Info: > normalise4
2018-05-18 10:27:09:682 Info: > normalise4
2018-05-18 10:27:09:760 Info: > normalise4
2018-05-18 10:27:09:838 Info: > normalise4
2018-05-18 10:27:09:932 Error: > ScannerFunctionality_NormalizationByTime: Index was outside the bounds of the array.
2018-05-18 10:27:09:932 Info: > normalise9
2018-05-18 10:27:10:010 Info: > normalise4
2018-05-18 10:27:10:088 Info: > normalise4
2018-05-18 10:27:10:166 Info: > normalise4
2018-05-18 10:27:10:245 Info: > normalise4
2018-05-18 10:27:10:323 Info: > normalise7
2018-05-18 10:27:10:401 Info: > normalise4
2018-05-18 10:27:10:479 Info: > normalise4
2018-05-18 10:27:10:573 Info: > normalise16
2018-05-18 10:27:10:651 Info: > normalise14
2018-05-18 10:27:10:744 Info: > normalise22
2018-05-18 10:27:10:807 Info: > normalise16
2018-05-18 10:27:10:885 Info: > normalise15
2018-05-18 10:27:10:963 Info: > normalise15
2018-05-18 10:27:11:041 Info: > normalise15
2018-05-18 10:27:11:135 Info: > normalise19
2018-05-18 10:27:11:213 Info: > normalise15
2018-05-18 10:27:11:291 Info: > normalise15
2018-05-18 10:27:11:369 Info: > normalise19
2018-05-18 10:27:11:448 Info: > normalise16
2018-05-18 10:27:11:526 Info: > normalise16
2018-05-18 10:27:11:604 Info: > normalise14
2018-05-18 10:27:11:682 Info: > normalise15
2018-05-18 10:27:11:760 Info: > normalise15
2018-05-18 10:27:11:838 Info: > normalise15
2018-05-18 10:27:11:932 Error: > ScannerFunctionality_NormalizationByTime: Index was outside the bounds of the array.
2018-05-18 10:27:11:932 Info: > normalise20
2018-05-18 10:27:12:010 Info: > normalise16
2018-05-18 10:27:12:088 Info: > normalise14
2018-05-18 10:27:12:166 Info: > normalise17
2018-05-18 10:27:12:244 Info: > normalise16
2018-05-18 10:27:12:323 Info: > normalise16
2018-05-18 10:27:12:401 Info: > normalise21
2018-05-18 10:27:12:479 Info: > normalise16
2018-05-18 10:27:12:557 Info: > normalise16
2018-05-18 10:27:12:635 Info: > normalise15
2018-05-18 10:27:12:729 Info: > normalise16
2018-05-18 10:27:12:807 Info: > normalise17
2018-05-18 10:27:12:885 Info: > normalise15
2018-05-18 10:27:12:963 Info: > normalise16
2018-05-18 10:27:13:041 Info: > normalise16
2018-05-18 10:27:13:120 Error: > ScannerFunctionality_NormalizationByTime: Index was outside the bounds of the array.
2018-05-18 10:27:13:120 Info: > normalise22
2018-05-18 10:27:13:198 Info: > normalise16
2018-05-18 10:27:13:276 Info: > normalise15
2018-05-18 10:27:13:354 Info: > normalise15
2018-05-18 10:27:13:448 Info: > normalise21
2018-05-18 10:27:13:526 Info: > normalise20
2018-05-18 10:27:13:604 Info: > normalise16
2018-05-18 10:27:13:682 Info: > normalise15
2018-05-18 10:27:13:760 Info: > normalise16
2018-05-18 10:27:13:838 Info: > normalise15
2018-05-18 10:27:13:916 Info: > normalise17
2018-05-18 10:27:13:995 Info: > normalise21
2018-05-18 10:27:14:073 Info: > normalise17
2018-05-18 10:27:14:151 Info: > normalise15
2018-05-18 10:27:14:229 Info: > normalise17
2018-05-18 10:27:14:323 Info: > normalise16
2018-05-18 10:27:14:401 Info: > normalise16
2018-05-18 10:27:14:479 Info: > normalise23
2018-05-18 10:27:14:557 Info: > normalise15
2018-05-18 10:27:14:635 Info: > normalise16
2018-05-18 10:27:14:713 Info: > normalise17
2018-05-18 10:27:14:791 Info: > normalise15
2018-05-18 10:27:14:869 Info: > normalise15
2018-05-18 10:27:14:948 Info: > normalise15
2018-05-18 10:27:15:026 Info: > normalise15
2018-05-18 10:27:15:119 Error: > ScannerFunctionality_NormalizationByTime: Index was outside the bounds of the array.
2018-05-18 10:27:15:119 Info: > normalise21
2018-05-18 10:27:15:182 Info: > normalise15
2018-05-18 10:27:15:276 Info: > normalise15
2018-05-18 10:27:15:354 Info: > normalise15
2018-05-18 10:27:15:432 Info: > normalise15
2018-05-18 10:27:15:526 Info: > normalise27
2018-05-18 10:27:15:588 Info: > normalise16
2018-05-18 10:27:15:666 Info: > normalise15
2018-05-18 10:27:15:744 Info: > normalise17
2018-05-18 10:27:15:823 Info: > normalise15
2018-05-18 10:27:15:901 Info: > normalise17
2018-05-18 10:27:15:994 Info: > normalise18
2018-05-18 10:27:16:073 Info: > normalise15
2018-05-18 10:27:16:151 Info: > normalise15
2018-05-18 10:27:16:229 Info: > normalise15
2018-05-18 10:27:16:307 Error: > ScannerFunctionality_NormalizationByTime: Index was outside the bounds of the array.
2018-05-18 10:27:16:307 Info: > normalise20
2018-05-18 10:27:16:385 Info: > normalise18
2018-05-18 10:27:16:463 Info: > normalise14
2018-05-18 10:27:16:541 Info: > normalise16
2018-05-18 10:27:16:620 Info: > normalise15
2018-05-18 10:27:16:698 Info: > normalise17
2018-05-18 10:27:16:776 Info: > normalise15
2018-05-18 10:27:16:854 Info: > normalise15
2018-05-18 10:27:16:948 Info: > normalise15
2018-05-18 10:27:17:026 Info: > normalise15
2018-05-18 10:27:17:104 Info: > normalise18
2018-05-18 10:27:17:182 Info: > normalise15
2018-05-18 10:27:17:260 Info: > normalise18
2018-05-18 10:27:17:338 Info: > normalise18
2018-05-18 10:27:17:416 Info: > normalise15
2018-05-18 10:27:17:510 Info: > normalise20
2018-05-18 10:27:17:573 Info: > normalise15
2018-05-18 10:27:17:651 Info: > normalise15
2018-05-18 10:27:17:745 Info: > normalise15
2018-05-18 10:27:17:823 Info: > normalise15
2018-05-18 10:27:17:901 Info: > normalise18
2018-05-18 10:27:17:979 Info: > normalise15
2018-05-18 10:27:18:057 Info: > normalise22
2018-05-18 10:27:18:135 Info: > normalise16
2018-05-18 10:27:18:213 Info: > normalise15
2018-05-18 10:27:18:291 Error: > ScannerFunctionality_NormalizationByTime: Index was outside the bounds of the array.
2018-05-18 10:27:18:291 Info: > normalise20
2018-05-18 10:27:18:369 Info: > normalise15
2018-05-18 10:27:18:448 Info: > normalise14
2018-05-18 10:27:18:526 Info: > normalise14
2018-05-18 10:27:18:620 Info: > normalise16
2018-05-18 10:27:18:698 Info: > normalise18
2018-05-18 10:27:18:776 Info: > normalise17
2018-05-18 10:27:18:854 Info: > normalise15
2018-05-18 10:27:18:932 Info: > normalise15
2018-05-18 10:27:19:010 Info: > normalise18
2018-05-18 10:27:19:104 Info: > normalise22
2018-05-18 10:27:19:166 Info: > normalise15
2018-05-18 10:27:19:245 Info: > normalise15
2018-05-18 10:27:19:323 Info: > normalise15
2018-05-18 10:27:19:401 Info: > normalise15
2018-05-18 10:27:19:495 Error: > ScannerFunctionality_NormalizationByTime: Index was outside the bounds of the array.
2018-05-18 10:27:19:495 Info: > normalise20
2018-05-18 10:27:19:573 Info: > normalise15
2018-05-18 10:27:19:651 Info: > normalise16
2018-05-18 10:27:19:729 Info: > normalise15
2018-05-18 10:27:19:807 Info: > normalise15
2018-05-18 10:27:19:885 Info: > normalise19
2018-05-18 10:27:19:963 Info: > normalise15
2018-05-18 10:27:20:041 Info: > normalise16
2018-05-18 10:27:20:135 Info: > normalise21
2018-05-18 10:27:20:198 Info: > normalise15
2018-05-18 10:27:20:291 Info: > normalise18
2018-05-18 10:27:20:370 Info: > normalise15
2018-05-18 10:27:20:448 Info: > normalise15
2018-05-18 10:27:20:526 Info: > normalise22
2018-05-18 10:27:20:604 Info: > normalise16
2018-05-18 10:27:20:682 Info: > normalise18
2018-05-18 10:27:20:760 Info: > normalise16
2018-05-18 10:27:20:838 Info: > normalise15
2018-05-18 10:27:20:916 Info: > normalise15
2018-05-18 10:27:20:995 Info: > normalise15
2018-05-18 10:27:21:088 Info: > normalise18
2018-05-18 10:27:21:166 Info: > normalise19
2018-05-18 10:27:21:245 Info: > normalise15
2018-05-18 10:27:21:323 Info: > normalise15
2018-05-18 10:27:21:401 Info: > normalise17
2018-05-18 10:27:21:479 Error: > ScannerFunctionality_NormalizationByTime: Index was outside the bounds of the array.
2018-05-18 10:27:21:479 Info: > normalise20
2018-05-18 10:27:21:557 Info: > normalise15
2018-05-18 10:27:21:635 Info: > normalise19
2018-05-18 10:27:21:713 Info: > normalise16
2018-05-18 10:27:21:791 Info: > normalise15
2018-05-18 10:27:21:885 Info: > normalise18
2018-05-18 10:27:21:963 Info: > normalise15
2018-05-18 10:27:22:041 Info: > normalise18
2018-05-18 10:27:22:120 Info: > normalise15
2018-05-18 10:27:22:198 Info: > normalise18
2018-05-18 10:27:22:276 Info: > normalise20
2018-05-18 10:27:22:354 Info: > normalise14
2018-05-18 10:27:22:432 Info: > normalise17
2018-05-18 10:27:22:510 Info: > normalise16
2018-05-18 10:27:22:588 Info: > normalise16
2018-05-18 10:27:22:682 Error: > ScannerFunctionality_NormalizationByTime: Index was outside the bounds of the array.
2018-05-18 10:27:22:698 Info: > normalise33
2018-05-18 10:27:22:760 Info: > normalise17
2018-05-18 10:27:22:838 Info: > normalise16
2018-05-18 10:27:22:916 Info: > normalise16
2018-05-18 10:27:22:995 Info: > normalise15
2018-05-18 10:27:23:073 Info: > normalise17
2018-05-18 10:27:23:151 Info: > normalise17
2018-05-18 10:27:23:229 Info: > normalise18
2018-05-18 10:27:23:307 Info: > normalise15
2018-05-18 10:27:23:401 Info: > normalise19
2018-05-18 10:27:23:479 Info: > normalise18
2018-05-18 10:27:23:541 Info: > normalise15
2018-05-18 10:27:23:635 Info: > normalise15
2018-05-18 10:27:23:713 Info: > normalise15
2018-05-18 10:27:23:791 Info: > normalise15
2018-05-18 10:27:23:870 Info: > normalise18
2018-05-18 10:27:23:948 Info: > normalise15
2018-05-18 10:27:24:026 Info: > normalise15
2018-05-18 10:27:24:104 Info: > normalise14
2018-05-18 10:27:24:182 Info: > normalise15
2018-05-18 10:27:24:276 Info: > normalise19
2018-05-18 10:27:24:338 Info: > normalise15
2018-05-18 10:27:24:432 Info: > normalise16
2018-05-18 10:27:24:510 Info: > normalise15
2018-05-18 10:27:24:588 Info: > normalise20
2018-05-18 10:27:24:666 Error: > ScannerFunctionality_NormalizationByTime: Index was outside the bounds of the array.
2018-05-18 10:27:24:666 Info: > normalise21
2018-05-18 10:27:24:745 Info: > normalise13
2018-05-18 10:27:24:823 Info: > normalise15
2018-05-18 10:27:24:901 Info: > normalise15
2018-05-18 10:27:24:979 Info: > normalise15
2018-05-18 10:27:25:073 Info: > normalise19
2018-05-18 10:27:25:135 Info: > normalise15
2018-05-18 10:27:25:213 Info: > normalise15
2018-05-18 10:27:25:307 Info: > normalise16
2018-05-18 10:27:25:385 Info: > normalise15
2018-05-18 10:27:25:463 Info: > normalise17
2018-05-18 10:27:25:541 Info: > normalise15
2018-05-18 10:27:25:620 Info: > normalise15
2018-05-18 10:27:25:698 Info: > normalise15
2018-05-18 10:27:25:776 Info: > normalise15
2018-05-18 10:27:25:870 Error: > ScannerFunctionality_NormalizationByTime: Index was outside the bounds of the array.
2018-05-18 10:27:25:870 Info: > normalise20
2018-05-18 10:27:25:932 Info: > normalise16
2018-05-18 10:27:26:010 Info: > normalise16
2018-05-18 10:27:26:104 Info: > normalise18
2018-05-18 10:27:26:182 Info: > normalise18
2018-05-18 10:27:26:260 Info: > normalise24
2018-05-18 10:27:26:338 Info: > normalise14
2018-05-18 10:27:26:416 Info: > normalise15
2018-05-18 10:27:26:495 Info: > normalise15
2018-05-18 10:27:26:573 Info: > normalise15
2018-05-18 10:27:26:651 Info: > normalise18
2018-05-18 10:27:26:729 Info: > normalise15
2018-05-18 10:27:26:807 Info: > normalise16
2018-05-18 10:27:26:885 Info: > normalise15
2018-05-18 10:27:26:979 Info: > normalise15
2018-05-18 10:27:27:057 Info: > normalise18
2018-05-18 10:27:27:135 Info: > normalise15
2018-05-18 10:27:27:213 Info: > normalise15
2018-05-18 10:27:27:291 Info: > normalise12
2018-05-18 10:27:27:370 Info: > normalise15
2018-05-18 10:27:27:448 Info: > normalise17
2018-05-18 10:27:27:526 Info: > normalise18
2018-05-18 10:27:27:604 Info: > normalise15
2018-05-18 10:27:27:682 Info: > normalise16
2018-05-18 10:27:27:776 Info: > normalise16
2018-05-18 10:27:27:854 Error: > ScannerFunctionality_NormalizationByTime: Index was outside the bounds of the array.
2018-05-18 10:27:27:854 Info: > normalise19
2018-05-18 10:27:27:932 Info: > normalise16
2018-05-18 10:27:28:010 Info: > normalise15
2018-05-18 10:27:28:088 Info: > normalise15
2018-05-18 10:27:28:166 Info: > normalise17
2018-05-18 10:27:28:245 Info: > normalise18
2018-05-18 10:27:28:338 Info: > normalise24
2018-05-18 10:27:28:401 Info: > normalise15
2018-05-18 10:27:28:479 Info: > normalise15
2018-05-18 10:27:28:573 Info: > normalise15
2018-05-18 10:27:28:651 Info: > normalise19
2018-05-18 10:27:28:729 Info: > normalise15
2018-05-18 10:27:28:807 Info: > normalise17
2018-05-18 10:27:28:885 Info: > normalise16
2018-05-18 10:27:28:963 Info: > normalise15
2018-05-18 10:27:29:041 Error: > ScannerFunctionality_NormalizationByTime: Index was outside the bounds of the array.
2018-05-18 10:27:29:041 Info: > normalise21
2018-05-18 10:27:29:120 Info: > normalise15
2018-05-18 10:27:29:198 Info: > normalise15
2018-05-18 10:27:29:276 Info: > normalise16
2018-05-18 10:27:29:370 Info: > normalise20
2018-05-18 10:27:29:448 Info: > normalise18
2018-05-18 10:27:29:526 Info: > normalise16
2018-05-18 10:27:29:604 Info: > normalise15
2018-05-18 10:27:29:682 Info: > normalise16
2018-05-18 10:27:29:760 Info: > normalise15
2018-05-18 10:27:29:838 Info: > normalise17
2018-05-18 10:27:29:916 Info: > normalise17
2018-05-18 10:27:29:995 Info: > normalise15
2018-05-18 10:27:30:088 Info: > normalise18
2018-05-18 10:27:30:151 Info: > normalise16
2018-05-18 10:27:30:245 Info: > normalise18
2018-05-18 10:27:30:323 Info: > normalise15
2018-05-18 10:27:30:401 Info: > normalise17
2018-05-18 10:27:30:479 Info: > normalise14
2018-05-18 10:27:30:557 Info: > normalise19
2018-05-18 10:27:30:635 Info: > normalise22
2018-05-18 10:27:30:713 Info: > normalise15
2018-05-18 10:27:30:791 Info: > normalise15
2018-05-18 10:27:30:870 Info: > normalise15
2018-05-18 10:27:30:948 Info: > normalise15
2018-05-18 10:27:31:041 Error: > ScannerFunctionality_NormalizationByTime: Index was outside the bounds of the array.
2018-05-18 10:27:31:041 Info: > normalise20
2018-05-18 10:27:31:120 Info: > normalise15
2018-05-18 10:27:31:198 Info: > normalise16
2018-05-18 10:27:31:276 Info: > normalise15
2018-05-18 10:27:31:354 Info: > normalise15
2018-05-18 10:27:31:432 Info: > normalise18
2018-05-18 10:27:31:510 Info: > normalise15
2018-05-18 10:27:31:588 Info: > normalise15
2018-05-18 10:27:31:666 Info: > normalise14
2018-05-18 10:27:31:745 Info: > normalise15
2018-05-18 10:27:31:838 Info: > normalise17
2018-05-18 10:27:31:901 Info: > normalise14
2018-05-18 10:27:31:995 Info: > normalise15
2018-05-18 10:27:32:073 Info: > normalise17
2018-05-18 10:27:32:151 Info: > normalise15
2018-05-18 10:27:32:229 Error: > ScannerFunctionality_NormalizationByTime: Index was outside the bounds of the array.
2018-05-18 10:27:32:229 Info: > normalise19
2018-05-18 10:27:32:307 Info: > normalise19
2018-05-18 10:27:32:385 Info: > normalise15
2018-05-18 10:27:32:463 Info: > normalise16
2018-05-18 10:27:32:541 Info: > normalise15
2018-05-18 10:27:32:635 Info: > normalise18
2018-05-18 10:27:32:698 Info: > normalise15
2018-05-18 10:27:32:791 Info: > normalise15
2018-05-18 10:27:32:870 Info: > normalise15
2018-05-18 10:27:32:948 Info: > normalise27
2018-05-18 10:27:33:026 Info: > normalise17
2018-05-18 10:27:33:104 Info: > normalise15
2018-05-18 10:27:33:182 Info: > normalise17
2018-05-18 10:27:33:260 Info: > normalise15
2018-05-18 10:27:33:338 Info: > normalise15
2018-05-18 10:27:33:432 Info: > normalise20
2018-05-18 10:27:33:495 Info: > normalise15
2018-05-18 10:27:33:588 Info: > normalise15
2018-05-18 10:27:33:666 Info: > normalise15
2018-05-18 10:27:33:745 Info: > normalise14
2018-05-18 10:27:33:823 Info: > normalise21
2018-05-18 10:27:33:901 Info: > normalise15
2018-05-18 10:27:33:979 Info: > normalise15
2018-05-18 10:27:34:057 Info: > normalise15
2018-05-18 10:27:34:135 Info: > normalise15
2018-05-18 10:27:34:229 Error: > ScannerFunctionality_NormalizationByTime: Index was outside the bounds of the array.
2018-05-18 10:27:34:229 Info: > normalise19
2018-05-18 10:27:34:291 Info: > normalise16
2018-05-18 10:27:34:370 Info: > normalise15
2018-05-18 10:27:34:463 Info: > normalise15
2018-05-18 10:27:34:541 Info: > normalise15
2018-05-18 10:27:34:620 Info: > normalise17
2018-05-18 10:27:34:698 Info: > normalise16
2018-05-18 10:27:34:776 Info: > normalise15
2018-05-18 10:27:34:854 Info: > normalise15
2018-05-18 10:27:34:932 Info: > normalise15
2018-05-18 10:27:35:010 Info: > normalise17
2018-05-18 10:27:35:088 Info: > normalise15
2018-05-18 10:27:35:182 Info: > normalise20
2018-05-18 10:27:35:260 Info: > normalise15
2018-05-18 10:27:35:338 Info: > normalise16
2018-05-18 10:27:35:416 Error: > ScannerFunctionality_NormalizationByTime: Index was outside the bounds of the array.
2018-05-18 10:27:35:416 Info: > normalise20
2018-05-18 10:27:35:495 Info: > normalise15
2018-05-18 10:27:35:573 Info: > normalise19
2018-05-18 10:27:35:651 Info: > normalise15
2018-05-18 10:27:35:729 Info: > normalise15
2018-05-18 10:27:35:807 Info: > normalise17
2018-05-18 10:27:35:885 Info: > normalise15
2018-05-18 10:27:35:963 Info: > normalise16
2018-05-18 10:27:36:041 Info: > normalise15
2018-05-18 10:27:36:135 Info: > normalise20
2018-05-18 10:27:36:213 Info: > normalise20
2018-05-18 10:27:36:291 Info: > normalise15
2018-05-18 10:27:36:370 Info: > normalise15
2018-05-18 10:27:36:448 Info: > normalise16
2018-05-18 10:27:36:526 Info: > normalise16
2018-05-18 10:27:36:604 Info: > normalise17
2018-05-18 10:27:36:682 Info: > normalise17
2018-05-18 10:27:36:760 Info: > normalise15
2018-05-18 10:27:36:838 Info: > normalise16
2018-05-18 10:27:36:932 Info: > normalise15
2018-05-18 10:27:37:010 Info: > normalise17
2018-05-18 10:27:37:088 Info: > normalise22
2018-05-18 10:27:37:166 Info: > normalise16
2018-05-18 10:27:37:245 Info: > normalise17
2018-05-18 10:27:37:323 Info: > normalise18
2018-05-18 10:27:37:401 Error: > ScannerFunctionality_NormalizationByTime: Index was outside the bounds of the array.
2018-05-18 10:27:37:401 Info: > normalise20
2018-05-18 10:27:37:479 Info: > normalise15
2018-05-18 10:27:37:557 Info: > normalise15
2018-05-18 10:27:37:635 Info: > normalise15
2018-05-18 10:27:37:713 Info: > normalise15
2018-05-18 10:27:37:807 Info: > normalise17
2018-05-18 10:27:37:885 Info: > normalise15
2018-05-18 10:27:37:963 Info: > normalise16
2018-05-18 10:27:38:041 Info: > normalise15
2018-05-18 10:27:38:120 Info: > normalise15
2018-05-18 10:27:38:198 Info: > normalise21
2018-05-18 10:27:38:291 Info: > normalise21
2018-05-18 10:27:38:354 Info: > normalise16
2018-05-18 10:27:38:432 Info: > normalise15
2018-05-18 10:27:38:526 Info: > normalise19
2018-05-18 10:27:38:604 Error: > ScannerFunctionality_NormalizationByTime: Index was outside the bounds of the array.
2018-05-18 10:27:38:604 Info: > normalise24
2018-05-18 10:27:38:682 Info: > normalise20
2018-05-18 10:27:38:760 Info: > normalise16
2018-05-18 10:27:38:838 Info: > normalise16
2018-05-18 10:27:38:916 Info: > normalise15
2018-05-18 10:27:38:995 Info: > normalise17
2018-05-18 10:27:39:073 Info: > normalise15
2018-05-18 10:27:39:151 Info: > normalise15
2018-05-18 10:27:39:229 Info: > normalise15
2018-05-18 10:27:39:307 Info: > normalise15
2018-05-18 10:27:39:401 Info: > normalise17
2018-05-18 10:27:39:479 Info: > normalise16
2018-05-18 10:27:39:557 Info: > normalise15
2018-05-18 10:27:39:635 Info: > normalise15
2018-05-18 10:27:39:713 Info: > normalise15
2018-05-18 10:27:39:792 Info: > normalise17
2018-05-18 10:27:39:870 Info: > normalise16
2018-05-18 10:27:39:948 Info: > normalise15
2018-05-18 10:27:40:026 Info: > normalise15
2018-05-18 10:27:40:104 Info: > normalise15
2018-05-18 10:27:40:198 Info: > normalise19
2018-05-18 10:27:40:276 Info: > normalise15
2018-05-18 10:27:40:354 Info: > normalise17
2018-05-18 10:27:40:432 Info: > normalise17
2018-05-18 10:27:40:510 Info: > normalise16
2018-05-18 10:27:40:588 Error: > ScannerFunctionality_NormalizationByTime: Index was outside the bounds of the array.
2018-05-18 10:27:40:588 Info: > normalise20
2018-05-18 10:27:40:667 Info: > normalise15
2018-05-18 10:27:40:745 Info: > normalise15
2018-05-18 10:27:40:823 Info: > normalise15
2018-05-18 10:27:40:901 Info: > normalise15
2018-05-18 10:27:40:995 Info: > normalise19
2018-05-18 10:27:41:073 Info: > normalise15
2018-05-18 10:27:41:151 Info: > normalise15
2018-05-18 10:27:41:229 Info: > normalise19
2018-05-18 10:27:41:307 Info: > normalise17
2018-05-18 10:27:41:385 Info: > normalise17
2018-05-18 10:27:41:463 Info: > normalise15
2018-05-18 10:27:41:542 Info: > normalise15
2018-05-18 10:27:41:620 Info: > normalise15
2018-05-18 10:27:41:698 Info: > normalise15
2018-05-18 10:27:41:791 Error: > ScannerFunctionality_NormalizationByTime: Index was outside the bounds of the array.
2018-05-18 10:27:41:791 Info: > normalise19
2018-05-18 10:27:41:854 Info: > normalise15
2018-05-18 10:27:41:948 Info: > normalise15
2018-05-18 10:27:42:026 Info: > normalise15
2018-05-18 10:27:42:104 Info: > normalise16
2018-05-18 10:27:42:182 Info: > normalise17
2018-05-18 10:27:42:260 Info: > normalise23
2018-05-18 10:27:42:338 Info: > normalise15
2018-05-18 10:27:42:416 Info: > normalise15
2018-05-18 10:27:42:495 Info: > normalise15
2018-05-18 10:27:42:573 Info: > normalise17
2018-05-18 10:27:42:651 Info: > normalise14
2018-05-18 10:27:42:745 Info: > normalise21
2018-05-18 10:27:42:823 Info: > normalise15
2018-05-18 10:27:42:901 Info: > normalise15
2018-05-18 10:27:42:979 Info: > normalise19
2018-05-18 10:27:43:057 Info: > normalise15
2018-05-18 10:27:43:135 Info: > normalise15
2018-05-18 10:27:43:213 Info: > normalise15
2018-05-18 10:27:43:307 Info: > normalise21
2018-05-18 10:27:43:370 Info: > normalise17
2018-05-18 10:27:43:463 Info: > normalise19
2018-05-18 10:27:43:541 Info: > normalise16
2018-05-18 10:27:43:620 Info: > normalise15
2018-05-18 10:27:43:698 Info: > normalise15
2018-05-18 10:27:43:776 Error: > ScannerFunctionality_NormalizationByTime: Index was outside the bounds of the array.
2018-05-18 10:27:43:776 Info: > normalise20
2018-05-18 10:27:43:854 Info: > normalise15
2018-05-18 10:27:43:932 Info: > normalise15
2018-05-18 10:27:44:010 Info: > normalise15
2018-05-18 10:27:44:088 Info: > normalise16
2018-05-18 10:27:44:166 Info: > normalise17
2018-05-18 10:27:44:260 Info: > normalise20
2018-05-18 10:27:44:338 Info: > normalise23
2018-05-18 10:27:44:401 Info: > normalise15
2018-05-18 10:27:44:495 Info: > normalise15
2018-05-18 10:27:44:573 Info: > normalise19
2018-05-18 10:27:44:651 Info: > normalise14
2018-05-18 10:27:44:729 Info: > normalise16
2018-05-18 10:27:44:807 Info: > normalise15
2018-05-18 10:27:44:885 Info: > normalise15
2018-05-18 10:27:44:979 Error: > ScannerFunctionality_NormalizationByTime: Index was outside the bounds of the array.
2018-05-18 10:27:44:979 Info: > normalise20
2018-05-18 10:27:45:042 Info: > normalise15
2018-05-18 10:27:45:120 Info: > normalise15
2018-05-18 10:27:45:198 Info: > normalise15
2018-05-18 10:27:45:292 Info: > normalise15
2018-05-18 10:27:45:370 Info: > normalise20
2018-05-18 10:27:45:448 Info: > normalise15
2018-05-18 10:27:45:526 Info: > normalise15
2018-05-18 10:27:45:604 Info: > normalise18
2018-05-18 10:27:45:682 Info: > normalise15
2018-05-18 10:27:45:760 Info: > normalise17
2018-05-18 10:27:45:838 Info: > normalise15
2018-05-18 10:27:45:917 Info: > normalise15
2018-05-18 10:27:45:995 Info: > normalise15
2018-05-18 10:27:46:088 Info: > normalise15
2018-05-18 10:27:46:167 Info: > normalise17
2018-05-18 10:27:46:245 Info: > normalise22
2018-05-18 10:27:46:323 Info: > normalise17
2018-05-18 10:27:46:401 Info: > normalise13
2018-05-18 10:27:46:479 Info: > normalise15
2018-05-18 10:27:46:557 Info: > normalise17
2018-05-18 10:27:46:635 Info: > normalise15
2018-05-18 10:27:46:713 Info: > normalise17
2018-05-18 10:27:46:792 Info: > normalise15
2018-05-18 10:27:46:870 Info: > normalise15
2018-05-18 10:27:46:963 Error: > ScannerFunctionality_NormalizationByTime: Index was outside the bounds of the array.
2018-05-18 10:27:46:963 Info: > normalise20
2018-05-18 10:27:47:042 Info: > normalise14
2018-05-18 10:27:47:120 Info: > normalise18
2018-05-18 10:27:47:198 Info: > normalise17
2018-05-18 10:27:47:276 Info: > normalise15
2018-05-18 10:27:47:354 Info: > normalise16
2018-05-18 10:27:47:432 Info: > normalise15
2018-05-18 10:27:47:510 Info: > normalise15
2018-05-18 10:27:47:588 Info: > normalise15
2018-05-18 10:27:47:667 Info: > normalise15
2018-05-18 10:27:47:760 Info: > normalise18
2018-05-18 10:27:47:838 Info: > normalise15
2018-05-18 10:27:47:917 Info: > normalise21
2018-05-18 10:27:47:995 Info: > normalise16
2018-05-18 10:27:48:073 Info: > normalise15
2018-05-18 10:27:48:151 Error: > ScannerFunctionality_NormalizationByTime: Index was outside the bounds of the array.
2018-05-18 10:27:48:151 Info: > normalise20
2018-05-18 10:27:48:229 Info: > normalise18
2018-05-18 10:27:48:307 Info: > normalise15
2018-05-18 10:27:48:401 Info: > normalise20
2018-05-18 10:27:48:479 Info: > normalise20
2018-05-18 10:27:48:557 Info: > normalise17
2018-05-18 10:27:48:635 Info: > normalise15
2018-05-18 10:27:48:713 Info: > normalise14
2018-05-18 10:27:48:791 Info: > normalise16
2018-05-18 10:27:48:870 Info: > normalise16
2018-05-18 10:27:48:948 Info: > normalise22
2018-05-18 10:27:49:026 Info: > normalise15
2018-05-18 10:27:49:104 Info: > normalise15
2018-05-18 10:27:49:182 Info: > normalise15
2018-05-18 10:27:49:260 Info: > normalise15
2018-05-18 10:27:49:354 Info: > normalise17
2018-05-18 10:27:49:417 Info: > normalise14
2018-05-18 10:27:49:510 Info: > normalise15
2018-05-18 10:27:49:588 Info: > normalise15
2018-05-18 10:27:49:667 Info: > normalise15
2018-05-18 10:27:49:745 Info: > normalise20
2018-05-18 10:27:49:823 Info: > normalise15
2018-05-18 10:27:49:901 Info: > normalise14
2018-05-18 10:27:49:995 Info: > normalise24
2018-05-18 10:27:50:057 Info: > normalise15
2018-05-18 10:27:50:151 Error: > ScannerFunctionality_NormalizationByTime: Index was outside the bounds of the array.
2018-05-18 10:27:50:151 Info: > normalise19
2018-05-18 10:27:50:229 Info: > normalise17
2018-05-18 10:27:50:307 Info: > normalise16
2018-05-18 10:27:50:385 Info: > normalise15
2018-05-18 10:27:50:463 Info: > normalise17
2018-05-18 10:27:50:542 Info: > normalise17
2018-05-18 10:27:50:620 Info: > normalise16
2018-05-18 10:27:50:698 Info: > normalise14
2018-05-18 10:27:50:776 Info: > normalise20
2018-05-18 10:27:50:854 Info: > normalise15
2018-05-18 10:27:50:932 Info: > normalise17
2018-05-18 10:27:51:026 Info: > normalise21
2018-05-18 10:27:51:104 Info: > normalise15
2018-05-18 10:27:51:182 Info: > normalise15
2018-05-18 10:27:51:260 Info: > normalise15
2018-05-18 10:27:51:338 Error: > ScannerFunctionality_NormalizationByTime: Index was outside the bounds of the array.
2018-05-18 10:27:51:338 Info: > normalise20
2018-05-18 10:27:51:417 Info: > normalise15
2018-05-18 10:27:51:495 Info: > normalise18
2018-05-18 10:27:51:573 Info: > normalise15
2018-05-18 10:27:51:651 Info: > normalise15
2018-05-18 10:27:51:745 Info: > normalise20
2018-05-18 10:27:51:807 Info: > normalise15
2018-05-18 10:27:51:885 Info: > normalise15
2018-05-18 10:27:51:979 Info: > normalise15
2018-05-18 10:27:52:057 Info: > normalise17
2018-05-18 10:27:52:135 Info: > normalise17
2018-05-18 10:27:52:213 Info: > normalise15
2018-05-18 10:27:52:292 Info: > normalise15
2018-05-18 10:27:52:370 Info: > normalise17
2018-05-18 10:27:52:448 Info: > normalise15
2018-05-18 10:27:52:526 Info: > normalise17
2018-05-18 10:27:52:604 Info: > normalise17
2018-05-18 10:27:52:698 Info: > normalise16
2018-05-18 10:27:52:776 Info: > normalise15
2018-05-18 10:27:52:854 Info: > normalise15
2018-05-18 10:27:52:932 Info: > normalise18
2018-05-18 10:27:53:010 Info: > normalise18
2018-05-18 10:27:53:088 Info: > normalise19
2018-05-18 10:27:53:167 Info: > normalise15
2018-05-18 10:27:53:245 Info: > normalise15
2018-05-18 10:27:53:338 Error: > ScannerFunctionality_NormalizationByTime: Index was outside the bounds of the array.
2018-05-18 10:27:53:338 Info: > normalise20
2018-05-18 10:27:53:401 Info: > normalise15
2018-05-18 10:27:53:479 Info: > normalise15
2018-05-18 10:27:53:573 Info: > normalise16
2018-05-18 10:27:53:651 Info: > normalise15
2018-05-18 10:27:53:729 Info: > normalise19
2018-05-18 10:27:53:807 Info: > normalise15
2018-05-18 10:27:53:885 Info: > normalise17
2018-05-18 10:27:53:963 Info: > normalise15
2018-05-18 10:27:54:042 Info: > normalise15
2018-05-18 10:27:54:120 Info: > normalise18
2018-05-18 10:27:54:198 Info: > normalise16
2018-05-18 10:27:54:292 Info: > normalise19
2018-05-18 10:27:54:354 Info: > normalise14
2018-05-18 10:27:54:448 Info: > normalise16
2018-05-18 10:27:54:526 Error: > ScannerFunctionality_NormalizationByTime: Index was outside the bounds of the array.
2018-05-18 10:27:54:526 Info: > normalise21
2018-05-18 10:27:54:604 Info: > normalise16
2018-05-18 10:27:54:682 Info: > normalise15
2018-05-18 10:27:54:760 Info: > normalise22
2018-05-18 10:27:54:838 Info: > normalise15
2018-05-18 10:27:54:917 Info: > normalise17
2018-05-18 10:27:54:995 Info: > normalise16
2018-05-18 10:27:55:073 Info: > normalise15
2018-05-18 10:27:55:151 Info: > normalise15
2018-05-18 10:27:55:229 Info: > normalise15
2018-05-18 10:27:55:323 Info: > normalise17
2018-05-18 10:27:55:401 Info: > normalise16
2018-05-18 10:27:55:479 Info: > normalise15
2018-05-18 10:27:55:557 Info: > normalise15
2018-05-18 10:27:55:635 Info: > normalise16
2018-05-18 10:27:55:713 Info: > normalise17
2018-05-18 10:27:55:792 Info: > normalise15
2018-05-18 10:27:55:870 Info: > normalise16
2018-05-18 10:27:55:948 Info: > normalise15
2018-05-18 10:27:56:026 Info: > normalise15
2018-05-18 10:27:56:120 Info: > normalise19
2018-05-18 10:27:56:198 Info: > normalise16
2018-05-18 10:27:56:276 Info: > normalise15
2018-05-18 10:27:56:354 Info: > normalise15
2018-05-18 10:27:56:432 Info: > normalise14
2018-05-18 10:27:56:526 Error: > ScannerFunctionality_NormalizationByTime: Index was outside the bounds of the array.
2018-05-18 10:27:56:526 Info: > normalise25
2018-05-18 10:27:56:588 Info: > normalise15
2018-05-18 10:27:56:667 Info: > normalise15
2018-05-18 10:27:56:745 Info: > normalise15
2018-05-18 10:27:56:823 Info: > normalise15
2018-05-18 10:27:56:917 Info: > normalise17
2018-05-18 10:27:56:995 Info: > normalise16
2018-05-18 10:27:57:073 Info: > normalise15
2018-05-18 10:27:57:151 Info: > normalise17
2018-05-18 10:27:57:229 Info: > normalise15
2018-05-18 10:27:57:307 Info: > normalise17
2018-05-18 10:27:57:385 Info: > normalise18
2018-05-18 10:27:57:463 Info: > normalise15
2018-05-18 10:27:57:542 Info: > normalise15
2018-05-18 10:27:57:620 Info: > normalise15
2018-05-18 10:27:57:713 Error: > ScannerFunctionality_NormalizationByTime: Index was outside the bounds of the array.
2018-05-18 10:27:57:713 Info: > normalise20
2018-05-18 10:27:57:792 Info: > normalise15
2018-05-18 10:27:57:870 Info: > normalise15
2018-05-18 10:27:57:948 Info: > normalise15
2018-05-18 10:27:58:026 Info: > normalise16
2018-05-18 10:27:58:104 Info: > normalise17
2018-05-18 10:27:58:182 Info: > normalise15
2018-05-18 10:27:58:260 Info: > normalise17
2018-05-18 10:27:58:338 Info: > normalise14
2018-05-18 10:27:58:417 Info: > normalise17
2018-05-18 10:27:58:510 Info: > normalise20
2018-05-18 10:27:58:588 Info: > normalise16
2018-05-18 10:27:58:667 Info: > normalise14
2018-05-18 10:27:58:745 Info: > normalise22
2018-05-18 10:27:58:823 Info: > normalise15
2018-05-18 10:27:58:901 Info: > normalise19
2018-05-18 10:27:58:979 Info: > normalise17
2018-05-18 10:27:59:057 Info: > normalise15
2018-05-18 10:27:59:135 Info: > normalise16
2018-05-18 10:27:59:213 Info: > normalise15
2018-05-18 10:27:59:292 Info: > normalise17
2018-05-18 10:27:59:370 Info: > normalise15
2018-05-18 10:27:59:463 Info: > normalise15
2018-05-18 10:27:59:542 Info: > normalise15
2018-05-18 10:27:59:620 Info: > normalise15
2018-05-18 10:27:59:698 Error: > ScannerFunctionality_NormalizationByTime: Index was outside the bounds of the array.
2018-05-18 10:27:59:698 Info: > normalise20
2018-05-18 10:27:59:776 Info: > normalise21
2018-05-18 10:27:59:854 Info: > normalise15
2018-05-18 10:27:59:932 Info: > normalise15
2018-05-18 10:28:00:010 Info: > normalise19
2018-05-18 10:28:00:088 Info: > normalise17
2018-05-18 10:28:00:167 Info: > normalise15
2018-05-18 10:28:00:260 Info: > normalise17
2018-05-18 10:28:00:338 Info: > normalise14
2018-05-18 10:28:00:417 Info: > normalise14
2018-05-18 10:28:00:495 Info: > normalise18
2018-05-18 10:28:00:573 Info: > normalise14
2018-05-18 10:28:00:651 Info: > normalise16
2018-05-18 10:28:00:729 Info: > normalise16
2018-05-18 10:28:00:823 Info: > normalise21
2018-05-18 10:28:00:901 Error: > ScannerFunctionality_NormalizationByTime: Index was outside the bounds of the array.
2018-05-18 10:28:00:901 Info: > normalise21
2018-05-18 10:28:00:963 Info: > normalise15
2018-05-18 10:28:01:042 Info: > normalise15
2018-05-18 10:28:01:135 Info: > normalise15
2018-05-18 10:28:01:213 Info: > normalise15
2018-05-18 10:28:01:292 Info: > normalise17
2018-05-18 10:28:01:370 Info: > normalise15
2018-05-18 10:28:01:448 Info: > normalise16
2018-05-18 10:28:01:526 Info: > normalise16
2018-05-18 10:28:01:604 Info: > normalise15
2018-05-18 10:28:01:682 Info: > normalise18
2018-05-18 10:28:01:760 Info: > normalise17
2018-05-18 10:28:01:854 Info: > normalise20
2018-05-18 10:28:01:917 Info: > normalise14
2018-05-18 10:28:02:010 Info: > normalise15
2018-05-18 10:28:02:088 Info: > normalise17
2018-05-18 10:28:02:167 Info: > normalise15
2018-05-18 10:28:02:245 Info: > normalise15
2018-05-18 10:28:02:323 Info: > normalise18
2018-05-18 10:28:02:401 Info: > normalise15
2018-05-18 10:28:02:479 Info: > normalise17
2018-05-18 10:28:02:557 Info: > normalise14
2018-05-18 10:28:02:635 Info: > normalise16
2018-05-18 10:28:02:729 Info: > normalise20
2018-05-18 10:28:02:807 Info: > normalise15
2018-05-18 10:28:02:885 Error: > ScannerFunctionality_NormalizationByTime: Index was outside the bounds of the array.
2018-05-18 10:28:02:885 Info: > normalise21
2018-05-18 10:28:02:963 Info: > normalise15
2018-05-18 10:28:03:042 Info: > normalise15
2018-05-18 10:28:03:120 Info: > normalise15
2018-05-18 10:28:03:198 Info: > normalise16
2018-05-18 10:28:03:276 Info: > normalise18
2018-05-18 10:28:03:354 Info: > normalise14
2018-05-18 10:28:03:432 Info: > normalise15
2018-05-18 10:28:03:526 Info: > normalise19
2018-05-18 10:28:03:604 Info: > normalise15
2018-05-18 10:28:03:682 Info: > normalise17
2018-05-18 10:28:03:760 Info: > normalise16
2018-05-18 10:28:03:838 Info: > normalise15
2018-05-18 10:28:03:917 Info: > normalise15
2018-05-18 10:28:03:995 Info: > normalise15
2018-05-18 10:28:04:073 Error: > ScannerFunctionality_NormalizationByTime: Index was outside the bounds of the array.
2018-05-18 10:28:04:073 Info: > normalise20
2018-05-18 10:28:04:151 Info: > normalise16
2018-05-18 10:28:04:229 Info: > normalise15
2018-05-18 10:28:04:307 Info: > normalise16
2018-05-18 10:28:04:385 Info: > normalise15
2018-05-18 10:28:04:479 Info: > normalise17
2018-05-18 10:28:04:557 Info: > normalise15
2018-05-18 10:28:04:635 Info: > normalise15
2018-05-18 10:28:04:713 Info: > normalise14
2018-05-18 10:28:04:792 Info: > normalise16
2018-05-18 10:28:04:870 Info: > normalise18
2018-05-18 10:28:04:948 Info: > normalise15
2018-05-18 10:28:05:026 Info: > normalise16
2018-05-18 10:28:05:104 Info: > normalise15
2018-05-18 10:28:05:182 Info: > normalise15
2018-05-18 10:28:05:276 Info: > normalise18
2018-05-18 10:28:05:354 Info: > normalise15
2018-05-18 10:28:05:432 Info: > normalise15
2018-05-18 10:28:05:510 Info: > normalise16
2018-05-18 10:28:05:588 Info: > normalise15
2018-05-18 10:28:05:667 Info: > normalise17
2018-05-18 10:28:05:745 Info: > normalise16
2018-05-18 10:28:05:823 Info: > normalise14
2018-05-18 10:28:05:901 Info: > normalise15
2018-05-18 10:28:05:979 Info: > normalise15
2018-05-18 10:28:06:073 Error: > ScannerFunctionality_NormalizationByTime: Index was outside the bounds of the array.
2018-05-18 10:28:06:073 Info: > normalise20
2018-05-18 10:28:06:151 Info: > normalise15
2018-05-18 10:28:06:229 Info: > normalise15
2018-05-18 10:28:06:307 Info: > normalise16
2018-05-18 10:28:06:385 Info: > normalise15
2018-05-18 10:28:06:463 Info: > normalise17
2018-05-18 10:28:06:542 Info: > normalise20
2018-05-18 10:28:06:620 Info: > normalise15
2018-05-18 10:28:06:698 Info: > normalise16
2018-05-18 10:28:06:776 Info: > normalise15
2018-05-18 10:28:06:870 Info: > normalise18
2018-05-18 10:28:06:948 Info: > normalise15
2018-05-18 10:28:07:026 Info: > normalise16
2018-05-18 10:28:07:104 Info: > normalise15
2018-05-18 10:28:07:182 Info: > normalise15
2018-05-18 10:28:07:260 Error: > ScannerFunctionality_NormalizationByTime: Index was outside the bounds of the array.
2018-05-18 10:28:07:260 Info: > normalise20
2018-05-18 10:28:07:338 Info: > normalise15
2018-05-18 10:28:07:417 Info: > normalise15
2018-05-18 10:28:07:510 Info: > normalise21
2018-05-18 10:28:07:573 Info: > normalise15
2018-05-18 10:28:07:667 Info: > normalise20
2018-05-18 10:28:07:729 Info: > normalise15
2018-05-18 10:28:07:823 Info: > normalise15
2018-05-18 10:28:07:901 Info: > normalise16
2018-05-18 10:28:07:979 Info: > normalise16
2018-05-18 10:28:08:057 Info: > normalise17
2018-05-18 10:28:08:135 Info: > normalise16
2018-05-18 10:28:08:213 Info: > normalise15
2018-05-18 10:28:08:292 Info: > normalise17
2018-05-18 10:28:08:385 Info: > normalise20
2018-05-18 10:28:08:463 Info: > normalise20
2018-05-18 10:28:08:542 Info: > normalise21
2018-05-18 10:28:08:620 Info: > normalise15
2018-05-18 10:28:08:698 Info: > normalise17
2018-05-18 10:28:08:776 Info: > normalise14
2018-05-18 10:28:08:854 Info: > normalise18
2018-05-18 10:28:08:932 Info: > normalise15
2018-05-18 10:28:09:010 Info: > normalise16
2018-05-18 10:28:09:088 Info: > normalise15
2018-05-18 10:28:09:167 Info: > normalise15
2018-05-18 10:28:09:260 Error: > ScannerFunctionality_NormalizationByTime: Index was outside the bounds of the array.
2018-05-18 10:28:09:260 Info: > normalise24
2018-05-18 10:28:09:323 Info: > normalise15
2018-05-18 10:28:09:401 Info: > normalise15
2018-05-18 10:28:09:495 Info: > normalise15
2018-05-18 10:28:09:573 Info: > normalise17
2018-05-18 10:28:09:651 Info: > normalise17
2018-05-18 10:28:09:729 Info: > normalise15
2018-05-18 10:28:09:807 Info: > normalise15
2018-05-18 10:28:09:885 Info: > normalise17
2018-05-18 10:28:09:963 Info: > normalise15
2018-05-18 10:28:10:057 Info: > normalise22
2018-05-18 10:28:10:135 Info: > normalise18
2018-05-18 10:28:10:198 Info: > normalise15
2018-05-18 10:28:10:292 Info: > normalise15
2018-05-18 10:28:10:370 Info: > normalise21
2018-05-18 10:28:10:448 Error: > ScannerFunctionality_NormalizationByTime: Index was outside the bounds of the array.
2018-05-18 10:28:10:448 Info: > normalise19
2018-05-18 10:28:10:526 Info: > normalise16
2018-05-18 10:28:10:604 Info: > normalise15
2018-05-18 10:28:10:682 Info: > normalise20
2018-05-18 10:28:10:760 Info: > normalise18
2018-05-18 10:28:10:854 Info: > normalise23
2018-05-18 10:28:10:917 Info: > normalise15
2018-05-18 10:28:11:010 Info: > normalise17
2018-05-18 10:28:11:088 Info: > normalise16
2018-05-18 10:28:11:167 Info: > normalise18
2018-05-18 10:28:11:245 Info: > normalise19
2018-05-18 10:28:11:323 Info: > normalise15
2018-05-18 10:28:11:401 Info: > normalise16
2018-05-18 10:28:11:479 Info: > normalise15
2018-05-18 10:28:11:557 Info: > normalise15
2018-05-18 10:28:11:635 Info: > normalise17
2018-05-18 10:28:11:713 Info: > normalise15
2018-05-18 10:28:11:792 Info: > normalise15
2018-05-18 10:28:11:870 Info: > normalise15
2018-05-18 10:28:11:963 Info: > normalise15
2018-05-18 10:28:12:042 Info: > normalise17
2018-05-18 10:28:12:120 Info: > normalise17
2018-05-18 10:28:12:198 Info: > normalise15
2018-05-18 10:28:12:276 Info: > normalise15
2018-05-18 10:28:12:354 Info: > normalise17
2018-05-18 10:28:12:432 Error: > ScannerFunctionality_NormalizationByTime: Index was outside the bounds of the array.
2018-05-18 10:28:12:432 Info: > normalise20
2018-05-18 10:28:12:510 Info: > normalise16
2018-05-18 10:28:12:588 Info: > normalise15
2018-05-18 10:28:12:667 Info: > normalise15
2018-05-18 10:28:12:760 Info: > normalise17
2018-05-18 10:28:12:838 Info: > normalise18
2018-05-18 10:28:12:917 Info: > normalise19
2018-05-18 10:28:12:995 Info: > normalise16
2018-05-18 10:28:13:073 Info: > normalise15
2018-05-18 10:28:13:151 Info: > normalise15
2018-05-18 10:28:13:229 Info: > normalise17
2018-05-18 10:28:13:307 Info: > normalise15
2018-05-18 10:28:13:385 Info: > normalise16
2018-05-18 10:28:13:464 Info: > normalise15
2018-05-18 10:28:13:542 Info: > normalise15
2018-05-18 10:28:13:635 Error: > ScannerFunctionality_NormalizationByTime: Index was outside the bounds of the array.
2018-05-18 10:28:13:635 Info: > normalise22
2018-05-18 10:28:13:713 Info: > normalise18
2018-05-18 10:28:13:792 Info: > normalise16
2018-05-18 10:28:13:870 Info: > normalise15
2018-05-18 10:28:13:948 Info: > normalise15
2018-05-18 10:28:14:026 Info: > normalise18
2018-05-18 10:28:14:104 Info: > normalise15
2018-05-18 10:28:14:182 Info: > normalise15
2018-05-18 10:28:14:260 Info: > normalise16
2018-05-18 10:28:14:339 Info: > normalise17
2018-05-18 10:28:14:432 Info: > normalise20
2018-05-18 10:28:14:510 Info: > normalise18
2018-05-18 10:28:14:588 Info: > normalise18
2018-05-18 10:28:14:667 Info: > normalise15
2018-05-18 10:28:14:745 Info: > normalise15
2018-05-18 10:28:14:823 Info: > normalise18
2018-05-18 10:28:14:901 Info: > normalise15
2018-05-18 10:28:14:979 Info: > normalise19
2018-05-18 10:28:15:057 Info: > normalise15
2018-05-18 10:28:15:135 Info: > normalise17
2018-05-18 10:28:15:229 Info: > normalise18
2018-05-18 10:28:15:307 Info: > normalise15
2018-05-18 10:28:15:385 Info: > normalise16
2018-05-18 10:28:15:464 Info: > normalise15
2018-05-18 10:28:15:542 Info: > normalise16
2018-05-18 10:28:15:620 Error: > ScannerFunctionality_NormalizationByTime: Index was outside the bounds of the array.
2018-05-18 10:28:15:620 Info: > normalise21
2018-05-18 10:28:15:698 Info: > normalise18
2018-05-18 10:28:15:776 Info: > normalise18
2018-05-18 10:28:15:854 Info: > normalise16
2018-05-18 10:28:15:932 Info: > normalise15
2018-05-18 10:28:16:026 Info: > normalise19
2018-05-18 10:28:16:088 Info: > normalise15
2018-05-18 10:28:16:182 Info: > normalise16
2018-05-18 10:28:16:260 Info: > normalise17
2018-05-18 10:28:16:338 Info: > normalise16
2018-05-18 10:28:16:417 Info: > normalise18
2018-05-18 10:28:16:495 Info: > normalise15
2018-05-18 10:28:16:573 Info: > normalise17
2018-05-18 10:28:16:651 Info: > normalise18
2018-05-18 10:28:16:729 Info: > normalise19
2018-05-18 10:28:16:823 Error: > ScannerFunctionality_NormalizationByTime: Index was outside the bounds of the array.
2018-05-18 10:28:16:823 Info: > normalise20
2018-05-18 10:28:16:901 Info: > normalise22
2018-05-18 10:28:16:979 Info: > normalise15
2018-05-18 10:28:17:057 Info: > normalise15
2018-05-18 10:28:17:135 Info: > normalise15
2018-05-18 10:28:17:214 Info: > normalise18
2018-05-18 10:28:17:292 Info: > normalise15
2018-05-18 10:28:17:370 Info: > normalise15
2018-05-18 10:28:17:448 Info: > normalise15
2018-05-18 10:28:17:526 Info: > normalise16
2018-05-18 10:28:17:604 Info: > normalise18
2018-05-18 10:28:17:682 Info: > normalise15
2018-05-18 10:28:17:776 Info: > normalise17
2018-05-18 10:28:17:854 Info: > normalise18
2018-05-18 10:28:17:932 Info: > normalise15
2018-05-18 10:28:18:010 Info: > normalise18
2018-05-18 10:28:18:089 Info: > normalise15
2018-05-18 10:28:18:167 Info: > normalise16
2018-05-18 10:28:18:245 Info: > normalise15
2018-05-18 10:28:18:323 Info: > normalise15
2018-05-18 10:28:18:417 Info: > normalise20
2018-05-18 10:28:18:479 Info: > normalise15
2018-05-18 10:28:18:557 Info: > normalise15
2018-05-18 10:28:18:651 Info: > normalise15
2018-05-18 10:28:18:729 Info: > normalise15
2018-05-18 10:28:18:807 Error: > ScannerFunctionality_NormalizationByTime: Index was outside the bounds of the array.
2018-05-18 10:28:18:807 Info: > normalise20
2018-05-18 10:28:18:885 Info: > normalise14
2018-05-18 10:28:18:964 Info: > normalise15
2018-05-18 10:28:19:042 Info: > normalise16
2018-05-18 10:28:19:120 Info: > normalise15
2018-05-18 10:28:19:198 Info: > normalise19
2018-05-18 10:28:19:276 Info: > normalise17
2018-05-18 10:28:19:354 Info: > normalise15
2018-05-18 10:28:19:432 Info: > normalise15
2018-05-18 10:28:19:526 Info: > normalise19
2018-05-18 10:28:19:604 Info: > normalise18
2018-05-18 10:28:19:682 Info: > normalise16
2018-05-18 10:28:19:760 Info: > normalise15
2018-05-18 10:28:19:838 Info: > normalise15
2018-05-18 10:28:19:932 Info: > normalise22
2018-05-18 10:28:19:995 Error: > ScannerFunctionality_NormalizationByTime: Index was outside the bounds of the array.
2018-05-18 10:28:19:995 Info: > normalise20
2018-05-18 10:28:20:073 Info: > normalise15
2018-05-18 10:28:20:151 Info: > normalise15
2018-05-18 10:28:20:229 Info: > normalise15
2018-05-18 10:28:20:323 Info: > normalise15
2018-05-18 10:28:20:401 Info: > normalise18
2018-05-18 10:28:20:479 Info: > normalise20
2018-05-18 10:28:20:557 Info: > normalise17
2018-05-18 10:28:20:635 Info: > normalise15
2018-05-18 10:28:20:714 Info: > normalise15
2018-05-18 10:28:20:792 Info: > normalise18
2018-05-18 10:28:20:870 Info: > normalise15
2018-05-18 10:28:20:964 Info: > normalise26
2018-05-18 10:28:21:026 Info: > normalise16
2018-05-18 10:28:21:104 Info: > normalise15
2018-05-18 10:28:21:198 Info: > normalise17
2018-05-18 10:28:21:276 Info: > normalise15
2018-05-18 10:28:21:354 Info: > normalise16
2018-05-18 10:28:21:432 Info: > normalise15
2018-05-18 10:28:21:510 Info: > normalise15
2018-05-18 10:28:21:589 Info: > normalise17
2018-05-18 10:28:21:667 Info: > normalise16
2018-05-18 10:28:21:745 Info: > normalise15
2018-05-18 10:28:21:823 Info: > normalise15
2018-05-18 10:28:21:901 Info: > normalise15
2018-05-18 10:28:21:995 Error: > ScannerFunctionality_NormalizationByTime: Index was outside the bounds of the array.
2018-05-18 10:28:21:995 Info: > normalise25
2018-05-18 10:28:22:073 Info: > normalise15
2018-05-18 10:28:22:151 Info: > normalise15
2018-05-18 10:28:22:229 Info: > normalise15
2018-05-18 10:28:22:307 Info: > normalise15
2018-05-18 10:28:22:385 Info: > normalise21
2018-05-18 10:28:22:464 Info: > normalise18
2018-05-18 10:28:22:542 Info: > normalise16
2018-05-18 10:28:22:620 Info: > normalise15
2018-05-18 10:28:22:698 Info: > normalise15
2018-05-18 10:28:22:792 Info: > normalise21
2018-05-18 10:28:22:870 Info: > normalise14
2018-05-18 10:28:22:948 Info: > normalise15
2018-05-18 10:28:23:026 Info: > normalise16
2018-05-18 10:28:23:104 Info: > normalise15
2018-05-18 10:28:23:182 Error: > ScannerFunctionality_NormalizationByTime: Index was outside the bounds of the array.
2018-05-18 10:28:23:182 Info: > normalise22
2018-05-18 10:28:23:260 Info: > normalise15
2018-05-18 10:28:23:339 Info: > normalise15
2018-05-18 10:28:23:417 Info: > normalise16
2018-05-18 10:28:23:495 Info: > normalise15
2018-05-18 10:28:23:589 Info: > normalise17
2018-05-18 10:28:23:667 Info: > normalise15
2018-05-18 10:28:23:745 Info: > normalise15
2018-05-18 10:28:23:823 Info: > normalise15
2018-05-18 10:28:23:901 Info: > normalise15
2018-05-18 10:28:23:979 Info: > normalise17
2018-05-18 10:28:24:057 Info: > normalise16
2018-05-18 10:28:24:135 Info: > normalise15
2018-05-18 10:28:24:214 Info: > normalise15
2018-05-18 10:28:24:292 Info: > normalise16
2018-05-18 10:28:24:385 Info: > normalise18
2018-05-18 10:28:24:464 Info: > normalise15
2018-05-18 10:28:24:542 Info: > normalise22
2018-05-18 10:28:24:620 Info: > normalise15
2018-05-18 10:28:24:698 Info: > normalise15
2018-05-18 10:28:24:776 Info: > normalise17
2018-05-18 10:28:24:854 Info: > normalise14
2018-05-18 10:28:24:932 Info: > normalise17
2018-05-18 10:28:25:010 Info: > normalise15
2018-05-18 10:28:25:089 Info: > normalise15
2018-05-18 10:28:25:182 Error: > ScannerFunctionality_NormalizationByTime: Index was outside the bounds of the array.
2018-05-18 10:28:25:182 Info: > normalise22
2018-05-18 10:28:25:245 Info: > normalise15
2018-05-18 10:28:25:339 Info: > normalise15
2018-05-18 10:28:25:417 Info: > normalise15
2018-05-18 10:28:25:495 Info: > normalise15
2018-05-18 10:28:25:573 Info: > normalise17
2018-05-18 10:28:25:651 Info: > normalise16
2018-05-18 10:28:25:729 Info: > normalise15
2018-05-18 10:28:25:807 Info: > normalise16
2018-05-18 10:28:25:885 Info: > normalise15
2018-05-18 10:28:25:964 Info: > normalise17
2018-05-18 10:28:26:057 Info: > normalise18
2018-05-18 10:28:26:135 Info: > normalise15
2018-05-18 10:28:26:214 Info: > normalise15
2018-05-18 10:28:26:292 Info: > normalise15
2018-05-18 10:28:26:370 Error: > ScannerFunctionality_NormalizationByTime: Index was outside the bounds of the array.
2018-05-18 10:28:26:370 Info: > normalise20
2018-05-18 10:28:26:448 Info: > normalise15
2018-05-18 10:28:26:526 Info: > normalise15
2018-05-18 10:28:26:604 Info: > normalise20
2018-05-18 10:28:26:682 Info: > normalise18
2018-05-18 10:28:26:760 Info: > normalise18
2018-05-18 10:28:26:839 Info: > normalise15
2018-05-18 10:28:26:932 Info: > normalise25
2018-05-18 10:28:27:010 Info: > normalise15
2018-05-18 10:28:27:089 Info: > normalise15
2018-05-18 10:28:27:167 Info: > normalise17
2018-05-18 10:28:27:245 Info: > normalise15
2018-05-18 10:28:27:323 Info: > normalise15
2018-05-18 10:28:27:401 Info: > normalise15
2018-05-18 10:28:27:479 Info: > normalise15
2018-05-18 10:28:27:557 Info: > normalise18
2018-05-18 10:28:27:635 Info: > normalise15
2018-05-18 10:28:27:714 Info: > normalise15
2018-05-18 10:28:27:807 Info: > normalise16
2018-05-18 10:28:27:885 Info: > normalise15
2018-05-18 10:28:27:964 Info: > normalise17
2018-05-18 10:28:28:042 Info: > normalise16
2018-05-18 10:28:28:120 Info: > normalise15
2018-05-18 10:28:28:198 Info: > normalise15
2018-05-18 10:28:28:276 Info: > normalise15
2018-05-18 10:28:28:354 Error: > ScannerFunctionality_NormalizationByTime: Index was outside the bounds of the array.
2018-05-18 10:28:28:354 Info: > normalise20
2018-05-18 10:28:28:432 Info: > normalise18
2018-05-18 10:28:28:526 Info: > normalise17
2018-05-18 10:28:28:589 Info: > normalise14
2018-05-18 10:28:28:682 Info: > normalise18
2018-05-18 10:28:28:760 Info: > normalise18
2018-05-18 10:28:28:839 Info: > normalise14
2018-05-18 10:28:28:917 Info: > normalise15
2018-05-18 10:28:28:995 Info: > normalise16
2018-05-18 10:28:29:073 Info: > normalise15
2018-05-18 10:28:29:151 Info: > normalise17
2018-05-18 10:28:29:229 Info: > normalise15
2018-05-18 10:28:29:307 Info: > normalise15
2018-05-18 10:28:29:385 Info: > normalise15
2018-05-18 10:28:29:464 Info: > normalise15
2018-05-18 10:28:29:557 Error: > ScannerFunctionality_NormalizationByTime: Index was outside the bounds of the array.
2018-05-18 10:28:29:557 Info: > normalise21
2018-05-18 10:28:29:635 Info: > normalise15
2018-05-18 10:28:29:714 Info: > normalise15
2018-05-18 10:28:29:792 Info: > normalise17
2018-05-18 10:28:29:870 Info: > normalise15
2018-05-18 10:28:29:948 Info: > normalise17
2018-05-18 10:28:30:026 Info: > normalise16
2018-05-18 10:28:30:104 Info: > normalise17
2018-05-18 10:28:30:182 Info: > normalise16
2018-05-18 10:28:30:260 Info: > normalise15
2018-05-18 10:28:30:354 Info: > normalise18
2018-05-18 10:28:30:432 Info: > normalise16
2018-05-18 10:28:30:510 Info: > normalise15
2018-05-18 10:28:30:589 Info: > normalise14
2018-05-18 10:28:30:667 Info: > normalise16
2018-05-18 10:28:30:745 Info: > normalise18
2018-05-18 10:28:30:823 Info: > normalise16
2018-05-18 10:28:30:917 Info: > normalise20
2018-05-18 10:28:30:979 Info: > normalise15
2018-05-18 10:28:31:057 Info: > normalise16
2018-05-18 10:28:31:151 Info: > normalise18
2018-05-18 10:28:31:229 Info: > normalise15
2018-05-18 10:28:31:307 Info: > normalise25
2018-05-18 10:28:31:385 Info: > normalise15
2018-05-18 10:28:31:464 Info: > normalise15
2018-05-18 10:28:31:542 Error: > ScannerFunctionality_NormalizationByTime: Index was outside the bounds of the array.
2018-05-18 10:28:31:542 Info: > normalise21
2018-05-18 10:28:31:620 Info: > normalise15
2018-05-18 10:28:31:698 Info: > normalise16
2018-05-18 10:28:31:776 Info: > normalise15
2018-05-18 10:28:31:854 Info: > normalise15
2018-05-18 10:28:31:948 Info: > normalise19
2018-05-18 10:28:32:026 Info: > normalise15
2018-05-18 10:28:32:104 Info: > normalise15
2018-05-18 10:28:32:182 Info: > normalise16
2018-05-18 10:28:32:260 Info: > normalise15
2018-05-18 10:28:32:339 Info: > normalise18
2018-05-18 10:28:32:417 Info: > normalise16
2018-05-18 10:28:32:495 Info: > normalise15
2018-05-18 10:28:32:573 Info: > normalise16
2018-05-18 10:28:32:651 Info: > normalise15
2018-05-18 10:28:32:745 Error: > ScannerFunctionality_NormalizationByTime: Index was outside the bounds of the array.
2018-05-18 10:28:32:745 Info: > normalise22
2018-05-18 10:28:32:823 Info: > normalise18
2018-05-18 10:28:32:901 Info: > normalise15
2018-05-18 10:28:32:979 Info: > normalise15
2018-05-18 10:28:33:057 Info: > normalise15
2018-05-18 10:28:33:135 Info: > normalise17
2018-05-18 10:28:33:214 Info: > normalise14
2018-05-18 10:28:33:292 Info: > normalise15
2018-05-18 10:28:33:385 Info: > normalise21
2018-05-18 10:28:33:448 Info: > normalise16
2018-05-18 10:28:33:542 Info: > normalise18
2018-05-18 10:28:33:604 Info: > normalise14
2018-05-18 10:28:33:698 Info: > normalise16
2018-05-18 10:28:33:776 Info: > normalise14
2018-05-18 10:28:33:854 Info: > normalise15
2018-05-18 10:28:33:932 Info: > normalise18
2018-05-18 10:28:34:010 Info: > normalise14
2018-05-18 10:28:34:089 Info: > normalise15
2018-05-18 10:28:34:167 Info: > normalise15
2018-05-18 10:28:34:245 Info: > normalise15
2018-05-18 10:28:34:339 Info: > normalise18
2018-05-18 10:28:34:417 Info: > normalise20
2018-05-18 10:28:34:495 Info: > normalise15
2018-05-18 10:28:34:573 Info: > normalise19
2018-05-18 10:28:34:651 Info: > normalise17
2018-05-18 10:28:34:729 Error: > ScannerFunctionality_NormalizationByTime: Index was outside the bounds of the array.
2018-05-18 10:28:34:729 Info: > normalise19
2018-05-18 10:28:34:807 Info: > normalise17
2018-05-18 10:28:34:885 Info: > normalise15
2018-05-18 10:28:34:964 Info: > normalise15
2018-05-18 10:28:35:042 Info: > normalise16
2018-05-18 10:28:35:120 Info: > normalise17
2018-05-18 10:28:35:198 Info: > normalise16
2018-05-18 10:28:35:292 Info: > normalise15
2018-05-18 10:28:35:370 Info: > normalise15
2018-05-18 10:28:35:448 Info: > normalise19
2018-05-18 10:28:35:526 Info: > normalise17
2018-05-18 10:28:35:604 Info: > normalise15
2018-05-18 10:28:35:682 Info: > normalise17
2018-05-18 10:28:35:760 Info: > normalise15
2018-05-18 10:28:35:839 Info: > normalise15
2018-05-18 10:28:35:932 Error: > ScannerFunctionality_NormalizationByTime: Index was outside the bounds of the array.
2018-05-18 10:28:35:932 Info: > normalise21
2018-05-18 10:28:35:995 Info: > normalise15
2018-05-18 10:28:36:073 Info: > normalise15
2018-05-18 10:28:36:167 Info: > normalise15
2018-05-18 10:28:36:245 Info: > normalise15
2018-05-18 10:28:36:323 Info: > normalise19
2018-05-18 10:28:36:401 Info: > normalise16
2018-05-18 10:28:36:479 Info: > normalise14
2018-05-18 10:28:36:557 Info: > normalise16
2018-05-18 10:28:36:635 Info: > normalise15
2018-05-18 10:28:36:714 Info: > normalise17
2018-05-18 10:28:36:792 Info: > normalise17
2018-05-18 10:28:36:870 Info: > normalise15
2018-05-18 10:28:36:948 Info: > normalise14
2018-05-18 10:28:37:042 Info: > normalise16
2018-05-18 10:28:37:120 Info: > normalise17
2018-05-18 10:28:37:198 Info: > normalise19
2018-05-18 10:28:37:276 Info: > normalise15
2018-05-18 10:28:37:354 Info: > normalise15
2018-05-18 10:28:37:432 Info: > normalise15
2018-05-18 10:28:37:522 Info: > normalise17
2018-05-18 10:28:37:602 Info: > normalise17
2018-05-18 10:28:37:673 Info: > normalise15
2018-05-18 10:28:37:760 Info: > normalise15
2018-05-18 10:39:48:760 Info: > Scanner: initialized.
2018-05-18 10:39:48:776 Info: > Scanner_ProcessReceive: started receiving data.
2018-05-18 10:39:48:885 Info: > normalise11
2018-05-18 10:39:48:917 Info: > normalise4
2018-05-18 10:39:48:995 Info: > normalise4
2018-05-18 10:39:49:073 Info: > normalise4
2018-05-18 10:39:49:151 Info: > normalise12
2018-05-18 10:39:49:229 Info: > normalise4
2018-05-18 10:39:49:307 Info: > normalise4
2018-05-18 10:39:49:385 Info: > normalise4
2018-05-18 10:39:49:464 Info: > normalise4
2018-05-18 10:39:49:557 Info: > normalise5
2018-05-18 10:39:49:635 Info: > normalise4
2018-05-18 10:39:49:714 Info: > normalise11
2018-05-18 10:39:49:792 Info: > normalise0
2018-05-18 10:39:49:870 Info: > normalise4
2018-05-18 10:39:49:948 Info: > normalise5
2018-05-18 10:39:50:026 Info: > normalise4
2018-05-18 10:39:50:104 Info: > normalise0
2018-05-18 10:39:50:182 Info: > normalise4
2018-05-18 10:39:50:260 Info: > normalise4
2018-05-18 10:39:50:354 Error: > ScannerFunctionality_NormalizationByTime: Index was outside the bounds of the array.
2018-05-18 10:39:50:354 Info: > normalise16
2018-05-18 10:39:50:432 Info: > normalise4
2018-05-18 10:39:50:512 Info: > normalise4
2018-05-18 10:39:50:592 Info: > normalise4
2018-05-18 10:39:50:670 Info: > normalise4
2018-05-18 10:39:50:749 Info: > normalise7
2018-05-18 10:39:50:827 Info: > normalise4
2018-05-18 10:39:50:905 Info: > normalise4
2018-05-18 10:39:50:983 Info: > normalise4
2018-05-18 10:39:51:069 Info: > normalise4
2018-05-18 10:39:51:150 Info: > normalise5
